mkdir: cannot create directory `/scratch/works/class': Permission denied
cp: target `/scratch/works/class/siesta_0426_225413/' is not a directory
cp: target `/scratch/works/class/siesta_0426_225413/' is not a directory
cp: cannot stat `/home/class/GB/160413_graphene_6X6_doping/N/22/N_doped_22_y/*.DM': No such file or directory
/PBS/mom_priv/jobs/99456.master.hpc.SC: line 74: cd: /scratch/works/class/siesta_0426_225413: No such file or directory
cp: cannot stat `/scratch/works/class/siesta_0426_225413/stdout.txt': No such file or directory
cp: cannot stat `/scratch/works/class/siesta_0426_225413/*.xyz': No such file or directory
cp: cannot stat `/scratch/works/class/siesta_0426_225413/*.EIG': No such file or directory
cp: cannot stat `/scratch/works/class/siesta_0426_225413/*.DM': No such file or directory
cp: cannot stat `/scratch/works/class/siesta_0426_225413/*.DOS': No such file or directory
cp: cannot stat `/scratch/works/class/siesta_0426_225413/*.PDOS': No such file or directory
cp: cannot stat `/scratch/works/class/siesta_0426_225413/*.LDOS': No such file or directory
cp: cannot stat `/scratch/works/class/siesta_0426_225413/*.XV': No such file or directory
cp: cannot stat `/scratch/works/class/siesta_0426_225413/*.RHO': No such file or directory
cp: cannot stat `/scratch/works/class/siesta_0426_225413/*.VH': No such file or directory
cp: cannot stat `/scratch/works/class/siesta_0426_225413/*.bands': No such file or directory
cp: cannot stat `/scratch/works/class/siesta_0426_225413/*.WFSX': No such file or directory
cp: cannot stat `/scratch/works/class/siesta_0426_225413/*.HSX': No such file or directory
cp: cannot stat `/scratch/works/class/siesta_0426_225413/*.TSHS': No such file or directory
cp: cannot stat `/scratch/works/class/siesta_0426_225413/*.AVTRANS': No such file or directory
cp: cannot stat `/scratch/works/class/siesta_0426_225413/*.ANI': No such file or directory
