mkdir: cannot create directory `/scratch/works/class': Permission denied
cp: target `/scratch/works/class/siesta_0422_091351/' is not a directory
cp: target `/scratch/works/class/siesta_0422_091351/' is not a directory
cp: cannot stat `/home/class/GB/160413_graphene_6X6_doping/N/25/N_doped_25_n/*.DM': No such file or directory
/PBS/mom_priv/jobs/98717.master.hpc.SC: line 74: cd: /scratch/works/class/siesta_0422_091351: No such file or directory
cp: cannot stat `/scratch/works/class/siesta_0422_091351/stdout.txt': No such file or directory
cp: cannot stat `/scratch/works/class/siesta_0422_091351/*.xyz': No such file or directory
cp: cannot stat `/scratch/works/class/siesta_0422_091351/*.EIG': No such file or directory
cp: cannot stat `/scratch/works/class/siesta_0422_091351/*.DM': No such file or directory
cp: cannot stat `/scratch/works/class/siesta_0422_091351/*.DOS': No such file or directory
cp: cannot stat `/scratch/works/class/siesta_0422_091351/*.PDOS': No such file or directory
cp: cannot stat `/scratch/works/class/siesta_0422_091351/*.LDOS': No such file or directory
cp: cannot stat `/scratch/works/class/siesta_0422_091351/*.XV': No such file or directory
cp: cannot stat `/scratch/works/class/siesta_0422_091351/*.RHO': No such file or directory
cp: cannot stat `/scratch/works/class/siesta_0422_091351/*.VH': No such file or directory
cp: cannot stat `/scratch/works/class/siesta_0422_091351/*.bands': No such file or directory
cp: cannot stat `/scratch/works/class/siesta_0422_091351/*.WFSX': No such file or directory
cp: cannot stat `/scratch/works/class/siesta_0422_091351/*.HSX': No such file or directory
cp: cannot stat `/scratch/works/class/siesta_0422_091351/*.TSHS': No such file or directory
cp: cannot stat `/scratch/works/class/siesta_0422_091351/*.AVTRANS': No such file or directory
cp: cannot stat `/scratch/works/class/siesta_0422_091351/*.ANI': No such file or directory
