mkdir: cannot create directory `/scratch/works/class': Permission denied
cp: target `/scratch/works/class/siesta_0420_112645/' is not a directory
cp: target `/scratch/works/class/siesta_0420_112645/' is not a directory
cp: cannot create regular file `/scratch/works/class/siesta_0420_112645/': No such file or directory
/PBS/mom_priv/jobs/98447.master.hpc.SC: line 74: cd: /scratch/works/class/siesta_0420_112645: No such file or directory
cp: cannot stat `/scratch/works/class/siesta_0420_112645/stdout.txt': No such file or directory
cp: cannot stat `/scratch/works/class/siesta_0420_112645/*.xyz': No such file or directory
cp: cannot stat `/scratch/works/class/siesta_0420_112645/*.EIG': No such file or directory
cp: cannot stat `/scratch/works/class/siesta_0420_112645/*.DM': No such file or directory
cp: cannot stat `/scratch/works/class/siesta_0420_112645/*.DOS': No such file or directory
cp: cannot stat `/scratch/works/class/siesta_0420_112645/*.PDOS': No such file or directory
cp: cannot stat `/scratch/works/class/siesta_0420_112645/*.LDOS': No such file or directory
cp: cannot stat `/scratch/works/class/siesta_0420_112645/*.XV': No such file or directory
cp: cannot stat `/scratch/works/class/siesta_0420_112645/*.RHO': No such file or directory
cp: cannot stat `/scratch/works/class/siesta_0420_112645/*.VH': No such file or directory
cp: cannot stat `/scratch/works/class/siesta_0420_112645/*.bands': No such file or directory
cp: cannot stat `/scratch/works/class/siesta_0420_112645/*.WFSX': No such file or directory
cp: cannot stat `/scratch/works/class/siesta_0420_112645/*.HSX': No such file or directory
cp: cannot stat `/scratch/works/class/siesta_0420_112645/*.TSHS': No such file or directory
cp: cannot stat `/scratch/works/class/siesta_0420_112645/*.AVTRANS': No such file or directory
cp: cannot stat `/scratch/works/class/siesta_0420_112645/*.ANI': No such file or directory
