mkdir: cannot create directory `/scratch/works/class': Permission denied
cp: target `/scratch/works/class/siesta_0429_131154/' is not a directory
cp: target `/scratch/works/class/siesta_0429_131154/' is not a directory
cp: cannot stat `/home/class/GB/160413_graphene_6X6_doping/N/21/N_doped_21_q/*.DM': No such file or directory
/PBS/mom_priv/jobs/99995.master.hpc.SC: line 74: cd: /scratch/works/class/siesta_0429_131154: No such file or directory
cp: cannot stat `/scratch/works/class/siesta_0429_131154/stdout.txt': No such file or directory
cp: cannot stat `/scratch/works/class/siesta_0429_131154/*.xyz': No such file or directory
cp: cannot stat `/scratch/works/class/siesta_0429_131154/*.EIG': No such file or directory
cp: cannot stat `/scratch/works/class/siesta_0429_131154/*.DM': No such file or directory
cp: cannot stat `/scratch/works/class/siesta_0429_131154/*.DOS': No such file or directory
cp: cannot stat `/scratch/works/class/siesta_0429_131154/*.PDOS': No such file or directory
cp: cannot stat `/scratch/works/class/siesta_0429_131154/*.LDOS': No such file or directory
cp: cannot stat `/scratch/works/class/siesta_0429_131154/*.XV': No such file or directory
cp: cannot stat `/scratch/works/class/siesta_0429_131154/*.RHO': No such file or directory
cp: cannot stat `/scratch/works/class/siesta_0429_131154/*.VH': No such file or directory
cp: cannot stat `/scratch/works/class/siesta_0429_131154/*.bands': No such file or directory
cp: cannot stat `/scratch/works/class/siesta_0429_131154/*.WFSX': No such file or directory
cp: cannot stat `/scratch/works/class/siesta_0429_131154/*.HSX': No such file or directory
cp: cannot stat `/scratch/works/class/siesta_0429_131154/*.TSHS': No such file or directory
cp: cannot stat `/scratch/works/class/siesta_0429_131154/*.AVTRANS': No such file or directory
cp: cannot stat `/scratch/works/class/siesta_0429_131154/*.ANI': No such file or directory
