mkdir: cannot create directory `/scratch/works/class': Permission denied
cp: target `/scratch/works/class/siesta_0419_131547/' is not a directory
cp: target `/scratch/works/class/siesta_0419_131547/' is not a directory
cp: cannot stat `/home/class/GB/160413_graphene_6X6_doping/B/B_doped_26_k/*.DM': No such file or directory
/PBS/mom_priv/jobs/98318.master.hpc.SC: line 74: cd: /scratch/works/class/siesta_0419_131547: No such file or directory
cp: cannot stat `/scratch/works/class/siesta_0419_131547/stdout.txt': No such file or directory
cp: cannot stat `/scratch/works/class/siesta_0419_131547/*.xyz': No such file or directory
cp: cannot stat `/scratch/works/class/siesta_0419_131547/*.EIG': No such file or directory
cp: cannot stat `/scratch/works/class/siesta_0419_131547/*.DM': No such file or directory
cp: cannot stat `/scratch/works/class/siesta_0419_131547/*.DOS': No such file or directory
cp: cannot stat `/scratch/works/class/siesta_0419_131547/*.PDOS': No such file or directory
cp: cannot stat `/scratch/works/class/siesta_0419_131547/*.LDOS': No such file or directory
cp: cannot stat `/scratch/works/class/siesta_0419_131547/*.XV': No such file or directory
cp: cannot stat `/scratch/works/class/siesta_0419_131547/*.RHO': No such file or directory
cp: cannot stat `/scratch/works/class/siesta_0419_131547/*.VH': No such file or directory
cp: cannot stat `/scratch/works/class/siesta_0419_131547/*.bands': No such file or directory
cp: cannot stat `/scratch/works/class/siesta_0419_131547/*.WFSX': No such file or directory
cp: cannot stat `/scratch/works/class/siesta_0419_131547/*.HSX': No such file or directory
cp: cannot stat `/scratch/works/class/siesta_0419_131547/*.TSHS': No such file or directory
cp: cannot stat `/scratch/works/class/siesta_0419_131547/*.AVTRANS': No such file or directory
cp: cannot stat `/scratch/works/class/siesta_0419_131547/*.ANI': No such file or directory
