mkdir: cannot create directory `/scratch/works/class': Permission denied
cp: target `/scratch/works/class/siesta_0420_190539/' is not a directory
cp: target `/scratch/works/class/siesta_0420_190539/' is not a directory
cp: cannot stat `/home/class/GB/160413_graphene_6X6_doping/B/B_doped_26_u/*.DM': No such file or directory
/PBS/mom_priv/jobs/98436.master.hpc.SC: line 74: cd: /scratch/works/class/siesta_0420_190539: No such file or directory
cp: cannot stat `/scratch/works/class/siesta_0420_190539/stdout.txt': No such file or directory
cp: cannot stat `/scratch/works/class/siesta_0420_190539/*.xyz': No such file or directory
cp: cannot stat `/scratch/works/class/siesta_0420_190539/*.EIG': No such file or directory
cp: cannot stat `/scratch/works/class/siesta_0420_190539/*.DM': No such file or directory
cp: cannot stat `/scratch/works/class/siesta_0420_190539/*.DOS': No such file or directory
cp: cannot stat `/scratch/works/class/siesta_0420_190539/*.PDOS': No such file or directory
cp: cannot stat `/scratch/works/class/siesta_0420_190539/*.LDOS': No such file or directory
cp: cannot stat `/scratch/works/class/siesta_0420_190539/*.XV': No such file or directory
cp: cannot stat `/scratch/works/class/siesta_0420_190539/*.RHO': No such file or directory
cp: cannot stat `/scratch/works/class/siesta_0420_190539/*.VH': No such file or directory
cp: cannot stat `/scratch/works/class/siesta_0420_190539/*.bands': No such file or directory
cp: cannot stat `/scratch/works/class/siesta_0420_190539/*.WFSX': No such file or directory
cp: cannot stat `/scratch/works/class/siesta_0420_190539/*.HSX': No such file or directory
cp: cannot stat `/scratch/works/class/siesta_0420_190539/*.TSHS': No such file or directory
cp: cannot stat `/scratch/works/class/siesta_0420_190539/*.AVTRANS': No such file or directory
cp: cannot stat `/scratch/works/class/siesta_0420_190539/*.ANI': No such file or directory
