mkdir: cannot create directory `/scratch/works/class': Permission denied
cp: target `/scratch/works/class/siesta_0424_151821/' is not a directory
cp: target `/scratch/works/class/siesta_0424_151821/' is not a directory
cp: cannot stat `/home/class/GB/160413_graphene_6X6_doping/B/23/B_doped_23_v/*.DM': No such file or directory
/PBS/mom_priv/jobs/99104.master.hpc.SC: line 74: cd: /scratch/works/class/siesta_0424_151821: No such file or directory
cp: cannot stat `/scratch/works/class/siesta_0424_151821/stdout.txt': No such file or directory
cp: cannot stat `/scratch/works/class/siesta_0424_151821/*.xyz': No such file or directory
cp: cannot stat `/scratch/works/class/siesta_0424_151821/*.EIG': No such file or directory
cp: cannot stat `/scratch/works/class/siesta_0424_151821/*.DM': No such file or directory
cp: cannot stat `/scratch/works/class/siesta_0424_151821/*.DOS': No such file or directory
cp: cannot stat `/scratch/works/class/siesta_0424_151821/*.PDOS': No such file or directory
cp: cannot stat `/scratch/works/class/siesta_0424_151821/*.LDOS': No such file or directory
cp: cannot stat `/scratch/works/class/siesta_0424_151821/*.XV': No such file or directory
cp: cannot stat `/scratch/works/class/siesta_0424_151821/*.RHO': No such file or directory
cp: cannot stat `/scratch/works/class/siesta_0424_151821/*.VH': No such file or directory
cp: cannot stat `/scratch/works/class/siesta_0424_151821/*.bands': No such file or directory
cp: cannot stat `/scratch/works/class/siesta_0424_151821/*.WFSX': No such file or directory
cp: cannot stat `/scratch/works/class/siesta_0424_151821/*.HSX': No such file or directory
cp: cannot stat `/scratch/works/class/siesta_0424_151821/*.TSHS': No such file or directory
cp: cannot stat `/scratch/works/class/siesta_0424_151821/*.AVTRANS': No such file or directory
cp: cannot stat `/scratch/works/class/siesta_0424_151821/*.ANI': No such file or directory
