mkdir: cannot create directory `/scratch/works/class': Permission denied
cp: target `/scratch/works/class/siesta_0430_204856/' is not a directory
cp: target `/scratch/works/class/siesta_0430_204856/' is not a directory
cp: cannot stat `/home/class/GB/160413_graphene_6X6_doping/B/17/B_doped_17_o/*.DM': No such file or directory
/PBS/mom_priv/jobs/100111.master.hpc.SC: line 74: cd: /scratch/works/class/siesta_0430_204856: No such file or directory
cp: cannot stat `/scratch/works/class/siesta_0430_204856/stdout.txt': No such file or directory
cp: cannot stat `/scratch/works/class/siesta_0430_204856/*.xyz': No such file or directory
cp: cannot stat `/scratch/works/class/siesta_0430_204856/*.EIG': No such file or directory
cp: cannot stat `/scratch/works/class/siesta_0430_204856/*.DM': No such file or directory
cp: cannot stat `/scratch/works/class/siesta_0430_204856/*.DOS': No such file or directory
cp: cannot stat `/scratch/works/class/siesta_0430_204856/*.PDOS': No such file or directory
cp: cannot stat `/scratch/works/class/siesta_0430_204856/*.LDOS': No such file or directory
cp: cannot stat `/scratch/works/class/siesta_0430_204856/*.XV': No such file or directory
cp: cannot stat `/scratch/works/class/siesta_0430_204856/*.RHO': No such file or directory
cp: cannot stat `/scratch/works/class/siesta_0430_204856/*.VH': No such file or directory
cp: cannot stat `/scratch/works/class/siesta_0430_204856/*.bands': No such file or directory
cp: cannot stat `/scratch/works/class/siesta_0430_204856/*.WFSX': No such file or directory
cp: cannot stat `/scratch/works/class/siesta_0430_204856/*.HSX': No such file or directory
cp: cannot stat `/scratch/works/class/siesta_0430_204856/*.TSHS': No such file or directory
cp: cannot stat `/scratch/works/class/siesta_0430_204856/*.AVTRANS': No such file or directory
cp: cannot stat `/scratch/works/class/siesta_0430_204856/*.ANI': No such file or directory
