mkdir: cannot create directory `/scratch/works/class': Permission denied
cp: target `/scratch/works/class/siesta_0420_190416/' is not a directory
cp: target `/scratch/works/class/siesta_0420_190416/' is not a directory
cp: cannot stat `/home/class/GB/160413_graphene_6X6_doping/N/N_doped_26_w/*.DM': No such file or directory
/PBS/mom_priv/jobs/98468.master.hpc.SC: line 74: cd: /scratch/works/class/siesta_0420_190416: No such file or directory
cp: cannot stat `/scratch/works/class/siesta_0420_190416/stdout.txt': No such file or directory
cp: cannot stat `/scratch/works/class/siesta_0420_190416/*.xyz': No such file or directory
cp: cannot stat `/scratch/works/class/siesta_0420_190416/*.EIG': No such file or directory
cp: cannot stat `/scratch/works/class/siesta_0420_190416/*.DM': No such file or directory
cp: cannot stat `/scratch/works/class/siesta_0420_190416/*.DOS': No such file or directory
cp: cannot stat `/scratch/works/class/siesta_0420_190416/*.PDOS': No such file or directory
cp: cannot stat `/scratch/works/class/siesta_0420_190416/*.LDOS': No such file or directory
cp: cannot stat `/scratch/works/class/siesta_0420_190416/*.XV': No such file or directory
cp: cannot stat `/scratch/works/class/siesta_0420_190416/*.RHO': No such file or directory
cp: cannot stat `/scratch/works/class/siesta_0420_190416/*.VH': No such file or directory
cp: cannot stat `/scratch/works/class/siesta_0420_190416/*.bands': No such file or directory
cp: cannot stat `/scratch/works/class/siesta_0420_190416/*.WFSX': No such file or directory
cp: cannot stat `/scratch/works/class/siesta_0420_190416/*.HSX': No such file or directory
cp: cannot stat `/scratch/works/class/siesta_0420_190416/*.TSHS': No such file or directory
cp: cannot stat `/scratch/works/class/siesta_0420_190416/*.AVTRANS': No such file or directory
cp: cannot stat `/scratch/works/class/siesta_0420_190416/*.ANI': No such file or directory
