mkdir: cannot create directory `/scratch/works/class': Permission denied
cp: target `/scratch/works/class/siesta_0502_110248/' is not a directory
cp: target `/scratch/works/class/siesta_0502_110248/' is not a directory
cp: cannot stat `/home/class/GB/160413_graphene_6X6_doping/N/16/N_doped_16_b/*.DM': No such file or directory
/PBS/mom_priv/jobs/100401.master.hpc.SC: line 74: cd: /scratch/works/class/siesta_0502_110248: No such file or directory
cp: cannot stat `/scratch/works/class/siesta_0502_110248/stdout.txt': No such file or directory
cp: cannot stat `/scratch/works/class/siesta_0502_110248/*.xyz': No such file or directory
cp: cannot stat `/scratch/works/class/siesta_0502_110248/*.EIG': No such file or directory
cp: cannot stat `/scratch/works/class/siesta_0502_110248/*.DM': No such file or directory
cp: cannot stat `/scratch/works/class/siesta_0502_110248/*.DOS': No such file or directory
cp: cannot stat `/scratch/works/class/siesta_0502_110248/*.PDOS': No such file or directory
cp: cannot stat `/scratch/works/class/siesta_0502_110248/*.LDOS': No such file or directory
cp: cannot stat `/scratch/works/class/siesta_0502_110248/*.XV': No such file or directory
cp: cannot stat `/scratch/works/class/siesta_0502_110248/*.RHO': No such file or directory
cp: cannot stat `/scratch/works/class/siesta_0502_110248/*.VH': No such file or directory
cp: cannot stat `/scratch/works/class/siesta_0502_110248/*.bands': No such file or directory
cp: cannot stat `/scratch/works/class/siesta_0502_110248/*.WFSX': No such file or directory
cp: cannot stat `/scratch/works/class/siesta_0502_110248/*.HSX': No such file or directory
cp: cannot stat `/scratch/works/class/siesta_0502_110248/*.TSHS': No such file or directory
cp: cannot stat `/scratch/works/class/siesta_0502_110248/*.AVTRANS': No such file or directory
cp: cannot stat `/scratch/works/class/siesta_0502_110248/*.ANI': No such file or directory
