mkdir: cannot create directory `/scratch/works/class': Permission denied
cp: target `/scratch/works/class/siesta_0424_115634/' is not a directory
cp: target `/scratch/works/class/siesta_0424_115634/' is not a directory
cp: cannot stat `/home/class/GB/160413_graphene_6X6_doping/B/23/B_doped_23_s/*.DM': No such file or directory
/PBS/mom_priv/jobs/99101.master.hpc.SC: line 74: cd: /scratch/works/class/siesta_0424_115634: No such file or directory
cp: cannot stat `/scratch/works/class/siesta_0424_115634/stdout.txt': No such file or directory
cp: cannot stat `/scratch/works/class/siesta_0424_115634/*.xyz': No such file or directory
cp: cannot stat `/scratch/works/class/siesta_0424_115634/*.EIG': No such file or directory
cp: cannot stat `/scratch/works/class/siesta_0424_115634/*.DM': No such file or directory
cp: cannot stat `/scratch/works/class/siesta_0424_115634/*.DOS': No such file or directory
cp: cannot stat `/scratch/works/class/siesta_0424_115634/*.PDOS': No such file or directory
cp: cannot stat `/scratch/works/class/siesta_0424_115634/*.LDOS': No such file or directory
cp: cannot stat `/scratch/works/class/siesta_0424_115634/*.XV': No such file or directory
cp: cannot stat `/scratch/works/class/siesta_0424_115634/*.RHO': No such file or directory
cp: cannot stat `/scratch/works/class/siesta_0424_115634/*.VH': No such file or directory
cp: cannot stat `/scratch/works/class/siesta_0424_115634/*.bands': No such file or directory
cp: cannot stat `/scratch/works/class/siesta_0424_115634/*.WFSX': No such file or directory
cp: cannot stat `/scratch/works/class/siesta_0424_115634/*.HSX': No such file or directory
cp: cannot stat `/scratch/works/class/siesta_0424_115634/*.TSHS': No such file or directory
cp: cannot stat `/scratch/works/class/siesta_0424_115634/*.AVTRANS': No such file or directory
cp: cannot stat `/scratch/works/class/siesta_0424_115634/*.ANI': No such file or directory
