mkdir: cannot create directory `/scratch/works/class': Permission denied
cp: target `/scratch/works/class/siesta_0428_113811/' is not a directory
cp: target `/scratch/works/class/siesta_0428_113811/' is not a directory
cp: cannot stat `/home/class/GB/160413_graphene_6X6_doping/N/20/N_doped_20_d/*.DM': No such file or directory
/PBS/mom_priv/jobs/99731.master.hpc.SC: line 74: cd: /scratch/works/class/siesta_0428_113811: No such file or directory
cp: cannot stat `/scratch/works/class/siesta_0428_113811/stdout.txt': No such file or directory
cp: cannot stat `/scratch/works/class/siesta_0428_113811/*.xyz': No such file or directory
cp: cannot stat `/scratch/works/class/siesta_0428_113811/*.EIG': No such file or directory
cp: cannot stat `/scratch/works/class/siesta_0428_113811/*.DM': No such file or directory
cp: cannot stat `/scratch/works/class/siesta_0428_113811/*.DOS': No such file or directory
cp: cannot stat `/scratch/works/class/siesta_0428_113811/*.PDOS': No such file or directory
cp: cannot stat `/scratch/works/class/siesta_0428_113811/*.LDOS': No such file or directory
cp: cannot stat `/scratch/works/class/siesta_0428_113811/*.XV': No such file or directory
cp: cannot stat `/scratch/works/class/siesta_0428_113811/*.RHO': No such file or directory
cp: cannot stat `/scratch/works/class/siesta_0428_113811/*.VH': No such file or directory
cp: cannot stat `/scratch/works/class/siesta_0428_113811/*.bands': No such file or directory
cp: cannot stat `/scratch/works/class/siesta_0428_113811/*.WFSX': No such file or directory
cp: cannot stat `/scratch/works/class/siesta_0428_113811/*.HSX': No such file or directory
cp: cannot stat `/scratch/works/class/siesta_0428_113811/*.TSHS': No such file or directory
cp: cannot stat `/scratch/works/class/siesta_0428_113811/*.AVTRANS': No such file or directory
cp: cannot stat `/scratch/works/class/siesta_0428_113811/*.ANI': No such file or directory
