mkdir: cannot create directory `/scratch/works/class': Permission denied
cp: target `/scratch/works/class/siesta_0420_002223/' is not a directory
cp: target `/scratch/works/class/siesta_0420_002223/' is not a directory
cp: cannot stat `/home/class/GB/160413_graphene_6X6_doping/N/N_doped_26_j/*.DM': No such file or directory
/PBS/mom_priv/jobs/98418.master.hpc.SC: line 74: cd: /scratch/works/class/siesta_0420_002223: No such file or directory
cp: cannot stat `/scratch/works/class/siesta_0420_002223/stdout.txt': No such file or directory
cp: cannot stat `/scratch/works/class/siesta_0420_002223/*.xyz': No such file or directory
cp: cannot stat `/scratch/works/class/siesta_0420_002223/*.EIG': No such file or directory
cp: cannot stat `/scratch/works/class/siesta_0420_002223/*.DM': No such file or directory
cp: cannot stat `/scratch/works/class/siesta_0420_002223/*.DOS': No such file or directory
cp: cannot stat `/scratch/works/class/siesta_0420_002223/*.PDOS': No such file or directory
cp: cannot stat `/scratch/works/class/siesta_0420_002223/*.LDOS': No such file or directory
cp: cannot stat `/scratch/works/class/siesta_0420_002223/*.XV': No such file or directory
cp: cannot stat `/scratch/works/class/siesta_0420_002223/*.RHO': No such file or directory
cp: cannot stat `/scratch/works/class/siesta_0420_002223/*.VH': No such file or directory
cp: cannot stat `/scratch/works/class/siesta_0420_002223/*.bands': No such file or directory
cp: cannot stat `/scratch/works/class/siesta_0420_002223/*.WFSX': No such file or directory
cp: cannot stat `/scratch/works/class/siesta_0420_002223/*.HSX': No such file or directory
cp: cannot stat `/scratch/works/class/siesta_0420_002223/*.TSHS': No such file or directory
cp: cannot stat `/scratch/works/class/siesta_0420_002223/*.AVTRANS': No such file or directory
cp: cannot stat `/scratch/works/class/siesta_0420_002223/*.ANI': No such file or directory
