mkdir: cannot create directory `/scratch/works/class': Permission denied
cp: target `/scratch/works/class/siesta_0428_115849/' is not a directory
cp: target `/scratch/works/class/siesta_0428_115849/' is not a directory
cp: cannot stat `/home/class/GB/160413_graphene_6X6_doping/N/20/N_doped_20_g/*.DM': No such file or directory
/PBS/mom_priv/jobs/99734.master.hpc.SC: line 74: cd: /scratch/works/class/siesta_0428_115849: No such file or directory
cp: cannot stat `/scratch/works/class/siesta_0428_115849/stdout.txt': No such file or directory
cp: cannot stat `/scratch/works/class/siesta_0428_115849/*.xyz': No such file or directory
cp: cannot stat `/scratch/works/class/siesta_0428_115849/*.EIG': No such file or directory
cp: cannot stat `/scratch/works/class/siesta_0428_115849/*.DM': No such file or directory
cp: cannot stat `/scratch/works/class/siesta_0428_115849/*.DOS': No such file or directory
cp: cannot stat `/scratch/works/class/siesta_0428_115849/*.PDOS': No such file or directory
cp: cannot stat `/scratch/works/class/siesta_0428_115849/*.LDOS': No such file or directory
cp: cannot stat `/scratch/works/class/siesta_0428_115849/*.XV': No such file or directory
cp: cannot stat `/scratch/works/class/siesta_0428_115849/*.RHO': No such file or directory
cp: cannot stat `/scratch/works/class/siesta_0428_115849/*.VH': No such file or directory
cp: cannot stat `/scratch/works/class/siesta_0428_115849/*.bands': No such file or directory
cp: cannot stat `/scratch/works/class/siesta_0428_115849/*.WFSX': No such file or directory
cp: cannot stat `/scratch/works/class/siesta_0428_115849/*.HSX': No such file or directory
cp: cannot stat `/scratch/works/class/siesta_0428_115849/*.TSHS': No such file or directory
cp: cannot stat `/scratch/works/class/siesta_0428_115849/*.AVTRANS': No such file or directory
cp: cannot stat `/scratch/works/class/siesta_0428_115849/*.ANI': No such file or directory
