cp: cannot stat `/home/jhiskard/151127_Graphene_doping_database/SIESTA/B/B_doped_09_315111111/*.psf': No such file or directory
cp: cannot stat `/home/jhiskard/151127_Graphene_doping_database/SIESTA/B/B_doped_09_315111111/*.DM': No such file or directory
FDF: Cannot open STRUCT.fdf                                                  
FDF: Cannot open BASIS.fdf                                                   
FDF: Cannot open STRUCT.fdf                                                  
FDF: Cannot open BASIS.fdf                                                   
FDF: Cannot open STRUCT.fdf                                                  
FDF: Cannot open BASIS.fdf                                                   
FDF: Cannot open STRUCT.fdf                                                  
FDF: Cannot open BASIS.fdf                                                   
FDF: Cannot open STRUCT.fdf                                                  
FDF: Cannot open BASIS.fdf                                                   
FDF: Cannot open STRUCT.fdf                                                  
FDF: Cannot open BASIS.fdf                                                   
FDF: Cannot open STRUCT.fdf                                                  
FDF: Cannot open BASIS.fdf                                                   
FDF: Cannot open STRUCT.fdf                                                  
FDF: Cannot open BASIS.fdf                                                   
FDF: Cannot open STRUCT.fdf                                                  
FDF: Cannot open BASIS.fdf                                                   
FDF: Cannot open STRUCT.fdf                                                  
FDF: Cannot open BASIS.fdf                                                   
FDF: Cannot open STRUCT.fdf                                                  
FDF: Cannot open BASIS.fdf                                                   
FDF: Cannot open STRUCT.fdf                                                  
FDF: Cannot open BASIS.fdf                                                   
FDF: Cannot open STRUCT.fdf                                                  
FDF: Cannot open BASIS.fdf                                                   
FDF: Cannot open STRUCT.fdf                                                  
FDF: Cannot open BASIS.fdf                                                   
FDF: Cannot open STRUCT.fdf                                                  
FDF: Cannot open BASIS.fdf                                                   
FDF: Cannot open STRUCT.fdf                                                  
FDF: Cannot open BASIS.fdf                                                   
FDF: Cannot open STRUCT.fdf                                                  
FDF: Cannot open BASIS.fdf                                                   
FDF: Cannot open STRUCT.fdf                                                  
FDF: Cannot open BASIS.fdf                                                   
FDF: Cannot open STRUCT.fdf                                                  
FDF: Cannot open BASIS.fdf                                                   
FDF: Cannot open STRUCT.fdf                                                  
FDF: Cannot open BASIS.fdf                                                   
FDF: Cannot open STRUCT.fdf                                                  
FDF: Cannot open BASIS.fdf                                                   
FDF: Cannot open STRUCT.fdf                                                  
FDF: Cannot open BASIS.fdf                                                   
FDF: Cannot open STRUCT.fdf                                                  
FDF: Cannot open BASIS.fdf                                                   
FDF: Cannot open STRUCT.fdf                                                  
FDF: Cannot open BASIS.fdf                                                   
FDF: Cannot open STRUCT.fdf                                                  
FDF: Cannot open BASIS.fdf                                                   
FDF: Cannot open STRUCT.fdf                                                  
FDF: Cannot open BASIS.fdf                                                   
FDF: Cannot open STRUCT.fdf                                                  
FDF: Cannot open BASIS.fdf                                                   
FDF: Cannot open STRUCT.fdf                                                  
FDF: Cannot open BASIS.fdf                                                   
No species found!!!
ERROR STOP from Node:    0
application called MPI_Abort(MPI_COMM_WORLD, 1) - process 0
cp: cannot stat `/scratch/works/jhiskard/siesta_0406_134546/*.xyz': No such file or directory
cp: cannot stat `/scratch/works/jhiskard/siesta_0406_134546/*.EIG': No such file or directory
cp: cannot stat `/scratch/works/jhiskard/siesta_0406_134546/*.DM': No such file or directory
cp: cannot stat `/scratch/works/jhiskard/siesta_0406_134546/*.DOS': No such file or directory
cp: cannot stat `/scratch/works/jhiskard/siesta_0406_134546/*.PDOS': No such file or directory
cp: cannot stat `/scratch/works/jhiskard/siesta_0406_134546/*.LDOS': No such file or directory
cp: cannot stat `/scratch/works/jhiskard/siesta_0406_134546/*.XV': No such file or directory
cp: cannot stat `/scratch/works/jhiskard/siesta_0406_134546/*.RHO': No such file or directory
cp: cannot stat `/scratch/works/jhiskard/siesta_0406_134546/*.VH': No such file or directory
cp: cannot stat `/scratch/works/jhiskard/siesta_0406_134546/*.bands': No such file or directory
cp: cannot stat `/scratch/works/jhiskard/siesta_0406_134546/*.WFSX': No such file or directory
cp: cannot stat `/scratch/works/jhiskard/siesta_0406_134546/*.HSX': No such file or directory
cp: cannot stat `/scratch/works/jhiskard/siesta_0406_134546/*.TSHS': No such file or directory
cp: cannot stat `/scratch/works/jhiskard/siesta_0406_134546/*.AVTRANS': No such file or directory
cp: cannot stat `/scratch/works/jhiskard/siesta_0406_134546/*.ANI': No such file or directory
