mkdir: cannot create directory `/scratch/works/class': Permission denied
cp: target `/scratch/works/class/siesta_0508_124619/' is not a directory
cp: target `/scratch/works/class/siesta_0508_124619/' is not a directory
cp: cannot stat `/home/class/GB/160413_graphene_6X6_doping/B/13/B_doped_13_c/*.DM': No such file or directory
/PBS/mom_priv/jobs/101120.master.hpc.SC: line 74: cd: /scratch/works/class/siesta_0508_124619: No such file or directory
cp: cannot stat `/scratch/works/class/siesta_0508_124619/stdout.txt': No such file or directory
cp: cannot stat `/scratch/works/class/siesta_0508_124619/*.xyz': No such file or directory
cp: cannot stat `/scratch/works/class/siesta_0508_124619/*.EIG': No such file or directory
cp: cannot stat `/scratch/works/class/siesta_0508_124619/*.DM': No such file or directory
cp: cannot stat `/scratch/works/class/siesta_0508_124619/*.DOS': No such file or directory
cp: cannot stat `/scratch/works/class/siesta_0508_124619/*.PDOS': No such file or directory
cp: cannot stat `/scratch/works/class/siesta_0508_124619/*.LDOS': No such file or directory
cp: cannot stat `/scratch/works/class/siesta_0508_124619/*.XV': No such file or directory
cp: cannot stat `/scratch/works/class/siesta_0508_124619/*.RHO': No such file or directory
cp: cannot stat `/scratch/works/class/siesta_0508_124619/*.VH': No such file or directory
cp: cannot stat `/scratch/works/class/siesta_0508_124619/*.bands': No such file or directory
cp: cannot stat `/scratch/works/class/siesta_0508_124619/*.WFSX': No such file or directory
cp: cannot stat `/scratch/works/class/siesta_0508_124619/*.HSX': No such file or directory
cp: cannot stat `/scratch/works/class/siesta_0508_124619/*.TSHS': No such file or directory
cp: cannot stat `/scratch/works/class/siesta_0508_124619/*.AVTRANS': No such file or directory
cp: cannot stat `/scratch/works/class/siesta_0508_124619/*.ANI': No such file or directory
