mkdir: cannot create directory `/scratch/works/class': Permission denied
cp: target `/scratch/works/class/siesta_0425_000650/' is not a directory
cp: target `/scratch/works/class/siesta_0425_000650/' is not a directory
cp: cannot stat `/home/class/GB/160413_graphene_6X6_doping/B/22/B_doped_22_b/*.DM': No such file or directory
/PBS/mom_priv/jobs/99123.master.hpc.SC: line 74: cd: /scratch/works/class/siesta_0425_000650: No such file or directory
cp: cannot stat `/scratch/works/class/siesta_0425_000650/stdout.txt': No such file or directory
cp: cannot stat `/scratch/works/class/siesta_0425_000650/*.xyz': No such file or directory
cp: cannot stat `/scratch/works/class/siesta_0425_000650/*.EIG': No such file or directory
cp: cannot stat `/scratch/works/class/siesta_0425_000650/*.DM': No such file or directory
cp: cannot stat `/scratch/works/class/siesta_0425_000650/*.DOS': No such file or directory
cp: cannot stat `/scratch/works/class/siesta_0425_000650/*.PDOS': No such file or directory
cp: cannot stat `/scratch/works/class/siesta_0425_000650/*.LDOS': No such file or directory
cp: cannot stat `/scratch/works/class/siesta_0425_000650/*.XV': No such file or directory
cp: cannot stat `/scratch/works/class/siesta_0425_000650/*.RHO': No such file or directory
cp: cannot stat `/scratch/works/class/siesta_0425_000650/*.VH': No such file or directory
cp: cannot stat `/scratch/works/class/siesta_0425_000650/*.bands': No such file or directory
cp: cannot stat `/scratch/works/class/siesta_0425_000650/*.WFSX': No such file or directory
cp: cannot stat `/scratch/works/class/siesta_0425_000650/*.HSX': No such file or directory
cp: cannot stat `/scratch/works/class/siesta_0425_000650/*.TSHS': No such file or directory
cp: cannot stat `/scratch/works/class/siesta_0425_000650/*.AVTRANS': No such file or directory
cp: cannot stat `/scratch/works/class/siesta_0425_000650/*.ANI': No such file or directory
