cp: cannot stat `/home/jhiskard/151127_Graphene_doping_database/SIESTA/B/B_doped_09_211141111/*.psf': No such file or directory
cp: cannot stat `/home/jhiskard/151127_Graphene_doping_database/SIESTA/B/B_doped_09_211141111/*.DM': No such file or directory
FDF: Cannot open STRUCT.fdf                                                  
FDF: Cannot open BASIS.fdf                                                   
FDF: Cannot open STRUCT.fdf                                                  
FDF: Cannot open BASIS.fdf                                                   
FDF: Cannot open STRUCT.fdf                                                  
FDF: Cannot open BASIS.fdf                                                   
FDF: Cannot open STRUCT.fdf                                                  
FDF: Cannot open BASIS.fdf                                                   
FDF: Cannot open STRUCT.fdf                                                  
FDF: Cannot open BASIS.fdf                                                   
FDF: Cannot open STRUCT.fdf                                                  
FDF: Cannot open BASIS.fdf                                                   
FDF: Cannot open STRUCT.fdf                                                  
FDF: Cannot open BASIS.fdf                                                   
FDF: Cannot open STRUCT.fdf                                                  
FDF: Cannot open BASIS.fdf                                                   
FDF: Cannot open STRUCT.fdf                                                  
FDF: Cannot open BASIS.fdf                                                   
FDF: Cannot open STRUCT.fdf                                                  
FDF: Cannot open BASIS.fdf                                                   
FDF: Cannot open STRUCT.fdf                                                  
FDF: Cannot open BASIS.fdf                                                   
FDF: Cannot open STRUCT.fdf                                                  
FDF: Cannot open BASIS.fdf                                                   
FDF: Cannot open STRUCT.fdf                                                  
FDF: Cannot open BASIS.fdf                                                   
FDF: Cannot open STRUCT.fdf                                                  
FDF: Cannot open BASIS.fdf                                                   
FDF: Cannot open STRUCT.fdf                                                  
FDF: Cannot open BASIS.fdf                                                   
FDF: Cannot open STRUCT.fdf                                                  
FDF: Cannot open BASIS.fdf                                                   
FDF: Cannot open STRUCT.fdf                                                  
FDF: Cannot open BASIS.fdf                                                   
FDF: Cannot open STRUCT.fdf                                                  
FDF: Cannot open BASIS.fdf                                                   
FDF: Cannot open STRUCT.fdf                                                  
FDF: Cannot open BASIS.fdf                                                   
FDF: Cannot open STRUCT.fdf                                                  
FDF: Cannot open BASIS.fdf                                                   
FDF: Cannot open STRUCT.fdf                                                  
FDF: Cannot open BASIS.fdf                                                   
FDF: Cannot open STRUCT.fdf                                                  
FDF: Cannot open BASIS.fdf                                                   
FDF: Cannot open STRUCT.fdf                                                  
FDF: Cannot open BASIS.fdf                                                   
FDF: Cannot open STRUCT.fdf                                                  
FDF: Cannot open BASIS.fdf                                                   
FDF: Cannot open STRUCT.fdf                                                  
FDF: Cannot open BASIS.fdf                                                   
FDF: Cannot open STRUCT.fdf                                                  
FDF: Cannot open BASIS.fdf                                                   
FDF: Cannot open STRUCT.fdf                                                  
FDF: Cannot open BASIS.fdf                                                   
FDF: Cannot open STRUCT.fdf                                                  
FDF: Cannot open BASIS.fdf                                                   
No species found!!!
ERROR STOP from Node:    0
application called MPI_Abort(MPI_COMM_WORLD, 1) - process 0
cp: cannot stat `/scratch/works/jhiskard/siesta_0406_142350/*.xyz': No such file or directory
cp: cannot stat `/scratch/works/jhiskard/siesta_0406_142350/*.EIG': No such file or directory
cp: cannot stat `/scratch/works/jhiskard/siesta_0406_142350/*.DM': No such file or directory
cp: cannot stat `/scratch/works/jhiskard/siesta_0406_142350/*.DOS': No such file or directory
cp: cannot stat `/scratch/works/jhiskard/siesta_0406_142350/*.PDOS': No such file or directory
cp: cannot stat `/scratch/works/jhiskard/siesta_0406_142350/*.LDOS': No such file or directory
cp: cannot stat `/scratch/works/jhiskard/siesta_0406_142350/*.XV': No such file or directory
cp: cannot stat `/scratch/works/jhiskard/siesta_0406_142350/*.RHO': No such file or directory
cp: cannot stat `/scratch/works/jhiskard/siesta_0406_142350/*.VH': No such file or directory
cp: cannot stat `/scratch/works/jhiskard/siesta_0406_142350/*.bands': No such file or directory
cp: cannot stat `/scratch/works/jhiskard/siesta_0406_142350/*.WFSX': No such file or directory
cp: cannot stat `/scratch/works/jhiskard/siesta_0406_142350/*.HSX': No such file or directory
cp: cannot stat `/scratch/works/jhiskard/siesta_0406_142350/*.TSHS': No such file or directory
cp: cannot stat `/scratch/works/jhiskard/siesta_0406_142350/*.AVTRANS': No such file or directory
cp: cannot stat `/scratch/works/jhiskard/siesta_0406_142350/*.ANI': No such file or directory
