mkdir: cannot create directory `/scratch/works/class': Permission denied
cp: target `/scratch/works/class/siesta_0423_171339/' is not a directory
cp: target `/scratch/works/class/siesta_0423_171339/' is not a directory
cp: cannot stat `/home/class/GB/160413_graphene_6X6_doping/N/24/N_doped_24_f/*.DM': No such file or directory
/PBS/mom_priv/jobs/99023.master.hpc.SC: line 74: cd: /scratch/works/class/siesta_0423_171339: No such file or directory
cp: cannot stat `/scratch/works/class/siesta_0423_171339/stdout.txt': No such file or directory
cp: cannot stat `/scratch/works/class/siesta_0423_171339/*.xyz': No such file or directory
cp: cannot stat `/scratch/works/class/siesta_0423_171339/*.EIG': No such file or directory
cp: cannot stat `/scratch/works/class/siesta_0423_171339/*.DM': No such file or directory
cp: cannot stat `/scratch/works/class/siesta_0423_171339/*.DOS': No such file or directory
cp: cannot stat `/scratch/works/class/siesta_0423_171339/*.PDOS': No such file or directory
cp: cannot stat `/scratch/works/class/siesta_0423_171339/*.LDOS': No such file or directory
cp: cannot stat `/scratch/works/class/siesta_0423_171339/*.XV': No such file or directory
cp: cannot stat `/scratch/works/class/siesta_0423_171339/*.RHO': No such file or directory
cp: cannot stat `/scratch/works/class/siesta_0423_171339/*.VH': No such file or directory
cp: cannot stat `/scratch/works/class/siesta_0423_171339/*.bands': No such file or directory
cp: cannot stat `/scratch/works/class/siesta_0423_171339/*.WFSX': No such file or directory
cp: cannot stat `/scratch/works/class/siesta_0423_171339/*.HSX': No such file or directory
cp: cannot stat `/scratch/works/class/siesta_0423_171339/*.TSHS': No such file or directory
cp: cannot stat `/scratch/works/class/siesta_0423_171339/*.AVTRANS': No such file or directory
cp: cannot stat `/scratch/works/class/siesta_0423_171339/*.ANI': No such file or directory
