mkdir: cannot create directory `/scratch/works/class': Permission denied
cp: target `/scratch/works/class/siesta_0501_155657/' is not a directory
cp: target `/scratch/works/class/siesta_0501_155657/' is not a directory
cp: cannot stat `/home/class/GB/160413_graphene_6X6_doping/N/17/N_doped_17_j/*.DM': No such file or directory
/PBS/mom_priv/jobs/100201.master.hpc.SC: line 74: cd: /scratch/works/class/siesta_0501_155657: No such file or directory
cp: cannot stat `/scratch/works/class/siesta_0501_155657/stdout.txt': No such file or directory
cp: cannot stat `/scratch/works/class/siesta_0501_155657/*.xyz': No such file or directory
cp: cannot stat `/scratch/works/class/siesta_0501_155657/*.EIG': No such file or directory
cp: cannot stat `/scratch/works/class/siesta_0501_155657/*.DM': No such file or directory
cp: cannot stat `/scratch/works/class/siesta_0501_155657/*.DOS': No such file or directory
cp: cannot stat `/scratch/works/class/siesta_0501_155657/*.PDOS': No such file or directory
cp: cannot stat `/scratch/works/class/siesta_0501_155657/*.LDOS': No such file or directory
cp: cannot stat `/scratch/works/class/siesta_0501_155657/*.XV': No such file or directory
cp: cannot stat `/scratch/works/class/siesta_0501_155657/*.RHO': No such file or directory
cp: cannot stat `/scratch/works/class/siesta_0501_155657/*.VH': No such file or directory
cp: cannot stat `/scratch/works/class/siesta_0501_155657/*.bands': No such file or directory
cp: cannot stat `/scratch/works/class/siesta_0501_155657/*.WFSX': No such file or directory
cp: cannot stat `/scratch/works/class/siesta_0501_155657/*.HSX': No such file or directory
cp: cannot stat `/scratch/works/class/siesta_0501_155657/*.TSHS': No such file or directory
cp: cannot stat `/scratch/works/class/siesta_0501_155657/*.AVTRANS': No such file or directory
cp: cannot stat `/scratch/works/class/siesta_0501_155657/*.ANI': No such file or directory
