mkdir: cannot create directory `/scratch/works/class': Permission denied
cp: target `/scratch/works/class/siesta_0421_001910/' is not a directory
cp: target `/scratch/works/class/siesta_0421_001910/' is not a directory
cp: cannot create regular file `/scratch/works/class/siesta_0421_001910/': No such file or directory
/PBS/mom_priv/jobs/98451.master.hpc.SC: line 74: cd: /scratch/works/class/siesta_0421_001910: No such file or directory
cp: cannot stat `/scratch/works/class/siesta_0421_001910/stdout.txt': No such file or directory
cp: cannot stat `/scratch/works/class/siesta_0421_001910/*.xyz': No such file or directory
cp: cannot stat `/scratch/works/class/siesta_0421_001910/*.EIG': No such file or directory
cp: cannot stat `/scratch/works/class/siesta_0421_001910/*.DM': No such file or directory
cp: cannot stat `/scratch/works/class/siesta_0421_001910/*.DOS': No such file or directory
cp: cannot stat `/scratch/works/class/siesta_0421_001910/*.PDOS': No such file or directory
cp: cannot stat `/scratch/works/class/siesta_0421_001910/*.LDOS': No such file or directory
cp: cannot stat `/scratch/works/class/siesta_0421_001910/*.XV': No such file or directory
cp: cannot stat `/scratch/works/class/siesta_0421_001910/*.RHO': No such file or directory
cp: cannot stat `/scratch/works/class/siesta_0421_001910/*.VH': No such file or directory
cp: cannot stat `/scratch/works/class/siesta_0421_001910/*.bands': No such file or directory
cp: cannot stat `/scratch/works/class/siesta_0421_001910/*.WFSX': No such file or directory
cp: cannot stat `/scratch/works/class/siesta_0421_001910/*.HSX': No such file or directory
cp: cannot stat `/scratch/works/class/siesta_0421_001910/*.TSHS': No such file or directory
cp: cannot stat `/scratch/works/class/siesta_0421_001910/*.AVTRANS': No such file or directory
cp: cannot stat `/scratch/works/class/siesta_0421_001910/*.ANI': No such file or directory
