mkdir: cannot create directory `/scratch/works/class': Permission denied
cp: target `/scratch/works/class/siesta_0426_015558/' is not a directory
cp: target `/scratch/works/class/siesta_0426_015558/' is not a directory
cp: cannot stat `/home/class/GB/160413_graphene_6X6_doping/N/23/N_doped_23_m/*.DM': No such file or directory
/PBS/mom_priv/jobs/99296.master.hpc.SC: line 74: cd: /scratch/works/class/siesta_0426_015558: No such file or directory
cp: cannot stat `/scratch/works/class/siesta_0426_015558/stdout.txt': No such file or directory
cp: cannot stat `/scratch/works/class/siesta_0426_015558/*.xyz': No such file or directory
cp: cannot stat `/scratch/works/class/siesta_0426_015558/*.EIG': No such file or directory
cp: cannot stat `/scratch/works/class/siesta_0426_015558/*.DM': No such file or directory
cp: cannot stat `/scratch/works/class/siesta_0426_015558/*.DOS': No such file or directory
cp: cannot stat `/scratch/works/class/siesta_0426_015558/*.PDOS': No such file or directory
cp: cannot stat `/scratch/works/class/siesta_0426_015558/*.LDOS': No such file or directory
cp: cannot stat `/scratch/works/class/siesta_0426_015558/*.XV': No such file or directory
cp: cannot stat `/scratch/works/class/siesta_0426_015558/*.RHO': No such file or directory
cp: cannot stat `/scratch/works/class/siesta_0426_015558/*.VH': No such file or directory
cp: cannot stat `/scratch/works/class/siesta_0426_015558/*.bands': No such file or directory
cp: cannot stat `/scratch/works/class/siesta_0426_015558/*.WFSX': No such file or directory
cp: cannot stat `/scratch/works/class/siesta_0426_015558/*.HSX': No such file or directory
cp: cannot stat `/scratch/works/class/siesta_0426_015558/*.TSHS': No such file or directory
cp: cannot stat `/scratch/works/class/siesta_0426_015558/*.AVTRANS': No such file or directory
cp: cannot stat `/scratch/works/class/siesta_0426_015558/*.ANI': No such file or directory
