mkdir: cannot create directory `/scratch/works/class': Permission denied
cp: target `/scratch/works/class/siesta_0429_172858/' is not a directory
cp: target `/scratch/works/class/siesta_0429_172858/' is not a directory
cp: cannot stat `/home/class/GB/160413_graphene_6X6_doping/N/17/N_doped_17_a/*.DM': No such file or directory
/PBS/mom_priv/jobs/100014.master.hpc.SC: line 74: cd: /scratch/works/class/siesta_0429_172858: No such file or directory
cp: cannot stat `/scratch/works/class/siesta_0429_172858/stdout.txt': No such file or directory
cp: cannot stat `/scratch/works/class/siesta_0429_172858/*.xyz': No such file or directory
cp: cannot stat `/scratch/works/class/siesta_0429_172858/*.EIG': No such file or directory
cp: cannot stat `/scratch/works/class/siesta_0429_172858/*.DM': No such file or directory
cp: cannot stat `/scratch/works/class/siesta_0429_172858/*.DOS': No such file or directory
cp: cannot stat `/scratch/works/class/siesta_0429_172858/*.PDOS': No such file or directory
cp: cannot stat `/scratch/works/class/siesta_0429_172858/*.LDOS': No such file or directory
cp: cannot stat `/scratch/works/class/siesta_0429_172858/*.XV': No such file or directory
cp: cannot stat `/scratch/works/class/siesta_0429_172858/*.RHO': No such file or directory
cp: cannot stat `/scratch/works/class/siesta_0429_172858/*.VH': No such file or directory
cp: cannot stat `/scratch/works/class/siesta_0429_172858/*.bands': No such file or directory
cp: cannot stat `/scratch/works/class/siesta_0429_172858/*.WFSX': No such file or directory
cp: cannot stat `/scratch/works/class/siesta_0429_172858/*.HSX': No such file or directory
cp: cannot stat `/scratch/works/class/siesta_0429_172858/*.TSHS': No such file or directory
cp: cannot stat `/scratch/works/class/siesta_0429_172858/*.AVTRANS': No such file or directory
cp: cannot stat `/scratch/works/class/siesta_0429_172858/*.ANI': No such file or directory
