mkdir: cannot create directory `/scratch/works/class': Permission denied
cp: target `/scratch/works/class/siesta_0426_214532/' is not a directory
cp: target `/scratch/works/class/siesta_0426_214532/' is not a directory
cp: cannot stat `/home/class/GB/160413_graphene_6X6_doping/N/22/N_doped_22_x/*.DM': No such file or directory
/PBS/mom_priv/jobs/99455.master.hpc.SC: line 74: cd: /scratch/works/class/siesta_0426_214532: No such file or directory
cp: cannot stat `/scratch/works/class/siesta_0426_214532/stdout.txt': No such file or directory
cp: cannot stat `/scratch/works/class/siesta_0426_214532/*.xyz': No such file or directory
cp: cannot stat `/scratch/works/class/siesta_0426_214532/*.EIG': No such file or directory
cp: cannot stat `/scratch/works/class/siesta_0426_214532/*.DM': No such file or directory
cp: cannot stat `/scratch/works/class/siesta_0426_214532/*.DOS': No such file or directory
cp: cannot stat `/scratch/works/class/siesta_0426_214532/*.PDOS': No such file or directory
cp: cannot stat `/scratch/works/class/siesta_0426_214532/*.LDOS': No such file or directory
cp: cannot stat `/scratch/works/class/siesta_0426_214532/*.XV': No such file or directory
cp: cannot stat `/scratch/works/class/siesta_0426_214532/*.RHO': No such file or directory
cp: cannot stat `/scratch/works/class/siesta_0426_214532/*.VH': No such file or directory
cp: cannot stat `/scratch/works/class/siesta_0426_214532/*.bands': No such file or directory
cp: cannot stat `/scratch/works/class/siesta_0426_214532/*.WFSX': No such file or directory
cp: cannot stat `/scratch/works/class/siesta_0426_214532/*.HSX': No such file or directory
cp: cannot stat `/scratch/works/class/siesta_0426_214532/*.TSHS': No such file or directory
cp: cannot stat `/scratch/works/class/siesta_0426_214532/*.AVTRANS': No such file or directory
cp: cannot stat `/scratch/works/class/siesta_0426_214532/*.ANI': No such file or directory
