mkdir: cannot create directory `/scratch/works/class': Permission denied
cp: target `/scratch/works/class/siesta_0426_102055/' is not a directory
cp: target `/scratch/works/class/siesta_0426_102055/' is not a directory
cp: cannot stat `/home/class/GB/160413_graphene_6X6_doping/N/23/N_doped_23_t/*.DM': No such file or directory
/PBS/mom_priv/jobs/99323.master.hpc.SC: line 74: cd: /scratch/works/class/siesta_0426_102055: No such file or directory
cp: cannot stat `/scratch/works/class/siesta_0426_102055/stdout.txt': No such file or directory
cp: cannot stat `/scratch/works/class/siesta_0426_102055/*.xyz': No such file or directory
cp: cannot stat `/scratch/works/class/siesta_0426_102055/*.EIG': No such file or directory
cp: cannot stat `/scratch/works/class/siesta_0426_102055/*.DM': No such file or directory
cp: cannot stat `/scratch/works/class/siesta_0426_102055/*.DOS': No such file or directory
cp: cannot stat `/scratch/works/class/siesta_0426_102055/*.PDOS': No such file or directory
cp: cannot stat `/scratch/works/class/siesta_0426_102055/*.LDOS': No such file or directory
cp: cannot stat `/scratch/works/class/siesta_0426_102055/*.XV': No such file or directory
cp: cannot stat `/scratch/works/class/siesta_0426_102055/*.RHO': No such file or directory
cp: cannot stat `/scratch/works/class/siesta_0426_102055/*.VH': No such file or directory
cp: cannot stat `/scratch/works/class/siesta_0426_102055/*.bands': No such file or directory
cp: cannot stat `/scratch/works/class/siesta_0426_102055/*.WFSX': No such file or directory
cp: cannot stat `/scratch/works/class/siesta_0426_102055/*.HSX': No such file or directory
cp: cannot stat `/scratch/works/class/siesta_0426_102055/*.TSHS': No such file or directory
cp: cannot stat `/scratch/works/class/siesta_0426_102055/*.AVTRANS': No such file or directory
cp: cannot stat `/scratch/works/class/siesta_0426_102055/*.ANI': No such file or directory
