mkdir: cannot create directory `/scratch/works/class': Permission denied
cp: target `/scratch/works/class/siesta_0427_211812/' is not a directory
cp: target `/scratch/works/class/siesta_0427_211812/' is not a directory
cp: cannot stat `/home/class/GB/160413_graphene_6X6_doping/B/21/B_doped_21_l/*.DM': No such file or directory
/PBS/mom_priv/jobs/99656.master.hpc.SC: line 74: cd: /scratch/works/class/siesta_0427_211812: No such file or directory
cp: cannot stat `/scratch/works/class/siesta_0427_211812/stdout.txt': No such file or directory
cp: cannot stat `/scratch/works/class/siesta_0427_211812/*.xyz': No such file or directory
cp: cannot stat `/scratch/works/class/siesta_0427_211812/*.EIG': No such file or directory
cp: cannot stat `/scratch/works/class/siesta_0427_211812/*.DM': No such file or directory
cp: cannot stat `/scratch/works/class/siesta_0427_211812/*.DOS': No such file or directory
cp: cannot stat `/scratch/works/class/siesta_0427_211812/*.PDOS': No such file or directory
cp: cannot stat `/scratch/works/class/siesta_0427_211812/*.LDOS': No such file or directory
cp: cannot stat `/scratch/works/class/siesta_0427_211812/*.XV': No such file or directory
cp: cannot stat `/scratch/works/class/siesta_0427_211812/*.RHO': No such file or directory
cp: cannot stat `/scratch/works/class/siesta_0427_211812/*.VH': No such file or directory
cp: cannot stat `/scratch/works/class/siesta_0427_211812/*.bands': No such file or directory
cp: cannot stat `/scratch/works/class/siesta_0427_211812/*.WFSX': No such file or directory
cp: cannot stat `/scratch/works/class/siesta_0427_211812/*.HSX': No such file or directory
cp: cannot stat `/scratch/works/class/siesta_0427_211812/*.TSHS': No such file or directory
cp: cannot stat `/scratch/works/class/siesta_0427_211812/*.AVTRANS': No such file or directory
cp: cannot stat `/scratch/works/class/siesta_0427_211812/*.ANI': No such file or directory
