mkdir: cannot create directory `/scratch/works/class': Permission denied
cp: target `/scratch/works/class/siesta_0423_223625/' is not a directory
cp: target `/scratch/works/class/siesta_0423_223625/' is not a directory
cp: cannot stat `/home/class/GB/160413_graphene_6X6_doping/N/24/N_doped_24_i/*.DM': No such file or directory
/PBS/mom_priv/jobs/99026.master.hpc.SC: line 74: cd: /scratch/works/class/siesta_0423_223625: No such file or directory
cp: cannot stat `/scratch/works/class/siesta_0423_223625/stdout.txt': No such file or directory
cp: cannot stat `/scratch/works/class/siesta_0423_223625/*.xyz': No such file or directory
cp: cannot stat `/scratch/works/class/siesta_0423_223625/*.EIG': No such file or directory
cp: cannot stat `/scratch/works/class/siesta_0423_223625/*.DM': No such file or directory
cp: cannot stat `/scratch/works/class/siesta_0423_223625/*.DOS': No such file or directory
cp: cannot stat `/scratch/works/class/siesta_0423_223625/*.PDOS': No such file or directory
cp: cannot stat `/scratch/works/class/siesta_0423_223625/*.LDOS': No such file or directory
cp: cannot stat `/scratch/works/class/siesta_0423_223625/*.XV': No such file or directory
cp: cannot stat `/scratch/works/class/siesta_0423_223625/*.RHO': No such file or directory
cp: cannot stat `/scratch/works/class/siesta_0423_223625/*.VH': No such file or directory
cp: cannot stat `/scratch/works/class/siesta_0423_223625/*.bands': No such file or directory
cp: cannot stat `/scratch/works/class/siesta_0423_223625/*.WFSX': No such file or directory
cp: cannot stat `/scratch/works/class/siesta_0423_223625/*.HSX': No such file or directory
cp: cannot stat `/scratch/works/class/siesta_0423_223625/*.TSHS': No such file or directory
cp: cannot stat `/scratch/works/class/siesta_0423_223625/*.AVTRANS': No such file or directory
cp: cannot stat `/scratch/works/class/siesta_0423_223625/*.ANI': No such file or directory
