mkdir: cannot create directory `/scratch/works/class': Permission denied
cp: target `/scratch/works/class/siesta_0425_043652/' is not a directory
cp: target `/scratch/works/class/siesta_0425_043652/' is not a directory
cp: cannot stat `/home/class/GB/160413_graphene_6X6_doping/B/22/B_doped_22_l/*.DM': No such file or directory
/PBS/mom_priv/jobs/99133.master.hpc.SC: line 74: cd: /scratch/works/class/siesta_0425_043652: No such file or directory
cp: cannot stat `/scratch/works/class/siesta_0425_043652/stdout.txt': No such file or directory
cp: cannot stat `/scratch/works/class/siesta_0425_043652/*.xyz': No such file or directory
cp: cannot stat `/scratch/works/class/siesta_0425_043652/*.EIG': No such file or directory
cp: cannot stat `/scratch/works/class/siesta_0425_043652/*.DM': No such file or directory
cp: cannot stat `/scratch/works/class/siesta_0425_043652/*.DOS': No such file or directory
cp: cannot stat `/scratch/works/class/siesta_0425_043652/*.PDOS': No such file or directory
cp: cannot stat `/scratch/works/class/siesta_0425_043652/*.LDOS': No such file or directory
cp: cannot stat `/scratch/works/class/siesta_0425_043652/*.XV': No such file or directory
cp: cannot stat `/scratch/works/class/siesta_0425_043652/*.RHO': No such file or directory
cp: cannot stat `/scratch/works/class/siesta_0425_043652/*.VH': No such file or directory
cp: cannot stat `/scratch/works/class/siesta_0425_043652/*.bands': No such file or directory
cp: cannot stat `/scratch/works/class/siesta_0425_043652/*.WFSX': No such file or directory
cp: cannot stat `/scratch/works/class/siesta_0425_043652/*.HSX': No such file or directory
cp: cannot stat `/scratch/works/class/siesta_0425_043652/*.TSHS': No such file or directory
cp: cannot stat `/scratch/works/class/siesta_0425_043652/*.AVTRANS': No such file or directory
cp: cannot stat `/scratch/works/class/siesta_0425_043652/*.ANI': No such file or directory
