mkdir: cannot create directory `/scratch/works/class': Permission denied
cp: target `/scratch/works/class/siesta_0422_113346/' is not a directory
cp: target `/scratch/works/class/siesta_0422_113346/' is not a directory
cp: cannot stat `/home/class/GB/160413_graphene_6X6_doping/N/25/N_doped_25_r/*.DM': No such file or directory
/PBS/mom_priv/jobs/98789.master.hpc.SC: line 74: cd: /scratch/works/class/siesta_0422_113346: No such file or directory
cp: cannot stat `/scratch/works/class/siesta_0422_113346/stdout.txt': No such file or directory
cp: cannot stat `/scratch/works/class/siesta_0422_113346/*.xyz': No such file or directory
cp: cannot stat `/scratch/works/class/siesta_0422_113346/*.EIG': No such file or directory
cp: cannot stat `/scratch/works/class/siesta_0422_113346/*.DM': No such file or directory
cp: cannot stat `/scratch/works/class/siesta_0422_113346/*.DOS': No such file or directory
cp: cannot stat `/scratch/works/class/siesta_0422_113346/*.PDOS': No such file or directory
cp: cannot stat `/scratch/works/class/siesta_0422_113346/*.LDOS': No such file or directory
cp: cannot stat `/scratch/works/class/siesta_0422_113346/*.XV': No such file or directory
cp: cannot stat `/scratch/works/class/siesta_0422_113346/*.RHO': No such file or directory
cp: cannot stat `/scratch/works/class/siesta_0422_113346/*.VH': No such file or directory
cp: cannot stat `/scratch/works/class/siesta_0422_113346/*.bands': No such file or directory
cp: cannot stat `/scratch/works/class/siesta_0422_113346/*.WFSX': No such file or directory
cp: cannot stat `/scratch/works/class/siesta_0422_113346/*.HSX': No such file or directory
cp: cannot stat `/scratch/works/class/siesta_0422_113346/*.TSHS': No such file or directory
cp: cannot stat `/scratch/works/class/siesta_0422_113346/*.AVTRANS': No such file or directory
cp: cannot stat `/scratch/works/class/siesta_0422_113346/*.ANI': No such file or directory
