mkdir: cannot create directory `/scratch/works/class': Permission denied
cp: target `/scratch/works/class/siesta_0422_200403/' is not a directory
cp: target `/scratch/works/class/siesta_0422_200403/' is not a directory
cp: cannot stat `/home/class/GB/160413_graphene_6X6_doping/B/24/B_doped_24_a/*.DM': No such file or directory
/PBS/mom_priv/jobs/98812.master.hpc.SC: line 74: cd: /scratch/works/class/siesta_0422_200403: No such file or directory
cp: cannot stat `/scratch/works/class/siesta_0422_200403/stdout.txt': No such file or directory
cp: cannot stat `/scratch/works/class/siesta_0422_200403/*.xyz': No such file or directory
cp: cannot stat `/scratch/works/class/siesta_0422_200403/*.EIG': No such file or directory
cp: cannot stat `/scratch/works/class/siesta_0422_200403/*.DM': No such file or directory
cp: cannot stat `/scratch/works/class/siesta_0422_200403/*.DOS': No such file or directory
cp: cannot stat `/scratch/works/class/siesta_0422_200403/*.PDOS': No such file or directory
cp: cannot stat `/scratch/works/class/siesta_0422_200403/*.LDOS': No such file or directory
cp: cannot stat `/scratch/works/class/siesta_0422_200403/*.XV': No such file or directory
cp: cannot stat `/scratch/works/class/siesta_0422_200403/*.RHO': No such file or directory
cp: cannot stat `/scratch/works/class/siesta_0422_200403/*.VH': No such file or directory
cp: cannot stat `/scratch/works/class/siesta_0422_200403/*.bands': No such file or directory
cp: cannot stat `/scratch/works/class/siesta_0422_200403/*.WFSX': No such file or directory
cp: cannot stat `/scratch/works/class/siesta_0422_200403/*.HSX': No such file or directory
cp: cannot stat `/scratch/works/class/siesta_0422_200403/*.TSHS': No such file or directory
cp: cannot stat `/scratch/works/class/siesta_0422_200403/*.AVTRANS': No such file or directory
cp: cannot stat `/scratch/works/class/siesta_0422_200403/*.ANI': No such file or directory
