mkdir: cannot create directory `/scratch/works/class': Permission denied
cp: target `/scratch/works/class/siesta_0429_202348/' is not a directory
cp: target `/scratch/works/class/siesta_0429_202348/' is not a directory
cp: cannot stat `/home/class/GB/160413_graphene_6X6_doping/B/19/B_doped_19_e/*.DM': No such file or directory
/PBS/mom_priv/jobs/100029.master.hpc.SC: line 74: cd: /scratch/works/class/siesta_0429_202348: No such file or directory
cp: cannot stat `/scratch/works/class/siesta_0429_202348/stdout.txt': No such file or directory
cp: cannot stat `/scratch/works/class/siesta_0429_202348/*.xyz': No such file or directory
cp: cannot stat `/scratch/works/class/siesta_0429_202348/*.EIG': No such file or directory
cp: cannot stat `/scratch/works/class/siesta_0429_202348/*.DM': No such file or directory
cp: cannot stat `/scratch/works/class/siesta_0429_202348/*.DOS': No such file or directory
cp: cannot stat `/scratch/works/class/siesta_0429_202348/*.PDOS': No such file or directory
cp: cannot stat `/scratch/works/class/siesta_0429_202348/*.LDOS': No such file or directory
cp: cannot stat `/scratch/works/class/siesta_0429_202348/*.XV': No such file or directory
cp: cannot stat `/scratch/works/class/siesta_0429_202348/*.RHO': No such file or directory
cp: cannot stat `/scratch/works/class/siesta_0429_202348/*.VH': No such file or directory
cp: cannot stat `/scratch/works/class/siesta_0429_202348/*.bands': No such file or directory
cp: cannot stat `/scratch/works/class/siesta_0429_202348/*.WFSX': No such file or directory
cp: cannot stat `/scratch/works/class/siesta_0429_202348/*.HSX': No such file or directory
cp: cannot stat `/scratch/works/class/siesta_0429_202348/*.TSHS': No such file or directory
cp: cannot stat `/scratch/works/class/siesta_0429_202348/*.AVTRANS': No such file or directory
cp: cannot stat `/scratch/works/class/siesta_0429_202348/*.ANI': No such file or directory
