mkdir: cannot create directory `/scratch/works/class': Permission denied
cp: target `/scratch/works/class/siesta_0422_200337/' is not a directory
cp: target `/scratch/works/class/siesta_0422_200337/' is not a directory
cp: cannot stat `/home/class/GB/160413_graphene_6X6_doping/B/24/B_doped_24_b/*.DM': No such file or directory
/PBS/mom_priv/jobs/98813.master.hpc.SC: line 74: cd: /scratch/works/class/siesta_0422_200337: No such file or directory
cp: cannot stat `/scratch/works/class/siesta_0422_200337/stdout.txt': No such file or directory
cp: cannot stat `/scratch/works/class/siesta_0422_200337/*.xyz': No such file or directory
cp: cannot stat `/scratch/works/class/siesta_0422_200337/*.EIG': No such file or directory
cp: cannot stat `/scratch/works/class/siesta_0422_200337/*.DM': No such file or directory
cp: cannot stat `/scratch/works/class/siesta_0422_200337/*.DOS': No such file or directory
cp: cannot stat `/scratch/works/class/siesta_0422_200337/*.PDOS': No such file or directory
cp: cannot stat `/scratch/works/class/siesta_0422_200337/*.LDOS': No such file or directory
cp: cannot stat `/scratch/works/class/siesta_0422_200337/*.XV': No such file or directory
cp: cannot stat `/scratch/works/class/siesta_0422_200337/*.RHO': No such file or directory
cp: cannot stat `/scratch/works/class/siesta_0422_200337/*.VH': No such file or directory
cp: cannot stat `/scratch/works/class/siesta_0422_200337/*.bands': No such file or directory
cp: cannot stat `/scratch/works/class/siesta_0422_200337/*.WFSX': No such file or directory
cp: cannot stat `/scratch/works/class/siesta_0422_200337/*.HSX': No such file or directory
cp: cannot stat `/scratch/works/class/siesta_0422_200337/*.TSHS': No such file or directory
cp: cannot stat `/scratch/works/class/siesta_0422_200337/*.AVTRANS': No such file or directory
cp: cannot stat `/scratch/works/class/siesta_0422_200337/*.ANI': No such file or directory
