mkdir: cannot create directory `/scratch/works/class': Permission denied
cp: target `/scratch/works/class/siesta_0421_005740/' is not a directory
cp: target `/scratch/works/class/siesta_0421_005740/' is not a directory
cp: cannot stat `/home/class/GB/160413_graphene_6X6_doping/B/25/B_doped_25_c/*.DM': No such file or directory
/PBS/mom_priv/jobs/98491.master.hpc.SC: line 74: cd: /scratch/works/class/siesta_0421_005740: No such file or directory
cp: cannot stat `/scratch/works/class/siesta_0421_005740/stdout.txt': No such file or directory
cp: cannot stat `/scratch/works/class/siesta_0421_005740/*.xyz': No such file or directory
cp: cannot stat `/scratch/works/class/siesta_0421_005740/*.EIG': No such file or directory
cp: cannot stat `/scratch/works/class/siesta_0421_005740/*.DM': No such file or directory
cp: cannot stat `/scratch/works/class/siesta_0421_005740/*.DOS': No such file or directory
cp: cannot stat `/scratch/works/class/siesta_0421_005740/*.PDOS': No such file or directory
cp: cannot stat `/scratch/works/class/siesta_0421_005740/*.LDOS': No such file or directory
cp: cannot stat `/scratch/works/class/siesta_0421_005740/*.XV': No such file or directory
cp: cannot stat `/scratch/works/class/siesta_0421_005740/*.RHO': No such file or directory
cp: cannot stat `/scratch/works/class/siesta_0421_005740/*.VH': No such file or directory
cp: cannot stat `/scratch/works/class/siesta_0421_005740/*.bands': No such file or directory
cp: cannot stat `/scratch/works/class/siesta_0421_005740/*.WFSX': No such file or directory
cp: cannot stat `/scratch/works/class/siesta_0421_005740/*.HSX': No such file or directory
cp: cannot stat `/scratch/works/class/siesta_0421_005740/*.TSHS': No such file or directory
cp: cannot stat `/scratch/works/class/siesta_0421_005740/*.AVTRANS': No such file or directory
cp: cannot stat `/scratch/works/class/siesta_0421_005740/*.ANI': No such file or directory
