mkdir: cannot create directory `/scratch/works/class': Permission denied
cp: target `/scratch/works/class/siesta_0504_132331/' is not a directory
cp: target `/scratch/works/class/siesta_0504_132331/' is not a directory
cp: cannot stat `/home/class/GB/160413_graphene_6X6_doping/N/07/N_doped_07_g/*.DM': No such file or directory
/PBS/mom_priv/jobs/100806.master.hpc.SC: line 74: cd: /scratch/works/class/siesta_0504_132331: No such file or directory
cp: cannot stat `/scratch/works/class/siesta_0504_132331/stdout.txt': No such file or directory
cp: cannot stat `/scratch/works/class/siesta_0504_132331/*.xyz': No such file or directory
cp: cannot stat `/scratch/works/class/siesta_0504_132331/*.EIG': No such file or directory
cp: cannot stat `/scratch/works/class/siesta_0504_132331/*.DM': No such file or directory
cp: cannot stat `/scratch/works/class/siesta_0504_132331/*.DOS': No such file or directory
cp: cannot stat `/scratch/works/class/siesta_0504_132331/*.PDOS': No such file or directory
cp: cannot stat `/scratch/works/class/siesta_0504_132331/*.LDOS': No such file or directory
cp: cannot stat `/scratch/works/class/siesta_0504_132331/*.XV': No such file or directory
cp: cannot stat `/scratch/works/class/siesta_0504_132331/*.RHO': No such file or directory
cp: cannot stat `/scratch/works/class/siesta_0504_132331/*.VH': No such file or directory
cp: cannot stat `/scratch/works/class/siesta_0504_132331/*.bands': No such file or directory
cp: cannot stat `/scratch/works/class/siesta_0504_132331/*.WFSX': No such file or directory
cp: cannot stat `/scratch/works/class/siesta_0504_132331/*.HSX': No such file or directory
cp: cannot stat `/scratch/works/class/siesta_0504_132331/*.TSHS': No such file or directory
cp: cannot stat `/scratch/works/class/siesta_0504_132331/*.AVTRANS': No such file or directory
cp: cannot stat `/scratch/works/class/siesta_0504_132331/*.ANI': No such file or directory
