mkdir: cannot create directory `/scratch/works/class': Permission denied
cp: target `/scratch/works/class/siesta_0421_081130/' is not a directory
cp: target `/scratch/works/class/siesta_0421_081130/' is not a directory
cp: cannot stat `/home/class/GB/160413_graphene_6X6_doping/B/25/B_doped_25_m/*.DM': No such file or directory
/PBS/mom_priv/jobs/98532.master.hpc.SC: line 74: cd: /scratch/works/class/siesta_0421_081130: No such file or directory
cp: cannot stat `/scratch/works/class/siesta_0421_081130/stdout.txt': No such file or directory
cp: cannot stat `/scratch/works/class/siesta_0421_081130/*.xyz': No such file or directory
cp: cannot stat `/scratch/works/class/siesta_0421_081130/*.EIG': No such file or directory
cp: cannot stat `/scratch/works/class/siesta_0421_081130/*.DM': No such file or directory
cp: cannot stat `/scratch/works/class/siesta_0421_081130/*.DOS': No such file or directory
cp: cannot stat `/scratch/works/class/siesta_0421_081130/*.PDOS': No such file or directory
cp: cannot stat `/scratch/works/class/siesta_0421_081130/*.LDOS': No such file or directory
cp: cannot stat `/scratch/works/class/siesta_0421_081130/*.XV': No such file or directory
cp: cannot stat `/scratch/works/class/siesta_0421_081130/*.RHO': No such file or directory
cp: cannot stat `/scratch/works/class/siesta_0421_081130/*.VH': No such file or directory
cp: cannot stat `/scratch/works/class/siesta_0421_081130/*.bands': No such file or directory
cp: cannot stat `/scratch/works/class/siesta_0421_081130/*.WFSX': No such file or directory
cp: cannot stat `/scratch/works/class/siesta_0421_081130/*.HSX': No such file or directory
cp: cannot stat `/scratch/works/class/siesta_0421_081130/*.TSHS': No such file or directory
cp: cannot stat `/scratch/works/class/siesta_0421_081130/*.AVTRANS': No such file or directory
cp: cannot stat `/scratch/works/class/siesta_0421_081130/*.ANI': No such file or directory
