mkdir: cannot create directory `/scratch/works/class': Permission denied
cp: target `/scratch/works/class/siesta_0415_150658/' is not a directory
cp: target `/scratch/works/class/siesta_0415_150658/' is not a directory
cp: cannot stat `/home/class/GB/160413_graphene_6X6_doping/N/N_doped_07_f/*.DM': No such file or directory
/PBS/mom_priv/jobs/97647.master.hpc.SC: line 74: cd: /scratch/works/class/siesta_0415_150658: No such file or directory
cp: cannot stat `/scratch/works/class/siesta_0415_150658/stdout.txt': No such file or directory
cp: cannot stat `/scratch/works/class/siesta_0415_150658/*.xyz': No such file or directory
cp: cannot stat `/scratch/works/class/siesta_0415_150658/*.EIG': No such file or directory
cp: cannot stat `/scratch/works/class/siesta_0415_150658/*.DM': No such file or directory
cp: cannot stat `/scratch/works/class/siesta_0415_150658/*.DOS': No such file or directory
cp: cannot stat `/scratch/works/class/siesta_0415_150658/*.PDOS': No such file or directory
cp: cannot stat `/scratch/works/class/siesta_0415_150658/*.LDOS': No such file or directory
cp: cannot stat `/scratch/works/class/siesta_0415_150658/*.XV': No such file or directory
cp: cannot stat `/scratch/works/class/siesta_0415_150658/*.RHO': No such file or directory
cp: cannot stat `/scratch/works/class/siesta_0415_150658/*.VH': No such file or directory
cp: cannot stat `/scratch/works/class/siesta_0415_150658/*.bands': No such file or directory
cp: cannot stat `/scratch/works/class/siesta_0415_150658/*.WFSX': No such file or directory
cp: cannot stat `/scratch/works/class/siesta_0415_150658/*.HSX': No such file or directory
cp: cannot stat `/scratch/works/class/siesta_0415_150658/*.TSHS': No such file or directory
cp: cannot stat `/scratch/works/class/siesta_0415_150658/*.AVTRANS': No such file or directory
cp: cannot stat `/scratch/works/class/siesta_0415_150658/*.ANI': No such file or directory
