mkdir: cannot create directory `/scratch/works/class': Permission denied
cp: target `/scratch/works/class/siesta_0422_032347/' is not a directory
cp: target `/scratch/works/class/siesta_0422_032347/' is not a directory
cp: cannot stat `/home/class/GB/160413_graphene_6X6_doping/B/25/B_doped_25_r/*.DM': No such file or directory
/PBS/mom_priv/jobs/98538.master.hpc.SC: line 74: cd: /scratch/works/class/siesta_0422_032347: No such file or directory
cp: cannot stat `/scratch/works/class/siesta_0422_032347/stdout.txt': No such file or directory
cp: cannot stat `/scratch/works/class/siesta_0422_032347/*.xyz': No such file or directory
cp: cannot stat `/scratch/works/class/siesta_0422_032347/*.EIG': No such file or directory
cp: cannot stat `/scratch/works/class/siesta_0422_032347/*.DM': No such file or directory
cp: cannot stat `/scratch/works/class/siesta_0422_032347/*.DOS': No such file or directory
cp: cannot stat `/scratch/works/class/siesta_0422_032347/*.PDOS': No such file or directory
cp: cannot stat `/scratch/works/class/siesta_0422_032347/*.LDOS': No such file or directory
cp: cannot stat `/scratch/works/class/siesta_0422_032347/*.XV': No such file or directory
cp: cannot stat `/scratch/works/class/siesta_0422_032347/*.RHO': No such file or directory
cp: cannot stat `/scratch/works/class/siesta_0422_032347/*.VH': No such file or directory
cp: cannot stat `/scratch/works/class/siesta_0422_032347/*.bands': No such file or directory
cp: cannot stat `/scratch/works/class/siesta_0422_032347/*.WFSX': No such file or directory
cp: cannot stat `/scratch/works/class/siesta_0422_032347/*.HSX': No such file or directory
cp: cannot stat `/scratch/works/class/siesta_0422_032347/*.TSHS': No such file or directory
cp: cannot stat `/scratch/works/class/siesta_0422_032347/*.AVTRANS': No such file or directory
cp: cannot stat `/scratch/works/class/siesta_0422_032347/*.ANI': No such file or directory
