mkdir: cannot create directory `/scratch/works/class': Permission denied
cp: target `/scratch/works/class/siesta_0420_013600/' is not a directory
cp: target `/scratch/works/class/siesta_0420_013600/' is not a directory
cp: cannot stat `/home/class/GB/160413_graphene_6X6_doping/N/N_doped_26_e/*.DM': No such file or directory
/PBS/mom_priv/jobs/98421.master.hpc.SC: line 74: cd: /scratch/works/class/siesta_0420_013600: No such file or directory
cp: cannot stat `/scratch/works/class/siesta_0420_013600/stdout.txt': No such file or directory
cp: cannot stat `/scratch/works/class/siesta_0420_013600/*.xyz': No such file or directory
cp: cannot stat `/scratch/works/class/siesta_0420_013600/*.EIG': No such file or directory
cp: cannot stat `/scratch/works/class/siesta_0420_013600/*.DM': No such file or directory
cp: cannot stat `/scratch/works/class/siesta_0420_013600/*.DOS': No such file or directory
cp: cannot stat `/scratch/works/class/siesta_0420_013600/*.PDOS': No such file or directory
cp: cannot stat `/scratch/works/class/siesta_0420_013600/*.LDOS': No such file or directory
cp: cannot stat `/scratch/works/class/siesta_0420_013600/*.XV': No such file or directory
cp: cannot stat `/scratch/works/class/siesta_0420_013600/*.RHO': No such file or directory
cp: cannot stat `/scratch/works/class/siesta_0420_013600/*.VH': No such file or directory
cp: cannot stat `/scratch/works/class/siesta_0420_013600/*.bands': No such file or directory
cp: cannot stat `/scratch/works/class/siesta_0420_013600/*.WFSX': No such file or directory
cp: cannot stat `/scratch/works/class/siesta_0420_013600/*.HSX': No such file or directory
cp: cannot stat `/scratch/works/class/siesta_0420_013600/*.TSHS': No such file or directory
cp: cannot stat `/scratch/works/class/siesta_0420_013600/*.AVTRANS': No such file or directory
cp: cannot stat `/scratch/works/class/siesta_0420_013600/*.ANI': No such file or directory
