mkdir: cannot create directory `/scratch/works/class': Permission denied
cp: target `/scratch/works/class/siesta_0419_143120/' is not a directory
cp: target `/scratch/works/class/siesta_0419_143120/' is not a directory
cp: cannot create regular file `/scratch/works/class/siesta_0419_143120/': No such file or directory
/PBS/mom_priv/jobs/98316.master.hpc.SC: line 74: cd: /scratch/works/class/siesta_0419_143120: No such file or directory
cp: cannot stat `/scratch/works/class/siesta_0419_143120/stdout.txt': No such file or directory
cp: cannot stat `/scratch/works/class/siesta_0419_143120/*.xyz': No such file or directory
cp: cannot stat `/scratch/works/class/siesta_0419_143120/*.EIG': No such file or directory
cp: cannot stat `/scratch/works/class/siesta_0419_143120/*.DM': No such file or directory
cp: cannot stat `/scratch/works/class/siesta_0419_143120/*.DOS': No such file or directory
cp: cannot stat `/scratch/works/class/siesta_0419_143120/*.PDOS': No such file or directory
cp: cannot stat `/scratch/works/class/siesta_0419_143120/*.LDOS': No such file or directory
cp: cannot stat `/scratch/works/class/siesta_0419_143120/*.XV': No such file or directory
cp: cannot stat `/scratch/works/class/siesta_0419_143120/*.RHO': No such file or directory
cp: cannot stat `/scratch/works/class/siesta_0419_143120/*.VH': No such file or directory
cp: cannot stat `/scratch/works/class/siesta_0419_143120/*.bands': No such file or directory
cp: cannot stat `/scratch/works/class/siesta_0419_143120/*.WFSX': No such file or directory
cp: cannot stat `/scratch/works/class/siesta_0419_143120/*.HSX': No such file or directory
cp: cannot stat `/scratch/works/class/siesta_0419_143120/*.TSHS': No such file or directory
cp: cannot stat `/scratch/works/class/siesta_0419_143120/*.AVTRANS': No such file or directory
cp: cannot stat `/scratch/works/class/siesta_0419_143120/*.ANI': No such file or directory
