mkdir: cannot create directory `/scratch/works/class': Permission denied
cp: target `/scratch/works/class/siesta_0423_061811/' is not a directory
cp: target `/scratch/works/class/siesta_0423_061811/' is not a directory
cp: cannot stat `/home/class/GB/160413_graphene_6X6_doping/B/24/B_doped_24_m/*.DM': No such file or directory
/PBS/mom_priv/jobs/98999.master.hpc.SC: line 74: cd: /scratch/works/class/siesta_0423_061811: No such file or directory
cp: cannot stat `/scratch/works/class/siesta_0423_061811/stdout.txt': No such file or directory
cp: cannot stat `/scratch/works/class/siesta_0423_061811/*.xyz': No such file or directory
cp: cannot stat `/scratch/works/class/siesta_0423_061811/*.EIG': No such file or directory
cp: cannot stat `/scratch/works/class/siesta_0423_061811/*.DM': No such file or directory
cp: cannot stat `/scratch/works/class/siesta_0423_061811/*.DOS': No such file or directory
cp: cannot stat `/scratch/works/class/siesta_0423_061811/*.PDOS': No such file or directory
cp: cannot stat `/scratch/works/class/siesta_0423_061811/*.LDOS': No such file or directory
cp: cannot stat `/scratch/works/class/siesta_0423_061811/*.XV': No such file or directory
cp: cannot stat `/scratch/works/class/siesta_0423_061811/*.RHO': No such file or directory
cp: cannot stat `/scratch/works/class/siesta_0423_061811/*.VH': No such file or directory
cp: cannot stat `/scratch/works/class/siesta_0423_061811/*.bands': No such file or directory
cp: cannot stat `/scratch/works/class/siesta_0423_061811/*.WFSX': No such file or directory
cp: cannot stat `/scratch/works/class/siesta_0423_061811/*.HSX': No such file or directory
cp: cannot stat `/scratch/works/class/siesta_0423_061811/*.TSHS': No such file or directory
cp: cannot stat `/scratch/works/class/siesta_0423_061811/*.AVTRANS': No such file or directory
cp: cannot stat `/scratch/works/class/siesta_0423_061811/*.ANI': No such file or directory
