mkdir: cannot create directory `/scratch/works/class': Permission denied
cp: target `/scratch/works/class/siesta_0419_071235/' is not a directory
cp: target `/scratch/works/class/siesta_0419_071235/' is not a directory
cp: cannot create regular file `/scratch/works/class/siesta_0419_071235/': No such file or directory
/PBS/mom_priv/jobs/98250.master.hpc.SC: line 74: cd: /scratch/works/class/siesta_0419_071235: No such file or directory
cp: cannot stat `/scratch/works/class/siesta_0419_071235/stdout.txt': No such file or directory
cp: cannot stat `/scratch/works/class/siesta_0419_071235/*.xyz': No such file or directory
cp: cannot stat `/scratch/works/class/siesta_0419_071235/*.EIG': No such file or directory
cp: cannot stat `/scratch/works/class/siesta_0419_071235/*.DM': No such file or directory
cp: cannot stat `/scratch/works/class/siesta_0419_071235/*.DOS': No such file or directory
cp: cannot stat `/scratch/works/class/siesta_0419_071235/*.PDOS': No such file or directory
cp: cannot stat `/scratch/works/class/siesta_0419_071235/*.LDOS': No such file or directory
cp: cannot stat `/scratch/works/class/siesta_0419_071235/*.XV': No such file or directory
cp: cannot stat `/scratch/works/class/siesta_0419_071235/*.RHO': No such file or directory
cp: cannot stat `/scratch/works/class/siesta_0419_071235/*.VH': No such file or directory
cp: cannot stat `/scratch/works/class/siesta_0419_071235/*.bands': No such file or directory
cp: cannot stat `/scratch/works/class/siesta_0419_071235/*.WFSX': No such file or directory
cp: cannot stat `/scratch/works/class/siesta_0419_071235/*.HSX': No such file or directory
cp: cannot stat `/scratch/works/class/siesta_0419_071235/*.TSHS': No such file or directory
cp: cannot stat `/scratch/works/class/siesta_0419_071235/*.AVTRANS': No such file or directory
cp: cannot stat `/scratch/works/class/siesta_0419_071235/*.ANI': No such file or directory
