mkdir: cannot create directory `/scratch/works/class': Permission denied
cp: target `/scratch/works/class/siesta_0414_145119/' is not a directory
cp: target `/scratch/works/class/siesta_0414_145119/' is not a directory
cp: cannot create regular file `/scratch/works/class/siesta_0414_145119/': No such file or directory
/PBS/mom_priv/jobs/97359.master.hpc.SC: line 74: cd: /scratch/works/class/siesta_0414_145119: No such file or directory
cp: cannot stat `/scratch/works/class/siesta_0414_145119/stdout.txt': No such file or directory
cp: cannot stat `/scratch/works/class/siesta_0414_145119/*.xyz': No such file or directory
cp: cannot stat `/scratch/works/class/siesta_0414_145119/*.EIG': No such file or directory
cp: cannot stat `/scratch/works/class/siesta_0414_145119/*.DM': No such file or directory
cp: cannot stat `/scratch/works/class/siesta_0414_145119/*.DOS': No such file or directory
cp: cannot stat `/scratch/works/class/siesta_0414_145119/*.PDOS': No such file or directory
cp: cannot stat `/scratch/works/class/siesta_0414_145119/*.LDOS': No such file or directory
cp: cannot stat `/scratch/works/class/siesta_0414_145119/*.XV': No such file or directory
cp: cannot stat `/scratch/works/class/siesta_0414_145119/*.RHO': No such file or directory
cp: cannot stat `/scratch/works/class/siesta_0414_145119/*.VH': No such file or directory
cp: cannot stat `/scratch/works/class/siesta_0414_145119/*.bands': No such file or directory
cp: cannot stat `/scratch/works/class/siesta_0414_145119/*.WFSX': No such file or directory
cp: cannot stat `/scratch/works/class/siesta_0414_145119/*.HSX': No such file or directory
cp: cannot stat `/scratch/works/class/siesta_0414_145119/*.TSHS': No such file or directory
cp: cannot stat `/scratch/works/class/siesta_0414_145119/*.AVTRANS': No such file or directory
cp: cannot stat `/scratch/works/class/siesta_0414_145119/*.ANI': No such file or directory
