mkdir: cannot create directory `/scratch/works/class': Permission denied
cp: target `/scratch/works/class/siesta_0504_011919/' is not a directory
cp: target `/scratch/works/class/siesta_0504_011919/' is not a directory
cp: cannot stat `/home/class/GB/160413_graphene_6X6_doping/B/07/B_doped_07_l/*.DM': No such file or directory
/PBS/mom_priv/jobs/100764.master.hpc.SC: line 74: cd: /scratch/works/class/siesta_0504_011919: No such file or directory
cp: cannot stat `/scratch/works/class/siesta_0504_011919/stdout.txt': No such file or directory
cp: cannot stat `/scratch/works/class/siesta_0504_011919/*.xyz': No such file or directory
cp: cannot stat `/scratch/works/class/siesta_0504_011919/*.EIG': No such file or directory
cp: cannot stat `/scratch/works/class/siesta_0504_011919/*.DM': No such file or directory
cp: cannot stat `/scratch/works/class/siesta_0504_011919/*.DOS': No such file or directory
cp: cannot stat `/scratch/works/class/siesta_0504_011919/*.PDOS': No such file or directory
cp: cannot stat `/scratch/works/class/siesta_0504_011919/*.LDOS': No such file or directory
cp: cannot stat `/scratch/works/class/siesta_0504_011919/*.XV': No such file or directory
cp: cannot stat `/scratch/works/class/siesta_0504_011919/*.RHO': No such file or directory
cp: cannot stat `/scratch/works/class/siesta_0504_011919/*.VH': No such file or directory
cp: cannot stat `/scratch/works/class/siesta_0504_011919/*.bands': No such file or directory
cp: cannot stat `/scratch/works/class/siesta_0504_011919/*.WFSX': No such file or directory
cp: cannot stat `/scratch/works/class/siesta_0504_011919/*.HSX': No such file or directory
cp: cannot stat `/scratch/works/class/siesta_0504_011919/*.TSHS': No such file or directory
cp: cannot stat `/scratch/works/class/siesta_0504_011919/*.AVTRANS': No such file or directory
cp: cannot stat `/scratch/works/class/siesta_0504_011919/*.ANI': No such file or directory
