mkdir: cannot create directory `/scratch/works/class': Permission denied
cp: target `/scratch/works/class/siesta_0430_134832/' is not a directory
cp: target `/scratch/works/class/siesta_0430_134832/' is not a directory
cp: cannot stat `/home/class/GB/160413_graphene_6X6_doping/B/19/B_doped_19_x/*.DM': No such file or directory
/PBS/mom_priv/jobs/100091.master.hpc.SC: line 74: cd: /scratch/works/class/siesta_0430_134832: No such file or directory
cp: cannot stat `/scratch/works/class/siesta_0430_134832/stdout.txt': No such file or directory
cp: cannot stat `/scratch/works/class/siesta_0430_134832/*.xyz': No such file or directory
cp: cannot stat `/scratch/works/class/siesta_0430_134832/*.EIG': No such file or directory
cp: cannot stat `/scratch/works/class/siesta_0430_134832/*.DM': No such file or directory
cp: cannot stat `/scratch/works/class/siesta_0430_134832/*.DOS': No such file or directory
cp: cannot stat `/scratch/works/class/siesta_0430_134832/*.PDOS': No such file or directory
cp: cannot stat `/scratch/works/class/siesta_0430_134832/*.LDOS': No such file or directory
cp: cannot stat `/scratch/works/class/siesta_0430_134832/*.XV': No such file or directory
cp: cannot stat `/scratch/works/class/siesta_0430_134832/*.RHO': No such file or directory
cp: cannot stat `/scratch/works/class/siesta_0430_134832/*.VH': No such file or directory
cp: cannot stat `/scratch/works/class/siesta_0430_134832/*.bands': No such file or directory
cp: cannot stat `/scratch/works/class/siesta_0430_134832/*.WFSX': No such file or directory
cp: cannot stat `/scratch/works/class/siesta_0430_134832/*.HSX': No such file or directory
cp: cannot stat `/scratch/works/class/siesta_0430_134832/*.TSHS': No such file or directory
cp: cannot stat `/scratch/works/class/siesta_0430_134832/*.AVTRANS': No such file or directory
cp: cannot stat `/scratch/works/class/siesta_0430_134832/*.ANI': No such file or directory
