mkdir: cannot create directory `/scratch/works/class': Permission denied
cp: target `/scratch/works/class/siesta_0418_185355/' is not a directory
cp: target `/scratch/works/class/siesta_0418_185355/' is not a directory
cp: cannot stat `/home/class/GB/160413_graphene_6X6_doping/B/B_doped_26_h/*.DM': No such file or directory
/PBS/mom_priv/jobs/98190.master.hpc.SC: line 74: cd: /scratch/works/class/siesta_0418_185355: No such file or directory
cp: cannot stat `/scratch/works/class/siesta_0418_185355/stdout.txt': No such file or directory
cp: cannot stat `/scratch/works/class/siesta_0418_185355/*.xyz': No such file or directory
cp: cannot stat `/scratch/works/class/siesta_0418_185355/*.EIG': No such file or directory
cp: cannot stat `/scratch/works/class/siesta_0418_185355/*.DM': No such file or directory
cp: cannot stat `/scratch/works/class/siesta_0418_185355/*.DOS': No such file or directory
cp: cannot stat `/scratch/works/class/siesta_0418_185355/*.PDOS': No such file or directory
cp: cannot stat `/scratch/works/class/siesta_0418_185355/*.LDOS': No such file or directory
cp: cannot stat `/scratch/works/class/siesta_0418_185355/*.XV': No such file or directory
cp: cannot stat `/scratch/works/class/siesta_0418_185355/*.RHO': No such file or directory
cp: cannot stat `/scratch/works/class/siesta_0418_185355/*.VH': No such file or directory
cp: cannot stat `/scratch/works/class/siesta_0418_185355/*.bands': No such file or directory
cp: cannot stat `/scratch/works/class/siesta_0418_185355/*.WFSX': No such file or directory
cp: cannot stat `/scratch/works/class/siesta_0418_185355/*.HSX': No such file or directory
cp: cannot stat `/scratch/works/class/siesta_0418_185355/*.TSHS': No such file or directory
cp: cannot stat `/scratch/works/class/siesta_0418_185355/*.AVTRANS': No such file or directory
cp: cannot stat `/scratch/works/class/siesta_0418_185355/*.ANI': No such file or directory
