mkdir: cannot create directory `/scratch/works/class': Permission denied
cp: target `/scratch/works/class/siesta_0426_054755/' is not a directory
cp: target `/scratch/works/class/siesta_0426_054755/' is not a directory
cp: cannot stat `/home/class/GB/160413_graphene_6X6_doping/N/23/N_doped_23_s/*.DM': No such file or directory
/PBS/mom_priv/jobs/99307.master.hpc.SC: line 74: cd: /scratch/works/class/siesta_0426_054755: No such file or directory
cp: cannot stat `/scratch/works/class/siesta_0426_054755/stdout.txt': No such file or directory
cp: cannot stat `/scratch/works/class/siesta_0426_054755/*.xyz': No such file or directory
cp: cannot stat `/scratch/works/class/siesta_0426_054755/*.EIG': No such file or directory
cp: cannot stat `/scratch/works/class/siesta_0426_054755/*.DM': No such file or directory
cp: cannot stat `/scratch/works/class/siesta_0426_054755/*.DOS': No such file or directory
cp: cannot stat `/scratch/works/class/siesta_0426_054755/*.PDOS': No such file or directory
cp: cannot stat `/scratch/works/class/siesta_0426_054755/*.LDOS': No such file or directory
cp: cannot stat `/scratch/works/class/siesta_0426_054755/*.XV': No such file or directory
cp: cannot stat `/scratch/works/class/siesta_0426_054755/*.RHO': No such file or directory
cp: cannot stat `/scratch/works/class/siesta_0426_054755/*.VH': No such file or directory
cp: cannot stat `/scratch/works/class/siesta_0426_054755/*.bands': No such file or directory
cp: cannot stat `/scratch/works/class/siesta_0426_054755/*.WFSX': No such file or directory
cp: cannot stat `/scratch/works/class/siesta_0426_054755/*.HSX': No such file or directory
cp: cannot stat `/scratch/works/class/siesta_0426_054755/*.TSHS': No such file or directory
cp: cannot stat `/scratch/works/class/siesta_0426_054755/*.AVTRANS': No such file or directory
cp: cannot stat `/scratch/works/class/siesta_0426_054755/*.ANI': No such file or directory
