mkdir: cannot create directory `/scratch/works/class': Permission denied
cp: target `/scratch/works/class/siesta_0426_032136/' is not a directory
cp: target `/scratch/works/class/siesta_0426_032136/' is not a directory
cp: cannot stat `/home/class/GB/160413_graphene_6X6_doping/N/23/N_doped_23_p/*.DM': No such file or directory
/PBS/mom_priv/jobs/99302.master.hpc.SC: line 74: cd: /scratch/works/class/siesta_0426_032136: No such file or directory
cp: cannot stat `/scratch/works/class/siesta_0426_032136/stdout.txt': No such file or directory
cp: cannot stat `/scratch/works/class/siesta_0426_032136/*.xyz': No such file or directory
cp: cannot stat `/scratch/works/class/siesta_0426_032136/*.EIG': No such file or directory
cp: cannot stat `/scratch/works/class/siesta_0426_032136/*.DM': No such file or directory
cp: cannot stat `/scratch/works/class/siesta_0426_032136/*.DOS': No such file or directory
cp: cannot stat `/scratch/works/class/siesta_0426_032136/*.PDOS': No such file or directory
cp: cannot stat `/scratch/works/class/siesta_0426_032136/*.LDOS': No such file or directory
cp: cannot stat `/scratch/works/class/siesta_0426_032136/*.XV': No such file or directory
cp: cannot stat `/scratch/works/class/siesta_0426_032136/*.RHO': No such file or directory
cp: cannot stat `/scratch/works/class/siesta_0426_032136/*.VH': No such file or directory
cp: cannot stat `/scratch/works/class/siesta_0426_032136/*.bands': No such file or directory
cp: cannot stat `/scratch/works/class/siesta_0426_032136/*.WFSX': No such file or directory
cp: cannot stat `/scratch/works/class/siesta_0426_032136/*.HSX': No such file or directory
cp: cannot stat `/scratch/works/class/siesta_0426_032136/*.TSHS': No such file or directory
cp: cannot stat `/scratch/works/class/siesta_0426_032136/*.AVTRANS': No such file or directory
cp: cannot stat `/scratch/works/class/siesta_0426_032136/*.ANI': No such file or directory
