mkdir: cannot create directory `/scratch/works/class': Permission denied
cp: target `/scratch/works/class/siesta_0424_210805/' is not a directory
cp: target `/scratch/works/class/siesta_0424_210805/' is not a directory
cp: cannot stat `/home/class/GB/160413_graphene_6X6_doping/B/23/B_doped_23_q/*.DM': No such file or directory
/PBS/mom_priv/jobs/99113.master.hpc.SC: line 74: cd: /scratch/works/class/siesta_0424_210805: No such file or directory
cp: cannot stat `/scratch/works/class/siesta_0424_210805/stdout.txt': No such file or directory
cp: cannot stat `/scratch/works/class/siesta_0424_210805/*.xyz': No such file or directory
cp: cannot stat `/scratch/works/class/siesta_0424_210805/*.EIG': No such file or directory
cp: cannot stat `/scratch/works/class/siesta_0424_210805/*.DM': No such file or directory
cp: cannot stat `/scratch/works/class/siesta_0424_210805/*.DOS': No such file or directory
cp: cannot stat `/scratch/works/class/siesta_0424_210805/*.PDOS': No such file or directory
cp: cannot stat `/scratch/works/class/siesta_0424_210805/*.LDOS': No such file or directory
cp: cannot stat `/scratch/works/class/siesta_0424_210805/*.XV': No such file or directory
cp: cannot stat `/scratch/works/class/siesta_0424_210805/*.RHO': No such file or directory
cp: cannot stat `/scratch/works/class/siesta_0424_210805/*.VH': No such file or directory
cp: cannot stat `/scratch/works/class/siesta_0424_210805/*.bands': No such file or directory
cp: cannot stat `/scratch/works/class/siesta_0424_210805/*.WFSX': No such file or directory
cp: cannot stat `/scratch/works/class/siesta_0424_210805/*.HSX': No such file or directory
cp: cannot stat `/scratch/works/class/siesta_0424_210805/*.TSHS': No such file or directory
cp: cannot stat `/scratch/works/class/siesta_0424_210805/*.AVTRANS': No such file or directory
cp: cannot stat `/scratch/works/class/siesta_0424_210805/*.ANI': No such file or directory
