mkdir: cannot create directory `/scratch/works/class': Permission denied
cp: target `/scratch/works/class/siesta_0502_014608/' is not a directory
cp: target `/scratch/works/class/siesta_0502_014608/' is not a directory
cp: cannot stat `/home/class/GB/160413_graphene_6X6_doping/N/17/N_doped_17_u/*.DM': No such file or directory
/PBS/mom_priv/jobs/100351.master.hpc.SC: line 74: cd: /scratch/works/class/siesta_0502_014608: No such file or directory
cp: cannot stat `/scratch/works/class/siesta_0502_014608/stdout.txt': No such file or directory
cp: cannot stat `/scratch/works/class/siesta_0502_014608/*.xyz': No such file or directory
cp: cannot stat `/scratch/works/class/siesta_0502_014608/*.EIG': No such file or directory
cp: cannot stat `/scratch/works/class/siesta_0502_014608/*.DM': No such file or directory
cp: cannot stat `/scratch/works/class/siesta_0502_014608/*.DOS': No such file or directory
cp: cannot stat `/scratch/works/class/siesta_0502_014608/*.PDOS': No such file or directory
cp: cannot stat `/scratch/works/class/siesta_0502_014608/*.LDOS': No such file or directory
cp: cannot stat `/scratch/works/class/siesta_0502_014608/*.XV': No such file or directory
cp: cannot stat `/scratch/works/class/siesta_0502_014608/*.RHO': No such file or directory
cp: cannot stat `/scratch/works/class/siesta_0502_014608/*.VH': No such file or directory
cp: cannot stat `/scratch/works/class/siesta_0502_014608/*.bands': No such file or directory
cp: cannot stat `/scratch/works/class/siesta_0502_014608/*.WFSX': No such file or directory
cp: cannot stat `/scratch/works/class/siesta_0502_014608/*.HSX': No such file or directory
cp: cannot stat `/scratch/works/class/siesta_0502_014608/*.TSHS': No such file or directory
cp: cannot stat `/scratch/works/class/siesta_0502_014608/*.AVTRANS': No such file or directory
cp: cannot stat `/scratch/works/class/siesta_0502_014608/*.ANI': No such file or directory
