mkdir: cannot create directory `/scratch/works/class': Permission denied
cp: target `/scratch/works/class/siesta_0421_213720/' is not a directory
cp: target `/scratch/works/class/siesta_0421_213720/' is not a directory
cp: cannot stat `/home/class/GB/160413_graphene_6X6_doping/B/25/B_doped_25_z/*.DM': No such file or directory
/PBS/mom_priv/jobs/98598.master.hpc.SC: line 74: cd: /scratch/works/class/siesta_0421_213720: No such file or directory
cp: cannot stat `/scratch/works/class/siesta_0421_213720/stdout.txt': No such file or directory
cp: cannot stat `/scratch/works/class/siesta_0421_213720/*.xyz': No such file or directory
cp: cannot stat `/scratch/works/class/siesta_0421_213720/*.EIG': No such file or directory
cp: cannot stat `/scratch/works/class/siesta_0421_213720/*.DM': No such file or directory
cp: cannot stat `/scratch/works/class/siesta_0421_213720/*.DOS': No such file or directory
cp: cannot stat `/scratch/works/class/siesta_0421_213720/*.PDOS': No such file or directory
cp: cannot stat `/scratch/works/class/siesta_0421_213720/*.LDOS': No such file or directory
cp: cannot stat `/scratch/works/class/siesta_0421_213720/*.XV': No such file or directory
cp: cannot stat `/scratch/works/class/siesta_0421_213720/*.RHO': No such file or directory
cp: cannot stat `/scratch/works/class/siesta_0421_213720/*.VH': No such file or directory
cp: cannot stat `/scratch/works/class/siesta_0421_213720/*.bands': No such file or directory
cp: cannot stat `/scratch/works/class/siesta_0421_213720/*.WFSX': No such file or directory
cp: cannot stat `/scratch/works/class/siesta_0421_213720/*.HSX': No such file or directory
cp: cannot stat `/scratch/works/class/siesta_0421_213720/*.TSHS': No such file or directory
cp: cannot stat `/scratch/works/class/siesta_0421_213720/*.AVTRANS': No such file or directory
cp: cannot stat `/scratch/works/class/siesta_0421_213720/*.ANI': No such file or directory
