mkdir: cannot create directory `/scratch/works/class': Permission denied
cp: target `/scratch/works/class/siesta_0425_231332/' is not a directory
cp: target `/scratch/works/class/siesta_0425_231332/' is not a directory
cp: cannot stat `/home/class/GB/160413_graphene_6X6_doping/N/23/N_doped_23_i/*.DM': No such file or directory
/PBS/mom_priv/jobs/99268.master.hpc.SC: line 74: cd: /scratch/works/class/siesta_0425_231332: No such file or directory
cp: cannot stat `/scratch/works/class/siesta_0425_231332/stdout.txt': No such file or directory
cp: cannot stat `/scratch/works/class/siesta_0425_231332/*.xyz': No such file or directory
cp: cannot stat `/scratch/works/class/siesta_0425_231332/*.EIG': No such file or directory
cp: cannot stat `/scratch/works/class/siesta_0425_231332/*.DM': No such file or directory
cp: cannot stat `/scratch/works/class/siesta_0425_231332/*.DOS': No such file or directory
cp: cannot stat `/scratch/works/class/siesta_0425_231332/*.PDOS': No such file or directory
cp: cannot stat `/scratch/works/class/siesta_0425_231332/*.LDOS': No such file or directory
cp: cannot stat `/scratch/works/class/siesta_0425_231332/*.XV': No such file or directory
cp: cannot stat `/scratch/works/class/siesta_0425_231332/*.RHO': No such file or directory
cp: cannot stat `/scratch/works/class/siesta_0425_231332/*.VH': No such file or directory
cp: cannot stat `/scratch/works/class/siesta_0425_231332/*.bands': No such file or directory
cp: cannot stat `/scratch/works/class/siesta_0425_231332/*.WFSX': No such file or directory
cp: cannot stat `/scratch/works/class/siesta_0425_231332/*.HSX': No such file or directory
cp: cannot stat `/scratch/works/class/siesta_0425_231332/*.TSHS': No such file or directory
cp: cannot stat `/scratch/works/class/siesta_0425_231332/*.AVTRANS': No such file or directory
cp: cannot stat `/scratch/works/class/siesta_0425_231332/*.ANI': No such file or directory
