mkdir: cannot create directory `/scratch/works/class': Permission denied
cp: target `/scratch/works/class/siesta_0428_170127/' is not a directory
cp: target `/scratch/works/class/siesta_0428_170127/' is not a directory
cp: cannot stat `/home/class/GB/160413_graphene_6X6_doping/N/20/N_doped_20_l/*.DM': No such file or directory
/PBS/mom_priv/jobs/99769.master.hpc.SC: line 74: cd: /scratch/works/class/siesta_0428_170127: No such file or directory
cp: cannot stat `/scratch/works/class/siesta_0428_170127/stdout.txt': No such file or directory
cp: cannot stat `/scratch/works/class/siesta_0428_170127/*.xyz': No such file or directory
cp: cannot stat `/scratch/works/class/siesta_0428_170127/*.EIG': No such file or directory
cp: cannot stat `/scratch/works/class/siesta_0428_170127/*.DM': No such file or directory
cp: cannot stat `/scratch/works/class/siesta_0428_170127/*.DOS': No such file or directory
cp: cannot stat `/scratch/works/class/siesta_0428_170127/*.PDOS': No such file or directory
cp: cannot stat `/scratch/works/class/siesta_0428_170127/*.LDOS': No such file or directory
cp: cannot stat `/scratch/works/class/siesta_0428_170127/*.XV': No such file or directory
cp: cannot stat `/scratch/works/class/siesta_0428_170127/*.RHO': No such file or directory
cp: cannot stat `/scratch/works/class/siesta_0428_170127/*.VH': No such file or directory
cp: cannot stat `/scratch/works/class/siesta_0428_170127/*.bands': No such file or directory
cp: cannot stat `/scratch/works/class/siesta_0428_170127/*.WFSX': No such file or directory
cp: cannot stat `/scratch/works/class/siesta_0428_170127/*.HSX': No such file or directory
cp: cannot stat `/scratch/works/class/siesta_0428_170127/*.TSHS': No such file or directory
cp: cannot stat `/scratch/works/class/siesta_0428_170127/*.AVTRANS': No such file or directory
cp: cannot stat `/scratch/works/class/siesta_0428_170127/*.ANI': No such file or directory
