mkdir: cannot create directory `/scratch/works/class': Permission denied
cp: target `/scratch/works/class/siesta_0419_224554/' is not a directory
cp: target `/scratch/works/class/siesta_0419_224554/' is not a directory
cp: cannot stat `/home/class/GB/160413_graphene_6X6_doping/N/N_doped_26_h/*.DM': No such file or directory
/PBS/mom_priv/jobs/98416.master.hpc.SC: line 74: cd: /scratch/works/class/siesta_0419_224554: No such file or directory
cp: cannot stat `/scratch/works/class/siesta_0419_224554/stdout.txt': No such file or directory
cp: cannot stat `/scratch/works/class/siesta_0419_224554/*.xyz': No such file or directory
cp: cannot stat `/scratch/works/class/siesta_0419_224554/*.EIG': No such file or directory
cp: cannot stat `/scratch/works/class/siesta_0419_224554/*.DM': No such file or directory
cp: cannot stat `/scratch/works/class/siesta_0419_224554/*.DOS': No such file or directory
cp: cannot stat `/scratch/works/class/siesta_0419_224554/*.PDOS': No such file or directory
cp: cannot stat `/scratch/works/class/siesta_0419_224554/*.LDOS': No such file or directory
cp: cannot stat `/scratch/works/class/siesta_0419_224554/*.XV': No such file or directory
cp: cannot stat `/scratch/works/class/siesta_0419_224554/*.RHO': No such file or directory
cp: cannot stat `/scratch/works/class/siesta_0419_224554/*.VH': No such file or directory
cp: cannot stat `/scratch/works/class/siesta_0419_224554/*.bands': No such file or directory
cp: cannot stat `/scratch/works/class/siesta_0419_224554/*.WFSX': No such file or directory
cp: cannot stat `/scratch/works/class/siesta_0419_224554/*.HSX': No such file or directory
cp: cannot stat `/scratch/works/class/siesta_0419_224554/*.TSHS': No such file or directory
cp: cannot stat `/scratch/works/class/siesta_0419_224554/*.AVTRANS': No such file or directory
cp: cannot stat `/scratch/works/class/siesta_0419_224554/*.ANI': No such file or directory
