cp: cannot stat `/home/jhiskard/151127_Graphene_doping_database/SIESTA/B/B_doped_09_211111181/*.psf': No such file or directory
cp: cannot stat `/home/jhiskard/151127_Graphene_doping_database/SIESTA/B/B_doped_09_211111181/*.DM': No such file or directory
FDF: Cannot open STRUCT.fdf                                                  
FDF: Cannot open BASIS.fdf                                                   
FDF: Cannot open STRUCT.fdf                                                  
FDF: Cannot open BASIS.fdf                                                   
FDF: Cannot open STRUCT.fdf                                                  
FDF: Cannot open BASIS.fdf                                                   
FDF: Cannot open STRUCT.fdf                                                  
FDF: Cannot open BASIS.fdf                                                   
FDF: Cannot open STRUCT.fdf                                                  
FDF: Cannot open BASIS.fdf                                                   
FDF: Cannot open STRUCT.fdf                                                  
FDF: Cannot open BASIS.fdf                                                   
FDF: Cannot open STRUCT.fdf                                                  
FDF: Cannot open BASIS.fdf                                                   
FDF: Cannot open STRUCT.fdf                                                  
FDF: Cannot open BASIS.fdf                                                   
FDF: Cannot open STRUCT.fdf                                                  
FDF: Cannot open BASIS.fdf                                                   
FDF: Cannot open STRUCT.fdf                                                  
FDF: Cannot open BASIS.fdf                                                   
FDF: Cannot open STRUCT.fdf                                                  
FDF: Cannot open BASIS.fdf                                                   
FDF: Cannot open STRUCT.fdf                                                  
FDF: Cannot open BASIS.fdf                                                   
FDF: Cannot open STRUCT.fdf                                                  
FDF: Cannot open BASIS.fdf                                                   
FDF: Cannot open STRUCT.fdf                                                  
FDF: Cannot open BASIS.fdf                                                   
FDF: Cannot open STRUCT.fdf                                                  
FDF: Cannot open BASIS.fdf                                                   
FDF: Cannot open STRUCT.fdf                                                  
FDF: Cannot open BASIS.fdf                                                   
FDF: Cannot open STRUCT.fdf                                                  
FDF: Cannot open BASIS.fdf                                                   
FDF: Cannot open STRUCT.fdf                                                  
FDF: Cannot open BASIS.fdf                                                   
FDF: Cannot open STRUCT.fdf                                                  
FDF: Cannot open BASIS.fdf                                                   
FDF: Cannot open STRUCT.fdf                                                  
FDF: Cannot open BASIS.fdf                                                   
FDF: Cannot open STRUCT.fdf                                                  
FDF: Cannot open BASIS.fdf                                                   
FDF: Cannot open STRUCT.fdf                                                  
FDF: Cannot open BASIS.fdf                                                   
FDF: Cannot open STRUCT.fdf                                                  
FDF: Cannot open BASIS.fdf                                                   
FDF: Cannot open STRUCT.fdf                                                  
FDF: Cannot open BASIS.fdf                                                   
FDF: Cannot open STRUCT.fdf                                                  
FDF: Cannot open BASIS.fdf                                                   
FDF: Cannot open STRUCT.fdf                                                  
FDF: Cannot open BASIS.fdf                                                   
FDF: Cannot open STRUCT.fdf                                                  
FDF: Cannot open BASIS.fdf                                                   
FDF: Cannot open STRUCT.fdf                                                  
FDF: Cannot open BASIS.fdf                                                   
No species found!!!
ERROR STOP from Node:    0
application called MPI_Abort(MPI_COMM_WORLD, 1) - process 0
cp: cannot stat `/scratch/works/jhiskard/siesta_0406_142344/*.xyz': No such file or directory
cp: cannot stat `/scratch/works/jhiskard/siesta_0406_142344/*.EIG': No such file or directory
cp: cannot stat `/scratch/works/jhiskard/siesta_0406_142344/*.DM': No such file or directory
cp: cannot stat `/scratch/works/jhiskard/siesta_0406_142344/*.DOS': No such file or directory
cp: cannot stat `/scratch/works/jhiskard/siesta_0406_142344/*.PDOS': No such file or directory
cp: cannot stat `/scratch/works/jhiskard/siesta_0406_142344/*.LDOS': No such file or directory
cp: cannot stat `/scratch/works/jhiskard/siesta_0406_142344/*.XV': No such file or directory
cp: cannot stat `/scratch/works/jhiskard/siesta_0406_142344/*.RHO': No such file or directory
cp: cannot stat `/scratch/works/jhiskard/siesta_0406_142344/*.VH': No such file or directory
cp: cannot stat `/scratch/works/jhiskard/siesta_0406_142344/*.bands': No such file or directory
cp: cannot stat `/scratch/works/jhiskard/siesta_0406_142344/*.WFSX': No such file or directory
cp: cannot stat `/scratch/works/jhiskard/siesta_0406_142344/*.HSX': No such file or directory
cp: cannot stat `/scratch/works/jhiskard/siesta_0406_142344/*.TSHS': No such file or directory
cp: cannot stat `/scratch/works/jhiskard/siesta_0406_142344/*.AVTRANS': No such file or directory
cp: cannot stat `/scratch/works/jhiskard/siesta_0406_142344/*.ANI': No such file or directory
