mkdir: cannot create directory `/scratch/works/class': Permission denied
cp: target `/scratch/works/class/siesta_0428_185243/' is not a directory
cp: target `/scratch/works/class/siesta_0428_185243/' is not a directory
cp: cannot stat `/home/class/GB/160413_graphene_6X6_doping/N/20/N_doped_20_h/*.DM': No such file or directory
/PBS/mom_priv/jobs/99760.master.hpc.SC: line 74: cd: /scratch/works/class/siesta_0428_185243: No such file or directory
cp: cannot stat `/scratch/works/class/siesta_0428_185243/stdout.txt': No such file or directory
cp: cannot stat `/scratch/works/class/siesta_0428_185243/*.xyz': No such file or directory
cp: cannot stat `/scratch/works/class/siesta_0428_185243/*.EIG': No such file or directory
cp: cannot stat `/scratch/works/class/siesta_0428_185243/*.DM': No such file or directory
cp: cannot stat `/scratch/works/class/siesta_0428_185243/*.DOS': No such file or directory
cp: cannot stat `/scratch/works/class/siesta_0428_185243/*.PDOS': No such file or directory
cp: cannot stat `/scratch/works/class/siesta_0428_185243/*.LDOS': No such file or directory
cp: cannot stat `/scratch/works/class/siesta_0428_185243/*.XV': No such file or directory
cp: cannot stat `/scratch/works/class/siesta_0428_185243/*.RHO': No such file or directory
cp: cannot stat `/scratch/works/class/siesta_0428_185243/*.VH': No such file or directory
cp: cannot stat `/scratch/works/class/siesta_0428_185243/*.bands': No such file or directory
cp: cannot stat `/scratch/works/class/siesta_0428_185243/*.WFSX': No such file or directory
cp: cannot stat `/scratch/works/class/siesta_0428_185243/*.HSX': No such file or directory
cp: cannot stat `/scratch/works/class/siesta_0428_185243/*.TSHS': No such file or directory
cp: cannot stat `/scratch/works/class/siesta_0428_185243/*.AVTRANS': No such file or directory
cp: cannot stat `/scratch/works/class/siesta_0428_185243/*.ANI': No such file or directory
