mkdir: cannot create directory `/scratch/works/class': Permission denied
cp: target `/scratch/works/class/siesta_0424_163125/' is not a directory
cp: target `/scratch/works/class/siesta_0424_163125/' is not a directory
cp: cannot stat `/home/class/GB/160413_graphene_6X6_doping/B/23/B_doped_23_b/*.DM': No such file or directory
/PBS/mom_priv/jobs/99081.master.hpc.SC: line 74: cd: /scratch/works/class/siesta_0424_163125: No such file or directory
cp: cannot stat `/scratch/works/class/siesta_0424_163125/stdout.txt': No such file or directory
cp: cannot stat `/scratch/works/class/siesta_0424_163125/*.xyz': No such file or directory
cp: cannot stat `/scratch/works/class/siesta_0424_163125/*.EIG': No such file or directory
cp: cannot stat `/scratch/works/class/siesta_0424_163125/*.DM': No such file or directory
cp: cannot stat `/scratch/works/class/siesta_0424_163125/*.DOS': No such file or directory
cp: cannot stat `/scratch/works/class/siesta_0424_163125/*.PDOS': No such file or directory
cp: cannot stat `/scratch/works/class/siesta_0424_163125/*.LDOS': No such file or directory
cp: cannot stat `/scratch/works/class/siesta_0424_163125/*.XV': No such file or directory
cp: cannot stat `/scratch/works/class/siesta_0424_163125/*.RHO': No such file or directory
cp: cannot stat `/scratch/works/class/siesta_0424_163125/*.VH': No such file or directory
cp: cannot stat `/scratch/works/class/siesta_0424_163125/*.bands': No such file or directory
cp: cannot stat `/scratch/works/class/siesta_0424_163125/*.WFSX': No such file or directory
cp: cannot stat `/scratch/works/class/siesta_0424_163125/*.HSX': No such file or directory
cp: cannot stat `/scratch/works/class/siesta_0424_163125/*.TSHS': No such file or directory
cp: cannot stat `/scratch/works/class/siesta_0424_163125/*.AVTRANS': No such file or directory
cp: cannot stat `/scratch/works/class/siesta_0424_163125/*.ANI': No such file or directory
