mkdir: cannot create directory `/scratch/works/class': Permission denied
cp: target `/scratch/works/class/siesta_0429_044248/' is not a directory
cp: target `/scratch/works/class/siesta_0429_044248/' is not a directory
cp: cannot stat `/home/class/GB/160413_graphene_6X6_doping/N/21/N_doped_21_n/*.DM': No such file or directory
/PBS/mom_priv/jobs/99946.master.hpc.SC: line 74: cd: /scratch/works/class/siesta_0429_044248: No such file or directory
cp: cannot stat `/scratch/works/class/siesta_0429_044248/stdout.txt': No such file or directory
cp: cannot stat `/scratch/works/class/siesta_0429_044248/*.xyz': No such file or directory
cp: cannot stat `/scratch/works/class/siesta_0429_044248/*.EIG': No such file or directory
cp: cannot stat `/scratch/works/class/siesta_0429_044248/*.DM': No such file or directory
cp: cannot stat `/scratch/works/class/siesta_0429_044248/*.DOS': No such file or directory
cp: cannot stat `/scratch/works/class/siesta_0429_044248/*.PDOS': No such file or directory
cp: cannot stat `/scratch/works/class/siesta_0429_044248/*.LDOS': No such file or directory
cp: cannot stat `/scratch/works/class/siesta_0429_044248/*.XV': No such file or directory
cp: cannot stat `/scratch/works/class/siesta_0429_044248/*.RHO': No such file or directory
cp: cannot stat `/scratch/works/class/siesta_0429_044248/*.VH': No such file or directory
cp: cannot stat `/scratch/works/class/siesta_0429_044248/*.bands': No such file or directory
cp: cannot stat `/scratch/works/class/siesta_0429_044248/*.WFSX': No such file or directory
cp: cannot stat `/scratch/works/class/siesta_0429_044248/*.HSX': No such file or directory
cp: cannot stat `/scratch/works/class/siesta_0429_044248/*.TSHS': No such file or directory
cp: cannot stat `/scratch/works/class/siesta_0429_044248/*.AVTRANS': No such file or directory
cp: cannot stat `/scratch/works/class/siesta_0429_044248/*.ANI': No such file or directory
