mkdir: cannot create directory `/scratch/works/class': Permission denied
cp: target `/scratch/works/class/siesta_0418_121520/' is not a directory
cp: target `/scratch/works/class/siesta_0418_121520/' is not a directory
cp: cannot stat `/home/class/GB/160413_graphene_6X6_doping/B/B_doped_26_d/*.DM': No such file or directory
/PBS/mom_priv/jobs/97958.master.hpc.SC: line 74: cd: /scratch/works/class/siesta_0418_121520: No such file or directory
cp: cannot stat `/scratch/works/class/siesta_0418_121520/stdout.txt': No such file or directory
cp: cannot stat `/scratch/works/class/siesta_0418_121520/*.xyz': No such file or directory
cp: cannot stat `/scratch/works/class/siesta_0418_121520/*.EIG': No such file or directory
cp: cannot stat `/scratch/works/class/siesta_0418_121520/*.DM': No such file or directory
cp: cannot stat `/scratch/works/class/siesta_0418_121520/*.DOS': No such file or directory
cp: cannot stat `/scratch/works/class/siesta_0418_121520/*.PDOS': No such file or directory
cp: cannot stat `/scratch/works/class/siesta_0418_121520/*.LDOS': No such file or directory
cp: cannot stat `/scratch/works/class/siesta_0418_121520/*.XV': No such file or directory
cp: cannot stat `/scratch/works/class/siesta_0418_121520/*.RHO': No such file or directory
cp: cannot stat `/scratch/works/class/siesta_0418_121520/*.VH': No such file or directory
cp: cannot stat `/scratch/works/class/siesta_0418_121520/*.bands': No such file or directory
cp: cannot stat `/scratch/works/class/siesta_0418_121520/*.WFSX': No such file or directory
cp: cannot stat `/scratch/works/class/siesta_0418_121520/*.HSX': No such file or directory
cp: cannot stat `/scratch/works/class/siesta_0418_121520/*.TSHS': No such file or directory
cp: cannot stat `/scratch/works/class/siesta_0418_121520/*.AVTRANS': No such file or directory
cp: cannot stat `/scratch/works/class/siesta_0418_121520/*.ANI': No such file or directory
