mkdir: cannot create directory `/scratch/works/class': Permission denied
cp: target `/scratch/works/class/siesta_0422_040954/' is not a directory
cp: target `/scratch/works/class/siesta_0422_040954/' is not a directory
cp: cannot stat `/home/class/GB/160413_graphene_6X6_doping/N/25/N_doped_25_g/*.DM': No such file or directory
/PBS/mom_priv/jobs/98688.master.hpc.SC: line 74: cd: /scratch/works/class/siesta_0422_040954: No such file or directory
cp: cannot stat `/scratch/works/class/siesta_0422_040954/stdout.txt': No such file or directory
cp: cannot stat `/scratch/works/class/siesta_0422_040954/*.xyz': No such file or directory
cp: cannot stat `/scratch/works/class/siesta_0422_040954/*.EIG': No such file or directory
cp: cannot stat `/scratch/works/class/siesta_0422_040954/*.DM': No such file or directory
cp: cannot stat `/scratch/works/class/siesta_0422_040954/*.DOS': No such file or directory
cp: cannot stat `/scratch/works/class/siesta_0422_040954/*.PDOS': No such file or directory
cp: cannot stat `/scratch/works/class/siesta_0422_040954/*.LDOS': No such file or directory
cp: cannot stat `/scratch/works/class/siesta_0422_040954/*.XV': No such file or directory
cp: cannot stat `/scratch/works/class/siesta_0422_040954/*.RHO': No such file or directory
cp: cannot stat `/scratch/works/class/siesta_0422_040954/*.VH': No such file or directory
cp: cannot stat `/scratch/works/class/siesta_0422_040954/*.bands': No such file or directory
cp: cannot stat `/scratch/works/class/siesta_0422_040954/*.WFSX': No such file or directory
cp: cannot stat `/scratch/works/class/siesta_0422_040954/*.HSX': No such file or directory
cp: cannot stat `/scratch/works/class/siesta_0422_040954/*.TSHS': No such file or directory
cp: cannot stat `/scratch/works/class/siesta_0422_040954/*.AVTRANS': No such file or directory
cp: cannot stat `/scratch/works/class/siesta_0422_040954/*.ANI': No such file or directory
