mkdir: cannot create directory `/scratch/works/class': Permission denied
cp: target `/scratch/works/class/siesta_0421_153733/' is not a directory
cp: target `/scratch/works/class/siesta_0421_153733/' is not a directory
cp: cannot create regular file `/scratch/works/class/siesta_0421_153733/': No such file or directory
/PBS/mom_priv/jobs/98503.master.hpc.SC: line 74: cd: /scratch/works/class/siesta_0421_153733: No such file or directory
cp: cannot stat `/scratch/works/class/siesta_0421_153733/stdout.txt': No such file or directory
cp: cannot stat `/scratch/works/class/siesta_0421_153733/*.xyz': No such file or directory
cp: cannot stat `/scratch/works/class/siesta_0421_153733/*.EIG': No such file or directory
cp: cannot stat `/scratch/works/class/siesta_0421_153733/*.DM': No such file or directory
cp: cannot stat `/scratch/works/class/siesta_0421_153733/*.DOS': No such file or directory
cp: cannot stat `/scratch/works/class/siesta_0421_153733/*.PDOS': No such file or directory
cp: cannot stat `/scratch/works/class/siesta_0421_153733/*.LDOS': No such file or directory
cp: cannot stat `/scratch/works/class/siesta_0421_153733/*.XV': No such file or directory
cp: cannot stat `/scratch/works/class/siesta_0421_153733/*.RHO': No such file or directory
cp: cannot stat `/scratch/works/class/siesta_0421_153733/*.VH': No such file or directory
cp: cannot stat `/scratch/works/class/siesta_0421_153733/*.bands': No such file or directory
cp: cannot stat `/scratch/works/class/siesta_0421_153733/*.WFSX': No such file or directory
cp: cannot stat `/scratch/works/class/siesta_0421_153733/*.HSX': No such file or directory
cp: cannot stat `/scratch/works/class/siesta_0421_153733/*.TSHS': No such file or directory
cp: cannot stat `/scratch/works/class/siesta_0421_153733/*.AVTRANS': No such file or directory
cp: cannot stat `/scratch/works/class/siesta_0421_153733/*.ANI': No such file or directory
