mkdir: cannot create directory `/scratch/works/class': Permission denied
cp: target `/scratch/works/class/siesta_0427_161509/' is not a directory
cp: target `/scratch/works/class/siesta_0427_161509/' is not a directory
cp: cannot stat `/home/class/GB/160413_graphene_6X6_doping/B/21/B_doped_21_c/*.DM': No such file or directory
/PBS/mom_priv/jobs/99637.master.hpc.SC: line 74: cd: /scratch/works/class/siesta_0427_161509: No such file or directory
cp: cannot stat `/scratch/works/class/siesta_0427_161509/stdout.txt': No such file or directory
cp: cannot stat `/scratch/works/class/siesta_0427_161509/*.xyz': No such file or directory
cp: cannot stat `/scratch/works/class/siesta_0427_161509/*.EIG': No such file or directory
cp: cannot stat `/scratch/works/class/siesta_0427_161509/*.DM': No such file or directory
cp: cannot stat `/scratch/works/class/siesta_0427_161509/*.DOS': No such file or directory
cp: cannot stat `/scratch/works/class/siesta_0427_161509/*.PDOS': No such file or directory
cp: cannot stat `/scratch/works/class/siesta_0427_161509/*.LDOS': No such file or directory
cp: cannot stat `/scratch/works/class/siesta_0427_161509/*.XV': No such file or directory
cp: cannot stat `/scratch/works/class/siesta_0427_161509/*.RHO': No such file or directory
cp: cannot stat `/scratch/works/class/siesta_0427_161509/*.VH': No such file or directory
cp: cannot stat `/scratch/works/class/siesta_0427_161509/*.bands': No such file or directory
cp: cannot stat `/scratch/works/class/siesta_0427_161509/*.WFSX': No such file or directory
cp: cannot stat `/scratch/works/class/siesta_0427_161509/*.HSX': No such file or directory
cp: cannot stat `/scratch/works/class/siesta_0427_161509/*.TSHS': No such file or directory
cp: cannot stat `/scratch/works/class/siesta_0427_161509/*.AVTRANS': No such file or directory
cp: cannot stat `/scratch/works/class/siesta_0427_161509/*.ANI': No such file or directory
