mkdir: cannot create directory `/scratch/works/class': Permission denied
cp: target `/scratch/works/class/siesta_0426_144659/' is not a directory
cp: target `/scratch/works/class/siesta_0426_144659/' is not a directory
cp: cannot stat `/home/class/GB/160413_graphene_6X6_doping/N/22/N_doped_22_f/*.DM': No such file or directory
/PBS/mom_priv/jobs/99346.master.hpc.SC: line 74: cd: /scratch/works/class/siesta_0426_144659: No such file or directory
cp: cannot stat `/scratch/works/class/siesta_0426_144659/stdout.txt': No such file or directory
cp: cannot stat `/scratch/works/class/siesta_0426_144659/*.xyz': No such file or directory
cp: cannot stat `/scratch/works/class/siesta_0426_144659/*.EIG': No such file or directory
cp: cannot stat `/scratch/works/class/siesta_0426_144659/*.DM': No such file or directory
cp: cannot stat `/scratch/works/class/siesta_0426_144659/*.DOS': No such file or directory
cp: cannot stat `/scratch/works/class/siesta_0426_144659/*.PDOS': No such file or directory
cp: cannot stat `/scratch/works/class/siesta_0426_144659/*.LDOS': No such file or directory
cp: cannot stat `/scratch/works/class/siesta_0426_144659/*.XV': No such file or directory
cp: cannot stat `/scratch/works/class/siesta_0426_144659/*.RHO': No such file or directory
cp: cannot stat `/scratch/works/class/siesta_0426_144659/*.VH': No such file or directory
cp: cannot stat `/scratch/works/class/siesta_0426_144659/*.bands': No such file or directory
cp: cannot stat `/scratch/works/class/siesta_0426_144659/*.WFSX': No such file or directory
cp: cannot stat `/scratch/works/class/siesta_0426_144659/*.HSX': No such file or directory
cp: cannot stat `/scratch/works/class/siesta_0426_144659/*.TSHS': No such file or directory
cp: cannot stat `/scratch/works/class/siesta_0426_144659/*.AVTRANS': No such file or directory
cp: cannot stat `/scratch/works/class/siesta_0426_144659/*.ANI': No such file or directory
