mkdir: cannot create directory `/scratch/works/class': Permission denied
cp: target `/scratch/works/class/siesta_0501_222027/' is not a directory
cp: target `/scratch/works/class/siesta_0501_222027/' is not a directory
cp: cannot stat `/home/class/GB/160413_graphene_6X6_doping/N/17/N_doped_17_l/*.DM': No such file or directory
/PBS/mom_priv/jobs/100241.master.hpc.SC: line 74: cd: /scratch/works/class/siesta_0501_222027: No such file or directory
cp: cannot stat `/scratch/works/class/siesta_0501_222027/stdout.txt': No such file or directory
cp: cannot stat `/scratch/works/class/siesta_0501_222027/*.xyz': No such file or directory
cp: cannot stat `/scratch/works/class/siesta_0501_222027/*.EIG': No such file or directory
cp: cannot stat `/scratch/works/class/siesta_0501_222027/*.DM': No such file or directory
cp: cannot stat `/scratch/works/class/siesta_0501_222027/*.DOS': No such file or directory
cp: cannot stat `/scratch/works/class/siesta_0501_222027/*.PDOS': No such file or directory
cp: cannot stat `/scratch/works/class/siesta_0501_222027/*.LDOS': No such file or directory
cp: cannot stat `/scratch/works/class/siesta_0501_222027/*.XV': No such file or directory
cp: cannot stat `/scratch/works/class/siesta_0501_222027/*.RHO': No such file or directory
cp: cannot stat `/scratch/works/class/siesta_0501_222027/*.VH': No such file or directory
cp: cannot stat `/scratch/works/class/siesta_0501_222027/*.bands': No such file or directory
cp: cannot stat `/scratch/works/class/siesta_0501_222027/*.WFSX': No such file or directory
cp: cannot stat `/scratch/works/class/siesta_0501_222027/*.HSX': No such file or directory
cp: cannot stat `/scratch/works/class/siesta_0501_222027/*.TSHS': No such file or directory
cp: cannot stat `/scratch/works/class/siesta_0501_222027/*.AVTRANS': No such file or directory
cp: cannot stat `/scratch/works/class/siesta_0501_222027/*.ANI': No such file or directory
