mkdir: cannot create directory `/scratch/works/class': Permission denied
cp: target `/scratch/works/class/siesta_0423_120232/' is not a directory
cp: target `/scratch/works/class/siesta_0423_120232/' is not a directory
cp: cannot stat `/home/class/GB/160413_graphene_6X6_doping/B/24/B_doped_24_n/*.DM': No such file or directory
/PBS/mom_priv/jobs/99000.master.hpc.SC: line 74: cd: /scratch/works/class/siesta_0423_120232: No such file or directory
cp: cannot stat `/scratch/works/class/siesta_0423_120232/stdout.txt': No such file or directory
cp: cannot stat `/scratch/works/class/siesta_0423_120232/*.xyz': No such file or directory
cp: cannot stat `/scratch/works/class/siesta_0423_120232/*.EIG': No such file or directory
cp: cannot stat `/scratch/works/class/siesta_0423_120232/*.DM': No such file or directory
cp: cannot stat `/scratch/works/class/siesta_0423_120232/*.DOS': No such file or directory
cp: cannot stat `/scratch/works/class/siesta_0423_120232/*.PDOS': No such file or directory
cp: cannot stat `/scratch/works/class/siesta_0423_120232/*.LDOS': No such file or directory
cp: cannot stat `/scratch/works/class/siesta_0423_120232/*.XV': No such file or directory
cp: cannot stat `/scratch/works/class/siesta_0423_120232/*.RHO': No such file or directory
cp: cannot stat `/scratch/works/class/siesta_0423_120232/*.VH': No such file or directory
cp: cannot stat `/scratch/works/class/siesta_0423_120232/*.bands': No such file or directory
cp: cannot stat `/scratch/works/class/siesta_0423_120232/*.WFSX': No such file or directory
cp: cannot stat `/scratch/works/class/siesta_0423_120232/*.HSX': No such file or directory
cp: cannot stat `/scratch/works/class/siesta_0423_120232/*.TSHS': No such file or directory
cp: cannot stat `/scratch/works/class/siesta_0423_120232/*.AVTRANS': No such file or directory
cp: cannot stat `/scratch/works/class/siesta_0423_120232/*.ANI': No such file or directory
