mkdir: cannot create directory `/scratch/works/class': Permission denied
cp: target `/scratch/works/class/siesta_0414_144443/' is not a directory
cp: target `/scratch/works/class/siesta_0414_144443/' is not a directory
cp: cannot create regular file `/scratch/works/class/siesta_0414_144443/': No such file or directory
/PBS/mom_priv/jobs/97370.master.hpc.SC: line 74: cd: /scratch/works/class/siesta_0414_144443: No such file or directory
cp: cannot stat `/scratch/works/class/siesta_0414_144443/stdout.txt': No such file or directory
cp: cannot stat `/scratch/works/class/siesta_0414_144443/*.xyz': No such file or directory
cp: cannot stat `/scratch/works/class/siesta_0414_144443/*.EIG': No such file or directory
cp: cannot stat `/scratch/works/class/siesta_0414_144443/*.DM': No such file or directory
cp: cannot stat `/scratch/works/class/siesta_0414_144443/*.DOS': No such file or directory
cp: cannot stat `/scratch/works/class/siesta_0414_144443/*.PDOS': No such file or directory
cp: cannot stat `/scratch/works/class/siesta_0414_144443/*.LDOS': No such file or directory
cp: cannot stat `/scratch/works/class/siesta_0414_144443/*.XV': No such file or directory
cp: cannot stat `/scratch/works/class/siesta_0414_144443/*.RHO': No such file or directory
cp: cannot stat `/scratch/works/class/siesta_0414_144443/*.VH': No such file or directory
cp: cannot stat `/scratch/works/class/siesta_0414_144443/*.bands': No such file or directory
cp: cannot stat `/scratch/works/class/siesta_0414_144443/*.WFSX': No such file or directory
cp: cannot stat `/scratch/works/class/siesta_0414_144443/*.HSX': No such file or directory
cp: cannot stat `/scratch/works/class/siesta_0414_144443/*.TSHS': No such file or directory
cp: cannot stat `/scratch/works/class/siesta_0414_144443/*.AVTRANS': No such file or directory
cp: cannot stat `/scratch/works/class/siesta_0414_144443/*.ANI': No such file or directory
