mkdir: cannot create directory `/scratch/works/class': Permission denied
cp: target `/scratch/works/class/siesta_0420_050716/' is not a directory
cp: target `/scratch/works/class/siesta_0420_050716/' is not a directory
cp: cannot stat `/home/class/GB/160413_graphene_6X6_doping/B/B_doped_26_q/*.DM': No such file or directory
/PBS/mom_priv/jobs/98432.master.hpc.SC: line 74: cd: /scratch/works/class/siesta_0420_050716: No such file or directory
cp: cannot stat `/scratch/works/class/siesta_0420_050716/stdout.txt': No such file or directory
cp: cannot stat `/scratch/works/class/siesta_0420_050716/*.xyz': No such file or directory
cp: cannot stat `/scratch/works/class/siesta_0420_050716/*.EIG': No such file or directory
cp: cannot stat `/scratch/works/class/siesta_0420_050716/*.DM': No such file or directory
cp: cannot stat `/scratch/works/class/siesta_0420_050716/*.DOS': No such file or directory
cp: cannot stat `/scratch/works/class/siesta_0420_050716/*.PDOS': No such file or directory
cp: cannot stat `/scratch/works/class/siesta_0420_050716/*.LDOS': No such file or directory
cp: cannot stat `/scratch/works/class/siesta_0420_050716/*.XV': No such file or directory
cp: cannot stat `/scratch/works/class/siesta_0420_050716/*.RHO': No such file or directory
cp: cannot stat `/scratch/works/class/siesta_0420_050716/*.VH': No such file or directory
cp: cannot stat `/scratch/works/class/siesta_0420_050716/*.bands': No such file or directory
cp: cannot stat `/scratch/works/class/siesta_0420_050716/*.WFSX': No such file or directory
cp: cannot stat `/scratch/works/class/siesta_0420_050716/*.HSX': No such file or directory
cp: cannot stat `/scratch/works/class/siesta_0420_050716/*.TSHS': No such file or directory
cp: cannot stat `/scratch/works/class/siesta_0420_050716/*.AVTRANS': No such file or directory
cp: cannot stat `/scratch/works/class/siesta_0420_050716/*.ANI': No such file or directory
