mkdir: cannot create directory `/scratch/works/class': Permission denied
cp: target `/scratch/works/class/siesta_0426_142852/' is not a directory
cp: target `/scratch/works/class/siesta_0426_142852/' is not a directory
cp: cannot stat `/home/class/GB/160413_graphene_6X6_doping/N/22/N_doped_22_d/*.DM': No such file or directory
/PBS/mom_priv/jobs/99336.master.hpc.SC: line 74: cd: /scratch/works/class/siesta_0426_142852: No such file or directory
cp: cannot stat `/scratch/works/class/siesta_0426_142852/stdout.txt': No such file or directory
cp: cannot stat `/scratch/works/class/siesta_0426_142852/*.xyz': No such file or directory
cp: cannot stat `/scratch/works/class/siesta_0426_142852/*.EIG': No such file or directory
cp: cannot stat `/scratch/works/class/siesta_0426_142852/*.DM': No such file or directory
cp: cannot stat `/scratch/works/class/siesta_0426_142852/*.DOS': No such file or directory
cp: cannot stat `/scratch/works/class/siesta_0426_142852/*.PDOS': No such file or directory
cp: cannot stat `/scratch/works/class/siesta_0426_142852/*.LDOS': No such file or directory
cp: cannot stat `/scratch/works/class/siesta_0426_142852/*.XV': No such file or directory
cp: cannot stat `/scratch/works/class/siesta_0426_142852/*.RHO': No such file or directory
cp: cannot stat `/scratch/works/class/siesta_0426_142852/*.VH': No such file or directory
cp: cannot stat `/scratch/works/class/siesta_0426_142852/*.bands': No such file or directory
cp: cannot stat `/scratch/works/class/siesta_0426_142852/*.WFSX': No such file or directory
cp: cannot stat `/scratch/works/class/siesta_0426_142852/*.HSX': No such file or directory
cp: cannot stat `/scratch/works/class/siesta_0426_142852/*.TSHS': No such file or directory
cp: cannot stat `/scratch/works/class/siesta_0426_142852/*.AVTRANS': No such file or directory
cp: cannot stat `/scratch/works/class/siesta_0426_142852/*.ANI': No such file or directory
