mkdir: cannot create directory `/scratch/works/class': Permission denied
cp: target `/scratch/works/class/siesta_0426_102858/' is not a directory
cp: target `/scratch/works/class/siesta_0426_102858/' is not a directory
cp: cannot stat `/home/class/GB/160413_graphene_6X6_doping/N/22/N_doped_22_b/*.DM': No such file or directory
/PBS/mom_priv/jobs/99332.master.hpc.SC: line 74: cd: /scratch/works/class/siesta_0426_102858: No such file or directory
cp: cannot stat `/scratch/works/class/siesta_0426_102858/stdout.txt': No such file or directory
cp: cannot stat `/scratch/works/class/siesta_0426_102858/*.xyz': No such file or directory
cp: cannot stat `/scratch/works/class/siesta_0426_102858/*.EIG': No such file or directory
cp: cannot stat `/scratch/works/class/siesta_0426_102858/*.DM': No such file or directory
cp: cannot stat `/scratch/works/class/siesta_0426_102858/*.DOS': No such file or directory
cp: cannot stat `/scratch/works/class/siesta_0426_102858/*.PDOS': No such file or directory
cp: cannot stat `/scratch/works/class/siesta_0426_102858/*.LDOS': No such file or directory
cp: cannot stat `/scratch/works/class/siesta_0426_102858/*.XV': No such file or directory
cp: cannot stat `/scratch/works/class/siesta_0426_102858/*.RHO': No such file or directory
cp: cannot stat `/scratch/works/class/siesta_0426_102858/*.VH': No such file or directory
cp: cannot stat `/scratch/works/class/siesta_0426_102858/*.bands': No such file or directory
cp: cannot stat `/scratch/works/class/siesta_0426_102858/*.WFSX': No such file or directory
cp: cannot stat `/scratch/works/class/siesta_0426_102858/*.HSX': No such file or directory
cp: cannot stat `/scratch/works/class/siesta_0426_102858/*.TSHS': No such file or directory
cp: cannot stat `/scratch/works/class/siesta_0426_102858/*.AVTRANS': No such file or directory
cp: cannot stat `/scratch/works/class/siesta_0426_102858/*.ANI': No such file or directory
