mkdir: cannot create directory `/scratch/works/class': Permission denied
cp: target `/scratch/works/class/siesta_0424_064947/' is not a directory
cp: target `/scratch/works/class/siesta_0424_064947/' is not a directory
cp: cannot stat `/home/class/GB/160413_graphene_6X6_doping/N/24/N_doped_24_z/*.DM': No such file or directory
/PBS/mom_priv/jobs/99063.master.hpc.SC: line 74: cd: /scratch/works/class/siesta_0424_064947: No such file or directory
cp: cannot stat `/scratch/works/class/siesta_0424_064947/stdout.txt': No such file or directory
cp: cannot stat `/scratch/works/class/siesta_0424_064947/*.xyz': No such file or directory
cp: cannot stat `/scratch/works/class/siesta_0424_064947/*.EIG': No such file or directory
cp: cannot stat `/scratch/works/class/siesta_0424_064947/*.DM': No such file or directory
cp: cannot stat `/scratch/works/class/siesta_0424_064947/*.DOS': No such file or directory
cp: cannot stat `/scratch/works/class/siesta_0424_064947/*.PDOS': No such file or directory
cp: cannot stat `/scratch/works/class/siesta_0424_064947/*.LDOS': No such file or directory
cp: cannot stat `/scratch/works/class/siesta_0424_064947/*.XV': No such file or directory
cp: cannot stat `/scratch/works/class/siesta_0424_064947/*.RHO': No such file or directory
cp: cannot stat `/scratch/works/class/siesta_0424_064947/*.VH': No such file or directory
cp: cannot stat `/scratch/works/class/siesta_0424_064947/*.bands': No such file or directory
cp: cannot stat `/scratch/works/class/siesta_0424_064947/*.WFSX': No such file or directory
cp: cannot stat `/scratch/works/class/siesta_0424_064947/*.HSX': No such file or directory
cp: cannot stat `/scratch/works/class/siesta_0424_064947/*.TSHS': No such file or directory
cp: cannot stat `/scratch/works/class/siesta_0424_064947/*.AVTRANS': No such file or directory
cp: cannot stat `/scratch/works/class/siesta_0424_064947/*.ANI': No such file or directory
