mkdir: cannot create directory `/scratch/works/class': Permission denied
cp: target `/scratch/works/class/siesta_0420_210432/' is not a directory
cp: target `/scratch/works/class/siesta_0420_210432/' is not a directory
cp: cannot stat `/home/class/GB/160413_graphene_6X6_doping/N/N_doped_26_y/*.DM': No such file or directory
/PBS/mom_priv/jobs/98470.master.hpc.SC: line 74: cd: /scratch/works/class/siesta_0420_210432: No such file or directory
cp: cannot stat `/scratch/works/class/siesta_0420_210432/stdout.txt': No such file or directory
cp: cannot stat `/scratch/works/class/siesta_0420_210432/*.xyz': No such file or directory
cp: cannot stat `/scratch/works/class/siesta_0420_210432/*.EIG': No such file or directory
cp: cannot stat `/scratch/works/class/siesta_0420_210432/*.DM': No such file or directory
cp: cannot stat `/scratch/works/class/siesta_0420_210432/*.DOS': No such file or directory
cp: cannot stat `/scratch/works/class/siesta_0420_210432/*.PDOS': No such file or directory
cp: cannot stat `/scratch/works/class/siesta_0420_210432/*.LDOS': No such file or directory
cp: cannot stat `/scratch/works/class/siesta_0420_210432/*.XV': No such file or directory
cp: cannot stat `/scratch/works/class/siesta_0420_210432/*.RHO': No such file or directory
cp: cannot stat `/scratch/works/class/siesta_0420_210432/*.VH': No such file or directory
cp: cannot stat `/scratch/works/class/siesta_0420_210432/*.bands': No such file or directory
cp: cannot stat `/scratch/works/class/siesta_0420_210432/*.WFSX': No such file or directory
cp: cannot stat `/scratch/works/class/siesta_0420_210432/*.HSX': No such file or directory
cp: cannot stat `/scratch/works/class/siesta_0420_210432/*.TSHS': No such file or directory
cp: cannot stat `/scratch/works/class/siesta_0420_210432/*.AVTRANS': No such file or directory
cp: cannot stat `/scratch/works/class/siesta_0420_210432/*.ANI': No such file or directory
