mkdir: cannot create directory `/scratch/works/class': Permission denied
cp: target `/scratch/works/class/siesta_0426_102733/' is not a directory
cp: target `/scratch/works/class/siesta_0426_102733/' is not a directory
cp: cannot stat `/home/class/GB/160413_graphene_6X6_doping/N/22/N_doped_22_a/*.DM': No such file or directory
/PBS/mom_priv/jobs/99331.master.hpc.SC: line 74: cd: /scratch/works/class/siesta_0426_102733: No such file or directory
cp: cannot stat `/scratch/works/class/siesta_0426_102733/stdout.txt': No such file or directory
cp: cannot stat `/scratch/works/class/siesta_0426_102733/*.xyz': No such file or directory
cp: cannot stat `/scratch/works/class/siesta_0426_102733/*.EIG': No such file or directory
cp: cannot stat `/scratch/works/class/siesta_0426_102733/*.DM': No such file or directory
cp: cannot stat `/scratch/works/class/siesta_0426_102733/*.DOS': No such file or directory
cp: cannot stat `/scratch/works/class/siesta_0426_102733/*.PDOS': No such file or directory
cp: cannot stat `/scratch/works/class/siesta_0426_102733/*.LDOS': No such file or directory
cp: cannot stat `/scratch/works/class/siesta_0426_102733/*.XV': No such file or directory
cp: cannot stat `/scratch/works/class/siesta_0426_102733/*.RHO': No such file or directory
cp: cannot stat `/scratch/works/class/siesta_0426_102733/*.VH': No such file or directory
cp: cannot stat `/scratch/works/class/siesta_0426_102733/*.bands': No such file or directory
cp: cannot stat `/scratch/works/class/siesta_0426_102733/*.WFSX': No such file or directory
cp: cannot stat `/scratch/works/class/siesta_0426_102733/*.HSX': No such file or directory
cp: cannot stat `/scratch/works/class/siesta_0426_102733/*.TSHS': No such file or directory
cp: cannot stat `/scratch/works/class/siesta_0426_102733/*.AVTRANS': No such file or directory
cp: cannot stat `/scratch/works/class/siesta_0426_102733/*.ANI': No such file or directory
