mkdir: cannot create directory `/scratch/works/class': Permission denied
cp: target `/scratch/works/class/siesta_0419_182833/' is not a directory
cp: target `/scratch/works/class/siesta_0419_182833/' is not a directory
cp: cannot create regular file `/scratch/works/class/siesta_0419_182833/': No such file or directory
/PBS/mom_priv/jobs/98400.master.hpc.SC: line 74: cd: /scratch/works/class/siesta_0419_182833: No such file or directory
cp: cannot stat `/scratch/works/class/siesta_0419_182833/stdout.txt': No such file or directory
cp: cannot stat `/scratch/works/class/siesta_0419_182833/*.xyz': No such file or directory
cp: cannot stat `/scratch/works/class/siesta_0419_182833/*.EIG': No such file or directory
cp: cannot stat `/scratch/works/class/siesta_0419_182833/*.DM': No such file or directory
cp: cannot stat `/scratch/works/class/siesta_0419_182833/*.DOS': No such file or directory
cp: cannot stat `/scratch/works/class/siesta_0419_182833/*.PDOS': No such file or directory
cp: cannot stat `/scratch/works/class/siesta_0419_182833/*.LDOS': No such file or directory
cp: cannot stat `/scratch/works/class/siesta_0419_182833/*.XV': No such file or directory
cp: cannot stat `/scratch/works/class/siesta_0419_182833/*.RHO': No such file or directory
cp: cannot stat `/scratch/works/class/siesta_0419_182833/*.VH': No such file or directory
cp: cannot stat `/scratch/works/class/siesta_0419_182833/*.bands': No such file or directory
cp: cannot stat `/scratch/works/class/siesta_0419_182833/*.WFSX': No such file or directory
cp: cannot stat `/scratch/works/class/siesta_0419_182833/*.HSX': No such file or directory
cp: cannot stat `/scratch/works/class/siesta_0419_182833/*.TSHS': No such file or directory
cp: cannot stat `/scratch/works/class/siesta_0419_182833/*.AVTRANS': No such file or directory
cp: cannot stat `/scratch/works/class/siesta_0419_182833/*.ANI': No such file or directory
