mkdir: cannot create directory `/scratch/works/class': Permission denied
cp: target `/scratch/works/class/siesta_0415_093337/' is not a directory
cp: target `/scratch/works/class/siesta_0415_093337/' is not a directory
cp: cannot create regular file `/scratch/works/class/siesta_0415_093337/': No such file or directory
/PBS/mom_priv/jobs/97588.master.hpc.SC: line 74: cd: /scratch/works/class/siesta_0415_093337: No such file or directory
cp: cannot stat `/scratch/works/class/siesta_0415_093337/stdout.txt': No such file or directory
cp: cannot stat `/scratch/works/class/siesta_0415_093337/*.xyz': No such file or directory
cp: cannot stat `/scratch/works/class/siesta_0415_093337/*.EIG': No such file or directory
cp: cannot stat `/scratch/works/class/siesta_0415_093337/*.DM': No such file or directory
cp: cannot stat `/scratch/works/class/siesta_0415_093337/*.DOS': No such file or directory
cp: cannot stat `/scratch/works/class/siesta_0415_093337/*.PDOS': No such file or directory
cp: cannot stat `/scratch/works/class/siesta_0415_093337/*.LDOS': No such file or directory
cp: cannot stat `/scratch/works/class/siesta_0415_093337/*.XV': No such file or directory
cp: cannot stat `/scratch/works/class/siesta_0415_093337/*.RHO': No such file or directory
cp: cannot stat `/scratch/works/class/siesta_0415_093337/*.VH': No such file or directory
cp: cannot stat `/scratch/works/class/siesta_0415_093337/*.bands': No such file or directory
cp: cannot stat `/scratch/works/class/siesta_0415_093337/*.WFSX': No such file or directory
cp: cannot stat `/scratch/works/class/siesta_0415_093337/*.HSX': No such file or directory
cp: cannot stat `/scratch/works/class/siesta_0415_093337/*.TSHS': No such file or directory
cp: cannot stat `/scratch/works/class/siesta_0415_093337/*.AVTRANS': No such file or directory
cp: cannot stat `/scratch/works/class/siesta_0415_093337/*.ANI': No such file or directory
