mkdir: cannot create directory `/scratch/works/class': Permission denied
cp: target `/scratch/works/class/siesta_0421_045901/' is not a directory
cp: target `/scratch/works/class/siesta_0421_045901/' is not a directory
cp: cannot create regular file `/scratch/works/class/siesta_0421_045901/': No such file or directory
/PBS/mom_priv/jobs/98452.master.hpc.SC: line 74: cd: /scratch/works/class/siesta_0421_045901: No such file or directory
cp: cannot stat `/scratch/works/class/siesta_0421_045901/stdout.txt': No such file or directory
cp: cannot stat `/scratch/works/class/siesta_0421_045901/*.xyz': No such file or directory
cp: cannot stat `/scratch/works/class/siesta_0421_045901/*.EIG': No such file or directory
cp: cannot stat `/scratch/works/class/siesta_0421_045901/*.DM': No such file or directory
cp: cannot stat `/scratch/works/class/siesta_0421_045901/*.DOS': No such file or directory
cp: cannot stat `/scratch/works/class/siesta_0421_045901/*.PDOS': No such file or directory
cp: cannot stat `/scratch/works/class/siesta_0421_045901/*.LDOS': No such file or directory
cp: cannot stat `/scratch/works/class/siesta_0421_045901/*.XV': No such file or directory
cp: cannot stat `/scratch/works/class/siesta_0421_045901/*.RHO': No such file or directory
cp: cannot stat `/scratch/works/class/siesta_0421_045901/*.VH': No such file or directory
cp: cannot stat `/scratch/works/class/siesta_0421_045901/*.bands': No such file or directory
cp: cannot stat `/scratch/works/class/siesta_0421_045901/*.WFSX': No such file or directory
cp: cannot stat `/scratch/works/class/siesta_0421_045901/*.HSX': No such file or directory
cp: cannot stat `/scratch/works/class/siesta_0421_045901/*.TSHS': No such file or directory
cp: cannot stat `/scratch/works/class/siesta_0421_045901/*.AVTRANS': No such file or directory
cp: cannot stat `/scratch/works/class/siesta_0421_045901/*.ANI': No such file or directory
