
#FDF: Opened INPUT_TMP.65628      for input. Unit: 12

fdf-debug              0     # Default value
SystemName     GRP_doping                                                                                                                          
SystemLabel     GRP_doping                                                                                                                          
XML.Write              T     # Default value
Write.XML              T     # Default value
XML.AbortOnErrors              F     # Default value
XML.AbortOnWarnings              F     # Default value
alloc_report_level              0     # Default value
xc.functional     GGA                                                                                                                                 
xc.authors     PBE                                                                                                                                 
MM.Cutoff          30.00000000     Bohr     # Default value
MM.UnitsEnergy     eV     # Default value
MM.UnitsDistance     Ang     # Default value
WriteIonPlotFiles              F     # Default value
Atom.Debug.KB.Generation              F     # Default value
user-basis              F     # Default value
user-basis-netcdf              F     # Default value
ReparametrizePseudos              F     # Default value
Restricted.Radial.Grid              T     # Default value
Rmax.Radial.Grid          0.000000000         # Default value
PAO.BasisSize     DZP                                                                                                                                 
PAO.BasisType     split                                                                                                                               
PAO.SoftDefault              F     # Default value
PAO.SoftInnerRadius         0.9000000000         # Default value
PAO.SoftPotential          40.00000000         # Default value
PAO.SplitNorm         0.1500000000    
PAO.SplitNormH         -1.000000000         # Default value
Number_of_species                        2

%block ChemicalSpeciesLabel                                                    
 1 7 N                                                                         
 2 6 C                                                                         
%endblock ChemicalSpeciesLabel                                                 
 
FilterCutoff          0.000000000     Ry     # Default value
FilterTol          0.000000000     Ry     # Default value
KB.Rmax          6.000000000     Bohr     # Default value
PAO.EnergyShift         0.7349798845E-02         Ry
# Above item originally: PAO.EnergyShift          100.0000000     meV       
PAO.SplitTailNorm              F     # Default value
PAO.FixSplitTable              F     # Default value
PAO.NewSplitCode              F     # Default value
PAO.Filter              F     # Default value
PAO.Keep.Findp.Bug              F     # Default value
PAO.Filter              F     # Default value
PAO.Filter              F     # Default value
PAO.Filter              F     # Default value
PAO.OldStylePolorbs              T     # Default value
PAO.SplitTailNorm              F     # Default value
PAO.FixSplitTable              F     # Default value
PAO.NewSplitCode              F     # Default value
PAO.Filter              F     # Default value
Vna.Filter              F     # Default value
PCC.Filter              F     # Default value
FilterCutoff          0.000000000     Ry     # Default value
FilterTol          0.000000000     Ry     # Default value
KB.Rmax          6.000000000     Bohr     # Default value
PAO.EnergyShift         0.7349798845E-02         Ry
# Above item originally: PAO.EnergyShift          100.0000000     meV       
PAO.SplitTailNorm              F     # Default value
PAO.FixSplitTable              F     # Default value
PAO.NewSplitCode              F     # Default value
PAO.Filter              F     # Default value
PAO.Filter              F     # Default value
PAO.Filter              F     # Default value
PAO.Filter              F     # Default value
PAO.OldStylePolorbs              T     # Default value
PAO.SplitTailNorm              F     # Default value
PAO.FixSplitTable              F     # Default value
PAO.NewSplitCode              F     # Default value
PAO.Filter              F     # Default value
Vna.Filter              F     # Default value
PCC.Filter              F     # Default value
PAO.BasisType     split                                                                                                                               
Atom-Setup-Only              F     # Default value
UseStructFile              F     # Default value
MD.UseStructFile              F     # Default value
LatticeConstant          1.889726878           Bohr
# Above item originally: LatticeConstant          1.000000000     Ang       

%block LatticeVectors                                                          
   14.784999847     0.000000000     0.000000000                                
    7.392499924    12.804185463     0.000000000                                
    0.000000000     0.000000000    10.000000000                                
%endblock LatticeVectors                                                       
 

%block LatticeVectors                                                          
   14.784999847     0.000000000     0.000000000                                
    7.392499924    12.804185463     0.000000000                                
    0.000000000     0.000000000    10.000000000                                
%endblock LatticeVectors                                                       
 
AtomicCoordinatesFormat     Ang                                                                                                                                 
NumberOfAtoms                       72
ZM.UnitsLength     Bohr           # Default value
ZM.UnitsAngle     rad            # Default value
ZM.ForceTolLength         0.1555740000E-02 Ry/Bohr     # Default value
ZM.ForceTolAngle         0.3565490000E-02 Ry/rad     # Default value
ZM.MaxDisplLength         0.2000000000     Bohr     # Default value
ZM.MaxDisplAngle         0.3000000000E-02 rad     # Default value
ZM.CalcAllForces              F     # Default value

%block AtomicCoordinatesAndAtomicSpecies                                       
     1.182968088     0.698977978     0.000000000    1    1                     
     4.878857920     1.409955480     0.000000000    1    2                     
     2.414934762     1.409955480     0.000000000    2    3                     
    17.199545976    11.368642357     0.000000000    2    4                     
    18.431511355    12.079619239     0.000000000    2    5                     
    18.431489765     9.234708117     0.000000000    2    6                     
    19.663456907     9.945686525     0.000000000    2    7                     
    17.199514691     7.100776166     0.000000000    2    8                     
    18.431479630     7.811753812     0.000000000    2    9                     
    15.967537415     4.966843453     0.000000000    2   10                     
    17.199504116     5.677821098     0.000000000    2   11                     
    14.735559147     2.832910549     0.000000000    2   12                     
    15.967526620     3.543888003     0.000000000    2   13                     
    14.735623149    11.368642357     0.000000000    2   14                     
    15.967589409    12.079619239     0.000000000    2   15                     
     3.646891081     0.698977978     0.000000000    2   16                     
     6.110813688     0.698977978     0.000000000    2   17                     
     7.342780307     1.409955480     0.000000000    2   18                     
     8.574736075     0.698977978     0.000000000    2   19                     
     9.806703575     1.409955480     0.000000000    2   20                     
    11.039659126     0.698977978     0.000000000    2   21                     
    12.271626626     1.409955480     0.000000000    2   22                     
    13.503581954     0.698977978     0.000000000    2   23                     
    14.735548572     1.409955480     0.000000000    2   24                     
     2.414945227     2.832910549     0.000000000    2   25                     
     3.646911928     3.543888003     0.000000000    2   26                     
     4.878868275     2.832910549     0.000000000    2   27                     
     6.110834645     3.543888003     0.000000000    2   28                     
     7.342790882     2.832910549     0.000000000    2   29                     
     8.574757473     3.543888003     0.000000000    2   30                     
     9.807713493     2.832910549     0.000000000    2   31                     
    11.039680084     3.543888003     0.000000000    2   32                     
    12.271637201     2.832910549     0.000000000    2   33                     
    13.503602911     3.543888003     0.000000000    2   34                     
     3.646922613     4.966843453     0.000000000    2   35                     
     4.878889425     5.677821098     0.000000000    2   36                     
     6.110845441     4.966843453     0.000000000    2   37                     
     7.342812142     5.677821098     0.000000000    2   38                     
     8.574767828     4.966843453     0.000000000    2   39                     
     9.806734969     5.677821098     0.000000000    2   40                     
    11.039690879     4.966843453     0.000000000    2   41                     
    12.271657580     5.677821098     0.000000000    2   42                     
     4.878900000     7.100776166     0.000000000    2   43                     
     6.110866591     7.811753812     0.000000000    2   44                     
     7.342822497     7.100776166     0.000000000    2   45                     
     8.574788978     7.811753812     0.000000000    2   46                     
     9.807744887     7.100776166     0.000000000    2   47                     
    11.039712029     7.811753812     0.000000000    2   48                     
     6.110876725     9.234708117     0.000000000    2   49                     
     7.342843427     9.945686525     0.000000000    2   50                     
     8.574799332     9.234708117     0.000000000    2   51                     
     9.806766695     9.945686525     0.000000000    2   52                     
     7.342854222    11.368642357     0.000000000    2   53                     
     8.574820593    12.079619239     0.000000000    2   54                     
     9.807776612    11.368642357     0.000000000    2   55                     
    11.039743754    12.079619239     0.000000000    2   56                     
    13.503613706     4.966843453     0.000000000    2   57                     
    14.735580408     5.677821098     0.000000000    2   58                     
    12.271668155     7.100776166     0.000000000    2   59                     
    13.503634857     7.811753812     0.000000000    2   60                     
    11.039722164     9.234708117     0.000000000    2   61                     
    12.271689305     9.945686525     0.000000000    2   62                     
    14.735590983     7.100776166     0.000000000    2   63                     
    15.967558565     7.811753812     0.000000000    2   64                     
    13.503644991     9.234708117     0.000000000    2   65                     
    14.735612133     9.945686525     0.000000000    2   66                     
    12.271700321    11.368642357     0.000000000    2   67                     
    13.503666141    12.079619239     0.000000000    2   68                     
    15.967568700     9.234708117     0.000000000    2   69                     
    17.199535842     9.945686525     0.000000000    2   70                     
    19.664469028    11.368642357     0.000000000    2   71                     
    20.896434407    12.079619239     0.000000000    2   72                     
%endblock AtomicCoordinatesAndAtomicSpecies                                    
 
UseSaveData              F     # Default value
MD.UseSaveXV              F     # Default value
MD.UseSaveZM              F     # Default value
WriteCoorInitial              T     # Default value
MD.TypeOfRun     none     # Default value
MaxBondDistance          6.000000000     Bohr     # Default value
Output-Structure-Only              F     # Default value
SpinPolarized              F     # Default value
NonCollinearSpin              F     # Default value
LongOutput              F     # Default value
WriteDenchar              F     # Default value
WriteMullikenPop              0     # Default value
WriteHirshfeldPop              F     # Default value
WriteVoronoiPop              F     # Default value
PartialChargesAtEveryGeometry              F     # Default value
PartialChargesAtEveryScfStep              F     # Default value
MeshCutoff          200.0000000             Ry
# Above item originally: MeshCutoff          200.0000000     Ry        
NetCharge          0.000000000         # Default value
MaxSCFIterations                      500
SCFMustConverge              T
DM.NumberPulay                       10
DM.NumberBroyden              0     # Default value
DM.FIRE.Mixing              F     # Default value
DM.MixSCF1              F     # Default value
DM.PulayOnFile              F
DM.Pulay.Avoid.First.After.Kick              F     # Default value
DM.MixingWeight         0.5000000000E-01
DM.OccupancyTolerance         0.1000000000E-11     # Default value
DM.NumberKick              0     # Default value
DM.KickMixingWeight         0.5000000000         # Default value
DM.Tolerance         0.1000000000E-03
DM.RequireEnergyConvergence              F     # Default value
DM.EnergyTolerance         0.7349806700E-05 Ry     # Default value
DM.RequireHarrisConvergence              F     # Default value
DM.HarrisTolerance         0.7349806700E-05 Ry     # Default value
UseSaveData              F     # Default value
DM.UseSaveDM              T
NeglNonOverlapInt              F
SolutionMethod     Diagon                                                                                                                              
Diag.DivideAndConquer              T     # Default value
Diag.Memory          1.000000000         # Default value
ElectronicTemperature         0.1900069269E-02         Ry
# Above item originally: ElectronicTemperature          300.0000000     K         
FixSpin              F     # Default value
ON.MaxNumIter           1000     # Default value
ON.etol         0.1000000000E-07     # Default value
ON.eta          0.000000000     Ry     # Default value
ON.eta_alpha          0.000000000     Ry     # Default value
ON.eta_beta          0.000000000     Ry     # Default value
On.RcLWF          9.500000000     Bohr     # Default value
ON.UseSaveLWF              F     # Default value
ON.functional     kim     # Default value
ON.ChemicalPotentialUse              F     # Default value
ON.ChemicalPotential              F     # Default value
ON.ChemicalPotentialRc          9.500000000     Bohr     # Default value
ON.ChemicalPotentialTemperature         0.5000000000E-01 Ry     # Default value
ON.ChemicalPotentialOrder            100     # Default value
MD.VariableCell              F     # Default value
MD.TypeOfRun     verlet     # Default value
MD.NumCGsteps              0     # Default value
MD.MaxCGDispl         0.2000000000     Bohr     # Default value
MD.MaxForceTol         0.1555740000E-02 Ry/Bohr     # Default value
MD.MaxStressTol         0.6797730000E-04 Ry/Bohr**3     # Default value
MD.InitialTimeStep              1     # Default value
MD.FinalTimeStep              1     # Default value
MD.LengthTimeStep          1.000000000     fs     # Default value
MD.Quench              F     # Default value
MD.FireQuench              F     # Default value
MD.InitialTemperature          0.000000000     K     # Default value
MD.TargetTemperature          0.000000000     K     # Default value
MD.TargetPressure          0.000000000     Ry/Bohr**3     # Default value
MD.NoseMass          100.0000000     Ry*fs**2     # Default value
MD.ParrinelloRahmanMass          100.0000000     Ry*fs**2     # Default value
MD.AnnealOption     TemperatureAndPressure     # Default value
MD.TauRelax          100.0000000     fs     # Default value
MD.BulkModulus         0.6797730000E-02 Ry/Bohr**3     # Default value
MD.FCDispl         0.4000000000E-01 Bohr     # Default value
MD.FCfirst              1     # Default value
MD.FClast             72     # Default value
UseSpatialDecomposition              F     # Default value
UseDomainDecomposition              F     # Default value
Harris_functional              F     # Default value
WriteKpoints              F     # Default value
WriteForces              F     # Default value
WriteDM              T     # Default value
WriteDM.NetCDF              T     # Default value
WriteDM.History.NetCDF              F     # Default value
WriteDMHS.NetCDF              T     # Default value
WriteDMHS.History.NetCDF              F     # Default value
SCF.Read.Charge.NetCDF              F     # Default value
SCF.Read.Deformation.Charge.NetCDF              F     # Default value
SaveInitialChargeDensity              F     # Default value
UseNewDiagk              F     # Default value
WriteBands              F     # Default value
WriteKbands              F     # Default value
WriteEigenvalues              F     # Default value
WriteCoorStep              F     # Default value
WriteMDhistory              F     # Default value
WriteMDXmol              F     # Default value
UseSaveData              F     # Default value
SaveHS              F     # Default value
FixAuxiliaryCell              F     # Default value
NaiveAuxiliaryCell              F     # Default value
ReInitialiseDM              T     # Default value
DM.AllowReuse              T     # Default value
DM.AllowExtrapolation              T     # Default value
MullikenInSCF              F     # Default value
WarningMinimumAtomicDistance          1.000000000     Bohr     # Default value
BornCharge              F     # Default value
ChangeKgridInMD              F     # Default value
Diag.ParallelOverK              F     # Default value
MD.RelaxCellOnly              F     # Default value
MD.RemoveIntraMolecularPressure              F     # Default value
COOP.Write              F     # Default value
SaveRho              F     # Default value
SaveDeltaRho              F     # Default value
SaveElectrostaticPotential              F     # Default value
SaveNeutralAtomPotential              F     # Default value
SaveTotalPotential              F     # Default value
SaveIonicCharge              F     # Default value
SaveBaderCharge              F     # Default value
SaveTotalCharge              F     # Default value
RcSpatial          0.000000000     Bohr     # Default value
ProcessorGridX              1     # Default value
ProcessorGridY              1     # Default value
ProcessorGridZ              1     # Default value
processorY              2     # Default value
blocksize             24     # Default value
NumberOfEigenStates            936     # Default value
TimeReversalSymmetryForKpoints              T     # Default value

%block kgrid_Monkhorst_Pack                                                    
  26   0   0   0.0                                                             
   0  26   0   0.0                                                             
   0   0   1   0.0                                                             
%endblock kgrid_Monkhorst_Pack                                                 
 
WFS.EnergyMin        -0.1797693135+309 Ry     # Default value
WFS.EnergyMax         0.1797693135+309 Ry     # Default value
LongOutput              F     # Default value
WriteWaveFunctions              F     # Default value
WriteWaveDebug              F     # Default value
ForceAuxCell              F     # Default value
AtomicCoordinatesFormat     Ang                                                                                                                                 
AtomCoorFormatOut     Ang                        # Default value
LatticeConstant          1.889726878           Bohr
# Above item originally: LatticeConstant          1.000000000     Ang       
DM.FormattedFiles              F     # Default value
DM.FormattedInput              F     # Default value
DM.FormattedOutput              F     # Default value
Harris_functional              F     # Default value
MeshSubDivisions              2     # Default value
LatticeConstant          1.889726878           Bohr
# Above item originally: LatticeConstant          1.000000000     Ang       

%block LatticeVectors                                                          
   14.784999847     0.000000000     0.000000000                                
    7.392499924    12.804185463     0.000000000                                
    0.000000000     0.000000000    10.000000000                                
%endblock LatticeVectors                                                       
 

%block LatticeVectors                                                          
   14.784999847     0.000000000     0.000000000                                
    7.392499924    12.804185463     0.000000000                                
    0.000000000     0.000000000    10.000000000                                
%endblock LatticeVectors                                                       
 
DirectPhi              F     # Default value
SimulateDoping              F     # Default value
SlabDipoleCorrection              F     # Default value
Diag.ParallelOverK              F     # Default value
LatticeConstant          1.889726878           Bohr
# Above item originally: LatticeConstant          1.000000000     Ang       

%block LatticeVectors                                                          
   14.784999847     0.000000000     0.000000000                                
    7.392499924    12.804185463     0.000000000                                
    0.000000000     0.000000000    10.000000000                                
%endblock LatticeVectors                                                       
 

%block LatticeVectors                                                          
   14.784999847     0.000000000     0.000000000                                
    7.392499924    12.804185463     0.000000000                                
    0.000000000     0.000000000    10.000000000                                
%endblock LatticeVectors                                                       
 
Diag.AllInOne              F     # Default value
Diag.DivideAndConquer              T     # Default value
Diag.NoExpert              F     # Default value
Diag.PreRotate              F     # Default value
Diag.Use2D              T     # Default value
SingleExcitation              F     # Default value
OccupationFunction     FD     # Default value
OccupationFunction     FD     # Default value
WriteCoorXmol              F     # Default value
WriteCoorCerius              F     # Default value
BasisPressure         0.2000000000     GPa     # Default value
OpticalCalculation              F     # Default value
