mkdir: cannot create directory `/scratch/works/class': Permission denied
cp: target `/scratch/works/class/siesta_0425_181125/' is not a directory
cp: target `/scratch/works/class/siesta_0425_181125/' is not a directory
cp: cannot stat `/home/class/GB/160413_graphene_6X6_doping/B/22/B_doped_22_g/*.DM': No such file or directory
/PBS/mom_priv/jobs/99233.master.hpc.SC: line 74: cd: /scratch/works/class/siesta_0425_181125: No such file or directory
cp: cannot stat `/scratch/works/class/siesta_0425_181125/stdout.txt': No such file or directory
cp: cannot stat `/scratch/works/class/siesta_0425_181125/*.xyz': No such file or directory
cp: cannot stat `/scratch/works/class/siesta_0425_181125/*.EIG': No such file or directory
cp: cannot stat `/scratch/works/class/siesta_0425_181125/*.DM': No such file or directory
cp: cannot stat `/scratch/works/class/siesta_0425_181125/*.DOS': No such file or directory
cp: cannot stat `/scratch/works/class/siesta_0425_181125/*.PDOS': No such file or directory
cp: cannot stat `/scratch/works/class/siesta_0425_181125/*.LDOS': No such file or directory
cp: cannot stat `/scratch/works/class/siesta_0425_181125/*.XV': No such file or directory
cp: cannot stat `/scratch/works/class/siesta_0425_181125/*.RHO': No such file or directory
cp: cannot stat `/scratch/works/class/siesta_0425_181125/*.VH': No such file or directory
cp: cannot stat `/scratch/works/class/siesta_0425_181125/*.bands': No such file or directory
cp: cannot stat `/scratch/works/class/siesta_0425_181125/*.WFSX': No such file or directory
cp: cannot stat `/scratch/works/class/siesta_0425_181125/*.HSX': No such file or directory
cp: cannot stat `/scratch/works/class/siesta_0425_181125/*.TSHS': No such file or directory
cp: cannot stat `/scratch/works/class/siesta_0425_181125/*.AVTRANS': No such file or directory
cp: cannot stat `/scratch/works/class/siesta_0425_181125/*.ANI': No such file or directory
