mkdir: cannot create directory `/scratch/works/class': Permission denied
cp: target `/scratch/works/class/siesta_0507_075241/' is not a directory
cp: target `/scratch/works/class/siesta_0507_075241/' is not a directory
cp: cannot stat `/home/class/GB/160413_graphene_6X6_doping/N/12/N_doped_12_h/*.DM': No such file or directory
/PBS/mom_priv/jobs/101077.master.hpc.SC: line 74: cd: /scratch/works/class/siesta_0507_075241: No such file or directory
cp: cannot stat `/scratch/works/class/siesta_0507_075241/stdout.txt': No such file or directory
cp: cannot stat `/scratch/works/class/siesta_0507_075241/*.xyz': No such file or directory
cp: cannot stat `/scratch/works/class/siesta_0507_075241/*.EIG': No such file or directory
cp: cannot stat `/scratch/works/class/siesta_0507_075241/*.DM': No such file or directory
cp: cannot stat `/scratch/works/class/siesta_0507_075241/*.DOS': No such file or directory
cp: cannot stat `/scratch/works/class/siesta_0507_075241/*.PDOS': No such file or directory
cp: cannot stat `/scratch/works/class/siesta_0507_075241/*.LDOS': No such file or directory
cp: cannot stat `/scratch/works/class/siesta_0507_075241/*.XV': No such file or directory
cp: cannot stat `/scratch/works/class/siesta_0507_075241/*.RHO': No such file or directory
cp: cannot stat `/scratch/works/class/siesta_0507_075241/*.VH': No such file or directory
cp: cannot stat `/scratch/works/class/siesta_0507_075241/*.bands': No such file or directory
cp: cannot stat `/scratch/works/class/siesta_0507_075241/*.WFSX': No such file or directory
cp: cannot stat `/scratch/works/class/siesta_0507_075241/*.HSX': No such file or directory
cp: cannot stat `/scratch/works/class/siesta_0507_075241/*.TSHS': No such file or directory
cp: cannot stat `/scratch/works/class/siesta_0507_075241/*.AVTRANS': No such file or directory
cp: cannot stat `/scratch/works/class/siesta_0507_075241/*.ANI': No such file or directory
