mkdir: cannot create directory `/scratch/works/class': Permission denied
cp: target `/scratch/works/class/siesta_0421_195809/' is not a directory
cp: target `/scratch/works/class/siesta_0421_195809/' is not a directory
cp: cannot stat `/home/class/GB/160413_graphene_6X6_doping/B/25/B_doped_25_k/*.DM': No such file or directory
/PBS/mom_priv/jobs/98530.master.hpc.SC: line 74: cd: /scratch/works/class/siesta_0421_195809: No such file or directory
cp: cannot stat `/scratch/works/class/siesta_0421_195809/stdout.txt': No such file or directory
cp: cannot stat `/scratch/works/class/siesta_0421_195809/*.xyz': No such file or directory
cp: cannot stat `/scratch/works/class/siesta_0421_195809/*.EIG': No such file or directory
cp: cannot stat `/scratch/works/class/siesta_0421_195809/*.DM': No such file or directory
cp: cannot stat `/scratch/works/class/siesta_0421_195809/*.DOS': No such file or directory
cp: cannot stat `/scratch/works/class/siesta_0421_195809/*.PDOS': No such file or directory
cp: cannot stat `/scratch/works/class/siesta_0421_195809/*.LDOS': No such file or directory
cp: cannot stat `/scratch/works/class/siesta_0421_195809/*.XV': No such file or directory
cp: cannot stat `/scratch/works/class/siesta_0421_195809/*.RHO': No such file or directory
cp: cannot stat `/scratch/works/class/siesta_0421_195809/*.VH': No such file or directory
cp: cannot stat `/scratch/works/class/siesta_0421_195809/*.bands': No such file or directory
cp: cannot stat `/scratch/works/class/siesta_0421_195809/*.WFSX': No such file or directory
cp: cannot stat `/scratch/works/class/siesta_0421_195809/*.HSX': No such file or directory
cp: cannot stat `/scratch/works/class/siesta_0421_195809/*.TSHS': No such file or directory
cp: cannot stat `/scratch/works/class/siesta_0421_195809/*.AVTRANS': No such file or directory
cp: cannot stat `/scratch/works/class/siesta_0421_195809/*.ANI': No such file or directory
