mkdir: cannot create directory `/scratch/works/class': Permission denied
cp: target `/scratch/works/class/siesta_0501_200536/' is not a directory
cp: target `/scratch/works/class/siesta_0501_200536/' is not a directory
cp: cannot stat `/home/class/GB/160413_graphene_6X6_doping/N/19/N_doped_19_v/*.DM': No such file or directory
/PBS/mom_priv/jobs/100255.master.hpc.SC: line 74: cd: /scratch/works/class/siesta_0501_200536: No such file or directory
cp: cannot stat `/scratch/works/class/siesta_0501_200536/stdout.txt': No such file or directory
cp: cannot stat `/scratch/works/class/siesta_0501_200536/*.xyz': No such file or directory
cp: cannot stat `/scratch/works/class/siesta_0501_200536/*.EIG': No such file or directory
cp: cannot stat `/scratch/works/class/siesta_0501_200536/*.DM': No such file or directory
cp: cannot stat `/scratch/works/class/siesta_0501_200536/*.DOS': No such file or directory
cp: cannot stat `/scratch/works/class/siesta_0501_200536/*.PDOS': No such file or directory
cp: cannot stat `/scratch/works/class/siesta_0501_200536/*.LDOS': No such file or directory
cp: cannot stat `/scratch/works/class/siesta_0501_200536/*.XV': No such file or directory
cp: cannot stat `/scratch/works/class/siesta_0501_200536/*.RHO': No such file or directory
cp: cannot stat `/scratch/works/class/siesta_0501_200536/*.VH': No such file or directory
cp: cannot stat `/scratch/works/class/siesta_0501_200536/*.bands': No such file or directory
cp: cannot stat `/scratch/works/class/siesta_0501_200536/*.WFSX': No such file or directory
cp: cannot stat `/scratch/works/class/siesta_0501_200536/*.HSX': No such file or directory
cp: cannot stat `/scratch/works/class/siesta_0501_200536/*.TSHS': No such file or directory
cp: cannot stat `/scratch/works/class/siesta_0501_200536/*.AVTRANS': No such file or directory
cp: cannot stat `/scratch/works/class/siesta_0501_200536/*.ANI': No such file or directory
