mkdir: cannot create directory `/scratch/works/class': Permission denied
cp: target `/scratch/works/class/siesta_0425_043436/' is not a directory
cp: target `/scratch/works/class/siesta_0425_043436/' is not a directory
cp: cannot stat `/home/class/GB/160413_graphene_6X6_doping/B/22/B_doped_22_s/*.DM': No such file or directory
/PBS/mom_priv/jobs/99140.master.hpc.SC: line 74: cd: /scratch/works/class/siesta_0425_043436: No such file or directory
cp: cannot stat `/scratch/works/class/siesta_0425_043436/stdout.txt': No such file or directory
cp: cannot stat `/scratch/works/class/siesta_0425_043436/*.xyz': No such file or directory
cp: cannot stat `/scratch/works/class/siesta_0425_043436/*.EIG': No such file or directory
cp: cannot stat `/scratch/works/class/siesta_0425_043436/*.DM': No such file or directory
cp: cannot stat `/scratch/works/class/siesta_0425_043436/*.DOS': No such file or directory
cp: cannot stat `/scratch/works/class/siesta_0425_043436/*.PDOS': No such file or directory
cp: cannot stat `/scratch/works/class/siesta_0425_043436/*.LDOS': No such file or directory
cp: cannot stat `/scratch/works/class/siesta_0425_043436/*.XV': No such file or directory
cp: cannot stat `/scratch/works/class/siesta_0425_043436/*.RHO': No such file or directory
cp: cannot stat `/scratch/works/class/siesta_0425_043436/*.VH': No such file or directory
cp: cannot stat `/scratch/works/class/siesta_0425_043436/*.bands': No such file or directory
cp: cannot stat `/scratch/works/class/siesta_0425_043436/*.WFSX': No such file or directory
cp: cannot stat `/scratch/works/class/siesta_0425_043436/*.HSX': No such file or directory
cp: cannot stat `/scratch/works/class/siesta_0425_043436/*.TSHS': No such file or directory
cp: cannot stat `/scratch/works/class/siesta_0425_043436/*.AVTRANS': No such file or directory
cp: cannot stat `/scratch/works/class/siesta_0425_043436/*.ANI': No such file or directory
