mkdir: cannot create directory `/scratch/works/class': Permission denied
cp: target `/scratch/works/class/siesta_0428_052846/' is not a directory
cp: target `/scratch/works/class/siesta_0428_052846/' is not a directory
cp: cannot stat `/home/class/GB/160413_graphene_6X6_doping/B/21/B_doped_21_v/*.DM': No such file or directory
/PBS/mom_priv/jobs/99691.master.hpc.SC: line 74: cd: /scratch/works/class/siesta_0428_052846: No such file or directory
cp: cannot stat `/scratch/works/class/siesta_0428_052846/stdout.txt': No such file or directory
cp: cannot stat `/scratch/works/class/siesta_0428_052846/*.xyz': No such file or directory
cp: cannot stat `/scratch/works/class/siesta_0428_052846/*.EIG': No such file or directory
cp: cannot stat `/scratch/works/class/siesta_0428_052846/*.DM': No such file or directory
cp: cannot stat `/scratch/works/class/siesta_0428_052846/*.DOS': No such file or directory
cp: cannot stat `/scratch/works/class/siesta_0428_052846/*.PDOS': No such file or directory
cp: cannot stat `/scratch/works/class/siesta_0428_052846/*.LDOS': No such file or directory
cp: cannot stat `/scratch/works/class/siesta_0428_052846/*.XV': No such file or directory
cp: cannot stat `/scratch/works/class/siesta_0428_052846/*.RHO': No such file or directory
cp: cannot stat `/scratch/works/class/siesta_0428_052846/*.VH': No such file or directory
cp: cannot stat `/scratch/works/class/siesta_0428_052846/*.bands': No such file or directory
cp: cannot stat `/scratch/works/class/siesta_0428_052846/*.WFSX': No such file or directory
cp: cannot stat `/scratch/works/class/siesta_0428_052846/*.HSX': No such file or directory
cp: cannot stat `/scratch/works/class/siesta_0428_052846/*.TSHS': No such file or directory
cp: cannot stat `/scratch/works/class/siesta_0428_052846/*.AVTRANS': No such file or directory
cp: cannot stat `/scratch/works/class/siesta_0428_052846/*.ANI': No such file or directory
