cp: cannot stat `/home/jhiskard/151127_Graphene_doping_database/SIESTA/B/B_doped_09_211181111/*.psf': No such file or directory
cp: cannot stat `/home/jhiskard/151127_Graphene_doping_database/SIESTA/B/B_doped_09_211181111/*.DM': No such file or directory
FDF: Cannot open STRUCT.fdf                                                  
FDF: Cannot open BASIS.fdf                                                   
FDF: Cannot open STRUCT.fdf                                                  
FDF: Cannot open BASIS.fdf                                                   
FDF: Cannot open STRUCT.fdf                                                  
FDF: Cannot open BASIS.fdf                                                   
FDF: Cannot open STRUCT.fdf                                                  
FDF: Cannot open BASIS.fdf                                                   
FDF: Cannot open STRUCT.fdf                                                  
FDF: Cannot open BASIS.fdf                                                   
FDF: Cannot open STRUCT.fdf                                                  
FDF: Cannot open BASIS.fdf                                                   
FDF: Cannot open STRUCT.fdf                                                  
FDF: Cannot open BASIS.fdf                                                   
FDF: Cannot open STRUCT.fdf                                                  
FDF: Cannot open BASIS.fdf                                                   
FDF: Cannot open STRUCT.fdf                                                  
FDF: Cannot open BASIS.fdf                                                   
FDF: Cannot open STRUCT.fdf                                                  
FDF: Cannot open BASIS.fdf                                                   
FDF: Cannot open STRUCT.fdf                                                  
FDF: Cannot open BASIS.fdf                                                   
FDF: Cannot open STRUCT.fdf                                                  
FDF: Cannot open BASIS.fdf                                                   
FDF: Cannot open STRUCT.fdf                                                  
FDF: Cannot open BASIS.fdf                                                   
FDF: Cannot open STRUCT.fdf                                                  
FDF: Cannot open BASIS.fdf                                                   
FDF: Cannot open STRUCT.fdf                                                  
FDF: Cannot open BASIS.fdf                                                   
FDF: Cannot open STRUCT.fdf                                                  
FDF: Cannot open BASIS.fdf                                                   
FDF: Cannot open STRUCT.fdf                                                  
FDF: Cannot open BASIS.fdf                                                   
FDF: Cannot open STRUCT.fdf                                                  
FDF: Cannot open BASIS.fdf                                                   
FDF: Cannot open STRUCT.fdf                                                  
FDF: Cannot open BASIS.fdf                                                   
FDF: Cannot open STRUCT.fdf                                                  
FDF: Cannot open BASIS.fdf                                                   
FDF: Cannot open STRUCT.fdf                                                  
FDF: Cannot open BASIS.fdf                                                   
FDF: Cannot open STRUCT.fdf                                                  
FDF: Cannot open BASIS.fdf                                                   
FDF: Cannot open STRUCT.fdf                                                  
FDF: Cannot open BASIS.fdf                                                   
FDF: Cannot open STRUCT.fdf                                                  
FDF: Cannot open BASIS.fdf                                                   
FDF: Cannot open STRUCT.fdf                                                  
FDF: Cannot open BASIS.fdf                                                   
FDF: Cannot open STRUCT.fdf                                                  
FDF: Cannot open BASIS.fdf                                                   
FDF: Cannot open STRUCT.fdf                                                  
FDF: Cannot open BASIS.fdf                                                   
FDF: Cannot open STRUCT.fdf                                                  
FDF: Cannot open BASIS.fdf                                                   
No species found!!!
ERROR STOP from Node:    0
application called MPI_Abort(MPI_COMM_WORLD, 1) - process 0
cp: cannot stat `/scratch/works/jhiskard/siesta_0406_133745/*.xyz': No such file or directory
cp: cannot stat `/scratch/works/jhiskard/siesta_0406_133745/*.EIG': No such file or directory
cp: cannot stat `/scratch/works/jhiskard/siesta_0406_133745/*.DM': No such file or directory
cp: cannot stat `/scratch/works/jhiskard/siesta_0406_133745/*.DOS': No such file or directory
cp: cannot stat `/scratch/works/jhiskard/siesta_0406_133745/*.PDOS': No such file or directory
cp: cannot stat `/scratch/works/jhiskard/siesta_0406_133745/*.LDOS': No such file or directory
cp: cannot stat `/scratch/works/jhiskard/siesta_0406_133745/*.XV': No such file or directory
cp: cannot stat `/scratch/works/jhiskard/siesta_0406_133745/*.RHO': No such file or directory
cp: cannot stat `/scratch/works/jhiskard/siesta_0406_133745/*.VH': No such file or directory
cp: cannot stat `/scratch/works/jhiskard/siesta_0406_133745/*.bands': No such file or directory
cp: cannot stat `/scratch/works/jhiskard/siesta_0406_133745/*.WFSX': No such file or directory
cp: cannot stat `/scratch/works/jhiskard/siesta_0406_133745/*.HSX': No such file or directory
cp: cannot stat `/scratch/works/jhiskard/siesta_0406_133745/*.TSHS': No such file or directory
cp: cannot stat `/scratch/works/jhiskard/siesta_0406_133745/*.AVTRANS': No such file or directory
cp: cannot stat `/scratch/works/jhiskard/siesta_0406_133745/*.ANI': No such file or directory
