mkdir: cannot create directory `/scratch/works/class': Permission denied
cp: target `/scratch/works/class/siesta_0427_194804/' is not a directory
cp: target `/scratch/works/class/siesta_0427_194804/' is not a directory
cp: cannot stat `/home/class/GB/160413_graphene_6X6_doping/B/21/B_doped_21_e/*.DM': No such file or directory
/PBS/mom_priv/jobs/99639.master.hpc.SC: line 74: cd: /scratch/works/class/siesta_0427_194804: No such file or directory
cp: cannot stat `/scratch/works/class/siesta_0427_194804/stdout.txt': No such file or directory
cp: cannot stat `/scratch/works/class/siesta_0427_194804/*.xyz': No such file or directory
cp: cannot stat `/scratch/works/class/siesta_0427_194804/*.EIG': No such file or directory
cp: cannot stat `/scratch/works/class/siesta_0427_194804/*.DM': No such file or directory
cp: cannot stat `/scratch/works/class/siesta_0427_194804/*.DOS': No such file or directory
cp: cannot stat `/scratch/works/class/siesta_0427_194804/*.PDOS': No such file or directory
cp: cannot stat `/scratch/works/class/siesta_0427_194804/*.LDOS': No such file or directory
cp: cannot stat `/scratch/works/class/siesta_0427_194804/*.XV': No such file or directory
cp: cannot stat `/scratch/works/class/siesta_0427_194804/*.RHO': No such file or directory
cp: cannot stat `/scratch/works/class/siesta_0427_194804/*.VH': No such file or directory
cp: cannot stat `/scratch/works/class/siesta_0427_194804/*.bands': No such file or directory
cp: cannot stat `/scratch/works/class/siesta_0427_194804/*.WFSX': No such file or directory
cp: cannot stat `/scratch/works/class/siesta_0427_194804/*.HSX': No such file or directory
cp: cannot stat `/scratch/works/class/siesta_0427_194804/*.TSHS': No such file or directory
cp: cannot stat `/scratch/works/class/siesta_0427_194804/*.AVTRANS': No such file or directory
cp: cannot stat `/scratch/works/class/siesta_0427_194804/*.ANI': No such file or directory
