mkdir: cannot create directory `/scratch/works/class': Permission denied
cp: target `/scratch/works/class/siesta_0429_002230/' is not a directory
cp: target `/scratch/works/class/siesta_0429_002230/' is not a directory
cp: cannot stat `/home/class/GB/160413_graphene_6X6_doping/N/21/N_doped_21_b/*.DM': No such file or directory
/scratch/works/class/siesta_0429_002230/*: No such file or directory
/PBS/mom_priv/jobs/99927.master.hpc.SC: line 74: cd: /scratch/works/class/siesta_0429_002230: No such file or directory
cp: cannot stat `/scratch/works/class/siesta_0429_002230/stdout.txt': No such file or directory
cp: cannot stat `/scratch/works/class/siesta_0429_002230/*.xyz': No such file or directory
cp: cannot stat `/scratch/works/class/siesta_0429_002230/*.EIG': No such file or directory
cp: cannot stat `/scratch/works/class/siesta_0429_002230/*.DM': No such file or directory
cp: cannot stat `/scratch/works/class/siesta_0429_002230/*.DOS': No such file or directory
cp: cannot stat `/scratch/works/class/siesta_0429_002230/*.PDOS': No such file or directory
cp: cannot stat `/scratch/works/class/siesta_0429_002230/*.LDOS': No such file or directory
cp: cannot stat `/scratch/works/class/siesta_0429_002230/*.XV': No such file or directory
cp: cannot stat `/scratch/works/class/siesta_0429_002230/*.RHO': No such file or directory
cp: cannot stat `/scratch/works/class/siesta_0429_002230/*.VH': No such file or directory
cp: cannot stat `/scratch/works/class/siesta_0429_002230/*.bands': No such file or directory
cp: cannot stat `/scratch/works/class/siesta_0429_002230/*.WFSX': No such file or directory
cp: cannot stat `/scratch/works/class/siesta_0429_002230/*.HSX': No such file or directory
cp: cannot stat `/scratch/works/class/siesta_0429_002230/*.TSHS': No such file or directory
cp: cannot stat `/scratch/works/class/siesta_0429_002230/*.AVTRANS': No such file or directory
cp: cannot stat `/scratch/works/class/siesta_0429_002230/*.ANI': No such file or directory
