mkdir: cannot create directory `/scratch/works/class': Permission denied
cp: target `/scratch/works/class/siesta_0427_143314/' is not a directory
cp: target `/scratch/works/class/siesta_0427_143314/' is not a directory
cp: cannot stat `/home/class/GB/160413_graphene_6X6_doping/B/20/B_doped_20_t/*.DM': No such file or directory
/PBS/mom_priv/jobs/99592.master.hpc.SC: line 74: cd: /scratch/works/class/siesta_0427_143314: No such file or directory
cp: cannot stat `/scratch/works/class/siesta_0427_143314/stdout.txt': No such file or directory
cp: cannot stat `/scratch/works/class/siesta_0427_143314/*.xyz': No such file or directory
cp: cannot stat `/scratch/works/class/siesta_0427_143314/*.EIG': No such file or directory
cp: cannot stat `/scratch/works/class/siesta_0427_143314/*.DM': No such file or directory
cp: cannot stat `/scratch/works/class/siesta_0427_143314/*.DOS': No such file or directory
cp: cannot stat `/scratch/works/class/siesta_0427_143314/*.PDOS': No such file or directory
cp: cannot stat `/scratch/works/class/siesta_0427_143314/*.LDOS': No such file or directory
cp: cannot stat `/scratch/works/class/siesta_0427_143314/*.XV': No such file or directory
cp: cannot stat `/scratch/works/class/siesta_0427_143314/*.RHO': No such file or directory
cp: cannot stat `/scratch/works/class/siesta_0427_143314/*.VH': No such file or directory
cp: cannot stat `/scratch/works/class/siesta_0427_143314/*.bands': No such file or directory
cp: cannot stat `/scratch/works/class/siesta_0427_143314/*.WFSX': No such file or directory
cp: cannot stat `/scratch/works/class/siesta_0427_143314/*.HSX': No such file or directory
cp: cannot stat `/scratch/works/class/siesta_0427_143314/*.TSHS': No such file or directory
cp: cannot stat `/scratch/works/class/siesta_0427_143314/*.AVTRANS': No such file or directory
cp: cannot stat `/scratch/works/class/siesta_0427_143314/*.ANI': No such file or directory
