mkdir: cannot create directory `/scratch/works/class': Permission denied
cp: target `/scratch/works/class/siesta_0420_123212/' is not a directory
cp: target `/scratch/works/class/siesta_0420_123212/' is not a directory
cp: cannot stat `/home/class/GB/160413_graphene_6X6_doping/B/B_doped_26_p/*.DM': No such file or directory
/PBS/mom_priv/jobs/98431.master.hpc.SC: line 74: cd: /scratch/works/class/siesta_0420_123212: No such file or directory
cp: cannot stat `/scratch/works/class/siesta_0420_123212/stdout.txt': No such file or directory
cp: cannot stat `/scratch/works/class/siesta_0420_123212/*.xyz': No such file or directory
cp: cannot stat `/scratch/works/class/siesta_0420_123212/*.EIG': No such file or directory
cp: cannot stat `/scratch/works/class/siesta_0420_123212/*.DM': No such file or directory
cp: cannot stat `/scratch/works/class/siesta_0420_123212/*.DOS': No such file or directory
cp: cannot stat `/scratch/works/class/siesta_0420_123212/*.PDOS': No such file or directory
cp: cannot stat `/scratch/works/class/siesta_0420_123212/*.LDOS': No such file or directory
cp: cannot stat `/scratch/works/class/siesta_0420_123212/*.XV': No such file or directory
cp: cannot stat `/scratch/works/class/siesta_0420_123212/*.RHO': No such file or directory
cp: cannot stat `/scratch/works/class/siesta_0420_123212/*.VH': No such file or directory
cp: cannot stat `/scratch/works/class/siesta_0420_123212/*.bands': No such file or directory
cp: cannot stat `/scratch/works/class/siesta_0420_123212/*.WFSX': No such file or directory
cp: cannot stat `/scratch/works/class/siesta_0420_123212/*.HSX': No such file or directory
cp: cannot stat `/scratch/works/class/siesta_0420_123212/*.TSHS': No such file or directory
cp: cannot stat `/scratch/works/class/siesta_0420_123212/*.AVTRANS': No such file or directory
cp: cannot stat `/scratch/works/class/siesta_0420_123212/*.ANI': No such file or directory
