mkdir: cannot create directory `/scratch/works/class': Permission denied
cp: target `/scratch/works/class/siesta_0422_042134/' is not a directory
cp: target `/scratch/works/class/siesta_0422_042134/' is not a directory
cp: cannot stat `/home/class/GB/160413_graphene_6X6_doping/N/25/N_doped_25_i/*.DM': No such file or directory
/PBS/mom_priv/jobs/98712.master.hpc.SC: line 74: cd: /scratch/works/class/siesta_0422_042134: No such file or directory
cp: cannot stat `/scratch/works/class/siesta_0422_042134/stdout.txt': No such file or directory
cp: cannot stat `/scratch/works/class/siesta_0422_042134/*.xyz': No such file or directory
cp: cannot stat `/scratch/works/class/siesta_0422_042134/*.EIG': No such file or directory
cp: cannot stat `/scratch/works/class/siesta_0422_042134/*.DM': No such file or directory
cp: cannot stat `/scratch/works/class/siesta_0422_042134/*.DOS': No such file or directory
cp: cannot stat `/scratch/works/class/siesta_0422_042134/*.PDOS': No such file or directory
cp: cannot stat `/scratch/works/class/siesta_0422_042134/*.LDOS': No such file or directory
cp: cannot stat `/scratch/works/class/siesta_0422_042134/*.XV': No such file or directory
cp: cannot stat `/scratch/works/class/siesta_0422_042134/*.RHO': No such file or directory
cp: cannot stat `/scratch/works/class/siesta_0422_042134/*.VH': No such file or directory
cp: cannot stat `/scratch/works/class/siesta_0422_042134/*.bands': No such file or directory
cp: cannot stat `/scratch/works/class/siesta_0422_042134/*.WFSX': No such file or directory
cp: cannot stat `/scratch/works/class/siesta_0422_042134/*.HSX': No such file or directory
cp: cannot stat `/scratch/works/class/siesta_0422_042134/*.TSHS': No such file or directory
cp: cannot stat `/scratch/works/class/siesta_0422_042134/*.AVTRANS': No such file or directory
cp: cannot stat `/scratch/works/class/siesta_0422_042134/*.ANI': No such file or directory
