mkdir: cannot create directory `/scratch/works/class': Permission denied
cp: target `/scratch/works/class/siesta_0429_042300/' is not a directory
cp: target `/scratch/works/class/siesta_0429_042300/' is not a directory
cp: cannot stat `/home/class/GB/160413_graphene_6X6_doping/N/21/N_doped_21_k/*.DM': No such file or directory
/PBS/mom_priv/jobs/99943.master.hpc.SC: line 74: cd: /scratch/works/class/siesta_0429_042300: No such file or directory
cp: cannot stat `/scratch/works/class/siesta_0429_042300/stdout.txt': No such file or directory
cp: cannot stat `/scratch/works/class/siesta_0429_042300/*.xyz': No such file or directory
cp: cannot stat `/scratch/works/class/siesta_0429_042300/*.EIG': No such file or directory
cp: cannot stat `/scratch/works/class/siesta_0429_042300/*.DM': No such file or directory
cp: cannot stat `/scratch/works/class/siesta_0429_042300/*.DOS': No such file or directory
cp: cannot stat `/scratch/works/class/siesta_0429_042300/*.PDOS': No such file or directory
cp: cannot stat `/scratch/works/class/siesta_0429_042300/*.LDOS': No such file or directory
cp: cannot stat `/scratch/works/class/siesta_0429_042300/*.XV': No such file or directory
cp: cannot stat `/scratch/works/class/siesta_0429_042300/*.RHO': No such file or directory
cp: cannot stat `/scratch/works/class/siesta_0429_042300/*.VH': No such file or directory
cp: cannot stat `/scratch/works/class/siesta_0429_042300/*.bands': No such file or directory
cp: cannot stat `/scratch/works/class/siesta_0429_042300/*.WFSX': No such file or directory
cp: cannot stat `/scratch/works/class/siesta_0429_042300/*.HSX': No such file or directory
cp: cannot stat `/scratch/works/class/siesta_0429_042300/*.TSHS': No such file or directory
cp: cannot stat `/scratch/works/class/siesta_0429_042300/*.AVTRANS': No such file or directory
cp: cannot stat `/scratch/works/class/siesta_0429_042300/*.ANI': No such file or directory
