mkdir: cannot create directory `/scratch/works/class': Permission denied
cp: target `/scratch/works/class/siesta_0429_232557/' is not a directory
cp: target `/scratch/works/class/siesta_0429_232557/' is not a directory
cp: cannot stat `/home/class/GB/160413_graphene_6X6_doping/B/19/B_doped_19_m/*.DM': No such file or directory
/PBS/mom_priv/jobs/100040.master.hpc.SC: line 74: cd: /scratch/works/class/siesta_0429_232557: No such file or directory
cp: cannot stat `/scratch/works/class/siesta_0429_232557/stdout.txt': No such file or directory
cp: cannot stat `/scratch/works/class/siesta_0429_232557/*.xyz': No such file or directory
cp: cannot stat `/scratch/works/class/siesta_0429_232557/*.EIG': No such file or directory
cp: cannot stat `/scratch/works/class/siesta_0429_232557/*.DM': No such file or directory
cp: cannot stat `/scratch/works/class/siesta_0429_232557/*.DOS': No such file or directory
cp: cannot stat `/scratch/works/class/siesta_0429_232557/*.PDOS': No such file or directory
cp: cannot stat `/scratch/works/class/siesta_0429_232557/*.LDOS': No such file or directory
cp: cannot stat `/scratch/works/class/siesta_0429_232557/*.XV': No such file or directory
cp: cannot stat `/scratch/works/class/siesta_0429_232557/*.RHO': No such file or directory
cp: cannot stat `/scratch/works/class/siesta_0429_232557/*.VH': No such file or directory
cp: cannot stat `/scratch/works/class/siesta_0429_232557/*.bands': No such file or directory
cp: cannot stat `/scratch/works/class/siesta_0429_232557/*.WFSX': No such file or directory
cp: cannot stat `/scratch/works/class/siesta_0429_232557/*.HSX': No such file or directory
cp: cannot stat `/scratch/works/class/siesta_0429_232557/*.TSHS': No such file or directory
cp: cannot stat `/scratch/works/class/siesta_0429_232557/*.AVTRANS': No such file or directory
cp: cannot stat `/scratch/works/class/siesta_0429_232557/*.ANI': No such file or directory
