mkdir: cannot create directory `/scratch/works/class': Permission denied
cp: target `/scratch/works/class/siesta_0423_015103/' is not a directory
cp: target `/scratch/works/class/siesta_0423_015103/' is not a directory
cp: cannot stat `/home/class/GB/160413_graphene_6X6_doping/N/24/N_doped_24_d/*.DM': No such file or directory
/PBS/mom_priv/jobs/98820.master.hpc.SC: line 74: cd: /scratch/works/class/siesta_0423_015103: No such file or directory
cp: cannot stat `/scratch/works/class/siesta_0423_015103/stdout.txt': No such file or directory
cp: cannot stat `/scratch/works/class/siesta_0423_015103/*.xyz': No such file or directory
cp: cannot stat `/scratch/works/class/siesta_0423_015103/*.EIG': No such file or directory
cp: cannot stat `/scratch/works/class/siesta_0423_015103/*.DM': No such file or directory
cp: cannot stat `/scratch/works/class/siesta_0423_015103/*.DOS': No such file or directory
cp: cannot stat `/scratch/works/class/siesta_0423_015103/*.PDOS': No such file or directory
cp: cannot stat `/scratch/works/class/siesta_0423_015103/*.LDOS': No such file or directory
cp: cannot stat `/scratch/works/class/siesta_0423_015103/*.XV': No such file or directory
cp: cannot stat `/scratch/works/class/siesta_0423_015103/*.RHO': No such file or directory
cp: cannot stat `/scratch/works/class/siesta_0423_015103/*.VH': No such file or directory
cp: cannot stat `/scratch/works/class/siesta_0423_015103/*.bands': No such file or directory
cp: cannot stat `/scratch/works/class/siesta_0423_015103/*.WFSX': No such file or directory
cp: cannot stat `/scratch/works/class/siesta_0423_015103/*.HSX': No such file or directory
cp: cannot stat `/scratch/works/class/siesta_0423_015103/*.TSHS': No such file or directory
cp: cannot stat `/scratch/works/class/siesta_0423_015103/*.AVTRANS': No such file or directory
cp: cannot stat `/scratch/works/class/siesta_0423_015103/*.ANI': No such file or directory
