mkdir: cannot create directory `/scratch/works/class': Permission denied
cp: target `/scratch/works/class/siesta_0429_081242/' is not a directory
cp: target `/scratch/works/class/siesta_0429_081242/' is not a directory
cp: cannot stat `/home/class/GB/160413_graphene_6X6_doping/N/21/N_doped_21_m/*.DM': No such file or directory
/PBS/mom_priv/jobs/99945.master.hpc.SC: line 74: cd: /scratch/works/class/siesta_0429_081242: No such file or directory
cp: cannot stat `/scratch/works/class/siesta_0429_081242/stdout.txt': No such file or directory
cp: cannot stat `/scratch/works/class/siesta_0429_081242/*.xyz': No such file or directory
cp: cannot stat `/scratch/works/class/siesta_0429_081242/*.EIG': No such file or directory
cp: cannot stat `/scratch/works/class/siesta_0429_081242/*.DM': No such file or directory
cp: cannot stat `/scratch/works/class/siesta_0429_081242/*.DOS': No such file or directory
cp: cannot stat `/scratch/works/class/siesta_0429_081242/*.PDOS': No such file or directory
cp: cannot stat `/scratch/works/class/siesta_0429_081242/*.LDOS': No such file or directory
cp: cannot stat `/scratch/works/class/siesta_0429_081242/*.XV': No such file or directory
cp: cannot stat `/scratch/works/class/siesta_0429_081242/*.RHO': No such file or directory
cp: cannot stat `/scratch/works/class/siesta_0429_081242/*.VH': No such file or directory
cp: cannot stat `/scratch/works/class/siesta_0429_081242/*.bands': No such file or directory
cp: cannot stat `/scratch/works/class/siesta_0429_081242/*.WFSX': No such file or directory
cp: cannot stat `/scratch/works/class/siesta_0429_081242/*.HSX': No such file or directory
cp: cannot stat `/scratch/works/class/siesta_0429_081242/*.TSHS': No such file or directory
cp: cannot stat `/scratch/works/class/siesta_0429_081242/*.AVTRANS': No such file or directory
cp: cannot stat `/scratch/works/class/siesta_0429_081242/*.ANI': No such file or directory
