mkdir: cannot create directory `/scratch/works/class': Permission denied
cp: target `/scratch/works/class/siesta_0427_085637/' is not a directory
cp: target `/scratch/works/class/siesta_0427_085637/' is not a directory
cp: cannot stat `/home/class/GB/160413_graphene_6X6_doping/B/20/B_doped_20_p/*.DM': No such file or directory
/PBS/mom_priv/jobs/99584.master.hpc.SC: line 74: cd: /scratch/works/class/siesta_0427_085637: No such file or directory
cp: cannot stat `/scratch/works/class/siesta_0427_085637/stdout.txt': No such file or directory
cp: cannot stat `/scratch/works/class/siesta_0427_085637/*.xyz': No such file or directory
cp: cannot stat `/scratch/works/class/siesta_0427_085637/*.EIG': No such file or directory
cp: cannot stat `/scratch/works/class/siesta_0427_085637/*.DM': No such file or directory
cp: cannot stat `/scratch/works/class/siesta_0427_085637/*.DOS': No such file or directory
cp: cannot stat `/scratch/works/class/siesta_0427_085637/*.PDOS': No such file or directory
cp: cannot stat `/scratch/works/class/siesta_0427_085637/*.LDOS': No such file or directory
cp: cannot stat `/scratch/works/class/siesta_0427_085637/*.XV': No such file or directory
cp: cannot stat `/scratch/works/class/siesta_0427_085637/*.RHO': No such file or directory
cp: cannot stat `/scratch/works/class/siesta_0427_085637/*.VH': No such file or directory
cp: cannot stat `/scratch/works/class/siesta_0427_085637/*.bands': No such file or directory
cp: cannot stat `/scratch/works/class/siesta_0427_085637/*.WFSX': No such file or directory
cp: cannot stat `/scratch/works/class/siesta_0427_085637/*.HSX': No such file or directory
cp: cannot stat `/scratch/works/class/siesta_0427_085637/*.TSHS': No such file or directory
cp: cannot stat `/scratch/works/class/siesta_0427_085637/*.AVTRANS': No such file or directory
cp: cannot stat `/scratch/works/class/siesta_0427_085637/*.ANI': No such file or directory
