mkdir: cannot create directory `/scratch/works/class': Permission denied
cp: target `/scratch/works/class/siesta_0426_113241/' is not a directory
cp: target `/scratch/works/class/siesta_0426_113241/' is not a directory
cp: cannot stat `/home/class/GB/160413_graphene_6X6_doping/N/22/N_doped_22_c/*.DM': No such file or directory
/PBS/mom_priv/jobs/99335.master.hpc.SC: line 74: cd: /scratch/works/class/siesta_0426_113241: No such file or directory
cp: cannot stat `/scratch/works/class/siesta_0426_113241/stdout.txt': No such file or directory
cp: cannot stat `/scratch/works/class/siesta_0426_113241/*.xyz': No such file or directory
cp: cannot stat `/scratch/works/class/siesta_0426_113241/*.EIG': No such file or directory
cp: cannot stat `/scratch/works/class/siesta_0426_113241/*.DM': No such file or directory
cp: cannot stat `/scratch/works/class/siesta_0426_113241/*.DOS': No such file or directory
cp: cannot stat `/scratch/works/class/siesta_0426_113241/*.PDOS': No such file or directory
cp: cannot stat `/scratch/works/class/siesta_0426_113241/*.LDOS': No such file or directory
cp: cannot stat `/scratch/works/class/siesta_0426_113241/*.XV': No such file or directory
cp: cannot stat `/scratch/works/class/siesta_0426_113241/*.RHO': No such file or directory
cp: cannot stat `/scratch/works/class/siesta_0426_113241/*.VH': No such file or directory
cp: cannot stat `/scratch/works/class/siesta_0426_113241/*.bands': No such file or directory
cp: cannot stat `/scratch/works/class/siesta_0426_113241/*.WFSX': No such file or directory
cp: cannot stat `/scratch/works/class/siesta_0426_113241/*.HSX': No such file or directory
cp: cannot stat `/scratch/works/class/siesta_0426_113241/*.TSHS': No such file or directory
cp: cannot stat `/scratch/works/class/siesta_0426_113241/*.AVTRANS': No such file or directory
cp: cannot stat `/scratch/works/class/siesta_0426_113241/*.ANI': No such file or directory
