mkdir: cannot create directory `/scratch/works/class': Permission denied
cp: target `/scratch/works/class/siesta_0429_053832/' is not a directory
cp: target `/scratch/works/class/siesta_0429_053832/' is not a directory
cp: cannot stat `/home/class/GB/160413_graphene_6X6_doping/N/21/N_doped_21_i/*.DM': No such file or directory
/PBS/mom_priv/jobs/99940.master.hpc.SC: line 74: cd: /scratch/works/class/siesta_0429_053832: No such file or directory
cp: cannot stat `/scratch/works/class/siesta_0429_053832/stdout.txt': No such file or directory
cp: cannot stat `/scratch/works/class/siesta_0429_053832/*.xyz': No such file or directory
cp: cannot stat `/scratch/works/class/siesta_0429_053832/*.EIG': No such file or directory
cp: cannot stat `/scratch/works/class/siesta_0429_053832/*.DM': No such file or directory
cp: cannot stat `/scratch/works/class/siesta_0429_053832/*.DOS': No such file or directory
cp: cannot stat `/scratch/works/class/siesta_0429_053832/*.PDOS': No such file or directory
cp: cannot stat `/scratch/works/class/siesta_0429_053832/*.LDOS': No such file or directory
cp: cannot stat `/scratch/works/class/siesta_0429_053832/*.XV': No such file or directory
cp: cannot stat `/scratch/works/class/siesta_0429_053832/*.RHO': No such file or directory
cp: cannot stat `/scratch/works/class/siesta_0429_053832/*.VH': No such file or directory
cp: cannot stat `/scratch/works/class/siesta_0429_053832/*.bands': No such file or directory
cp: cannot stat `/scratch/works/class/siesta_0429_053832/*.WFSX': No such file or directory
cp: cannot stat `/scratch/works/class/siesta_0429_053832/*.HSX': No such file or directory
cp: cannot stat `/scratch/works/class/siesta_0429_053832/*.TSHS': No such file or directory
cp: cannot stat `/scratch/works/class/siesta_0429_053832/*.AVTRANS': No such file or directory
cp: cannot stat `/scratch/works/class/siesta_0429_053832/*.ANI': No such file or directory
