mkdir: cannot create directory `/scratch/works/class': Permission denied
cp: target `/scratch/works/class/siesta_0421_084848/' is not a directory
cp: target `/scratch/works/class/siesta_0421_084848/' is not a directory
cp: cannot stat `/home/class/GB/160413_graphene_6X6_doping/B/25/B_doped_25_o/*.DM': No such file or directory
/PBS/mom_priv/jobs/98534.master.hpc.SC: line 74: cd: /scratch/works/class/siesta_0421_084848: No such file or directory
cp: cannot stat `/scratch/works/class/siesta_0421_084848/stdout.txt': No such file or directory
cp: cannot stat `/scratch/works/class/siesta_0421_084848/*.xyz': No such file or directory
cp: cannot stat `/scratch/works/class/siesta_0421_084848/*.EIG': No such file or directory
cp: cannot stat `/scratch/works/class/siesta_0421_084848/*.DM': No such file or directory
cp: cannot stat `/scratch/works/class/siesta_0421_084848/*.DOS': No such file or directory
cp: cannot stat `/scratch/works/class/siesta_0421_084848/*.PDOS': No such file or directory
cp: cannot stat `/scratch/works/class/siesta_0421_084848/*.LDOS': No such file or directory
cp: cannot stat `/scratch/works/class/siesta_0421_084848/*.XV': No such file or directory
cp: cannot stat `/scratch/works/class/siesta_0421_084848/*.RHO': No such file or directory
cp: cannot stat `/scratch/works/class/siesta_0421_084848/*.VH': No such file or directory
cp: cannot stat `/scratch/works/class/siesta_0421_084848/*.bands': No such file or directory
cp: cannot stat `/scratch/works/class/siesta_0421_084848/*.WFSX': No such file or directory
cp: cannot stat `/scratch/works/class/siesta_0421_084848/*.HSX': No such file or directory
cp: cannot stat `/scratch/works/class/siesta_0421_084848/*.TSHS': No such file or directory
cp: cannot stat `/scratch/works/class/siesta_0421_084848/*.AVTRANS': No such file or directory
cp: cannot stat `/scratch/works/class/siesta_0421_084848/*.ANI': No such file or directory
