mkdir: cannot create directory `/scratch/works/class': Permission denied
cp: target `/scratch/works/class/siesta_0423_022727/' is not a directory
cp: target `/scratch/works/class/siesta_0423_022727/' is not a directory
cp: cannot stat `/home/class/GB/160413_graphene_6X6_doping/B/24/B_doped_24_l/*.DM': No such file or directory
/PBS/mom_priv/jobs/98998.master.hpc.SC: line 74: cd: /scratch/works/class/siesta_0423_022727: No such file or directory
cp: cannot stat `/scratch/works/class/siesta_0423_022727/stdout.txt': No such file or directory
cp: cannot stat `/scratch/works/class/siesta_0423_022727/*.xyz': No such file or directory
cp: cannot stat `/scratch/works/class/siesta_0423_022727/*.EIG': No such file or directory
cp: cannot stat `/scratch/works/class/siesta_0423_022727/*.DM': No such file or directory
cp: cannot stat `/scratch/works/class/siesta_0423_022727/*.DOS': No such file or directory
cp: cannot stat `/scratch/works/class/siesta_0423_022727/*.PDOS': No such file or directory
cp: cannot stat `/scratch/works/class/siesta_0423_022727/*.LDOS': No such file or directory
cp: cannot stat `/scratch/works/class/siesta_0423_022727/*.XV': No such file or directory
cp: cannot stat `/scratch/works/class/siesta_0423_022727/*.RHO': No such file or directory
cp: cannot stat `/scratch/works/class/siesta_0423_022727/*.VH': No such file or directory
cp: cannot stat `/scratch/works/class/siesta_0423_022727/*.bands': No such file or directory
cp: cannot stat `/scratch/works/class/siesta_0423_022727/*.WFSX': No such file or directory
cp: cannot stat `/scratch/works/class/siesta_0423_022727/*.HSX': No such file or directory
cp: cannot stat `/scratch/works/class/siesta_0423_022727/*.TSHS': No such file or directory
cp: cannot stat `/scratch/works/class/siesta_0423_022727/*.AVTRANS': No such file or directory
cp: cannot stat `/scratch/works/class/siesta_0423_022727/*.ANI': No such file or directory
