mkdir: cannot create directory `/scratch/works/class': Permission denied
cp: target `/scratch/works/class/siesta_0430_033401/' is not a directory
cp: target `/scratch/works/class/siesta_0430_033401/' is not a directory
cp: cannot stat `/home/class/GB/160413_graphene_6X6_doping/B/19/B_doped_19_r/*.DM': No such file or directory
/PBS/mom_priv/jobs/100060.master.hpc.SC: line 74: cd: /scratch/works/class/siesta_0430_033401: No such file or directory
cp: cannot stat `/scratch/works/class/siesta_0430_033401/stdout.txt': No such file or directory
cp: cannot stat `/scratch/works/class/siesta_0430_033401/*.xyz': No such file or directory
cp: cannot stat `/scratch/works/class/siesta_0430_033401/*.EIG': No such file or directory
cp: cannot stat `/scratch/works/class/siesta_0430_033401/*.DM': No such file or directory
cp: cannot stat `/scratch/works/class/siesta_0430_033401/*.DOS': No such file or directory
cp: cannot stat `/scratch/works/class/siesta_0430_033401/*.PDOS': No such file or directory
cp: cannot stat `/scratch/works/class/siesta_0430_033401/*.LDOS': No such file or directory
cp: cannot stat `/scratch/works/class/siesta_0430_033401/*.XV': No such file or directory
cp: cannot stat `/scratch/works/class/siesta_0430_033401/*.RHO': No such file or directory
cp: cannot stat `/scratch/works/class/siesta_0430_033401/*.VH': No such file or directory
cp: cannot stat `/scratch/works/class/siesta_0430_033401/*.bands': No such file or directory
cp: cannot stat `/scratch/works/class/siesta_0430_033401/*.WFSX': No such file or directory
cp: cannot stat `/scratch/works/class/siesta_0430_033401/*.HSX': No such file or directory
cp: cannot stat `/scratch/works/class/siesta_0430_033401/*.TSHS': No such file or directory
cp: cannot stat `/scratch/works/class/siesta_0430_033401/*.AVTRANS': No such file or directory
cp: cannot stat `/scratch/works/class/siesta_0430_033401/*.ANI': No such file or directory
