mkdir: cannot create directory `/scratch/works/class': Permission denied
cp: target `/scratch/works/class/siesta_0426_184513/' is not a directory
cp: target `/scratch/works/class/siesta_0426_184513/' is not a directory
cp: cannot stat `/home/class/GB/160413_graphene_6X6_doping/N/22/N_doped_22_k/*.DM': No such file or directory
/PBS/mom_priv/jobs/99385.master.hpc.SC: line 74: cd: /scratch/works/class/siesta_0426_184513: No such file or directory
cp: cannot stat `/scratch/works/class/siesta_0426_184513/stdout.txt': No such file or directory
cp: cannot stat `/scratch/works/class/siesta_0426_184513/*.xyz': No such file or directory
cp: cannot stat `/scratch/works/class/siesta_0426_184513/*.EIG': No such file or directory
cp: cannot stat `/scratch/works/class/siesta_0426_184513/*.DM': No such file or directory
cp: cannot stat `/scratch/works/class/siesta_0426_184513/*.DOS': No such file or directory
cp: cannot stat `/scratch/works/class/siesta_0426_184513/*.PDOS': No such file or directory
cp: cannot stat `/scratch/works/class/siesta_0426_184513/*.LDOS': No such file or directory
cp: cannot stat `/scratch/works/class/siesta_0426_184513/*.XV': No such file or directory
cp: cannot stat `/scratch/works/class/siesta_0426_184513/*.RHO': No such file or directory
cp: cannot stat `/scratch/works/class/siesta_0426_184513/*.VH': No such file or directory
cp: cannot stat `/scratch/works/class/siesta_0426_184513/*.bands': No such file or directory
cp: cannot stat `/scratch/works/class/siesta_0426_184513/*.WFSX': No such file or directory
cp: cannot stat `/scratch/works/class/siesta_0426_184513/*.HSX': No such file or directory
cp: cannot stat `/scratch/works/class/siesta_0426_184513/*.TSHS': No such file or directory
cp: cannot stat `/scratch/works/class/siesta_0426_184513/*.AVTRANS': No such file or directory
cp: cannot stat `/scratch/works/class/siesta_0426_184513/*.ANI': No such file or directory
