mkdir: cannot create directory `/scratch/works/class': Permission denied
cp: target `/scratch/works/class/siesta_0422_141206/' is not a directory
cp: target `/scratch/works/class/siesta_0422_141206/' is not a directory
cp: cannot stat `/home/class/GB/160413_graphene_6X6_doping/N/25/N_doped_25_z/*.DM': No such file or directory
/PBS/mom_priv/jobs/98797.master.hpc.SC: line 74: cd: /scratch/works/class/siesta_0422_141206: No such file or directory
cp: cannot stat `/scratch/works/class/siesta_0422_141206/stdout.txt': No such file or directory
cp: cannot stat `/scratch/works/class/siesta_0422_141206/*.xyz': No such file or directory
cp: cannot stat `/scratch/works/class/siesta_0422_141206/*.EIG': No such file or directory
cp: cannot stat `/scratch/works/class/siesta_0422_141206/*.DM': No such file or directory
cp: cannot stat `/scratch/works/class/siesta_0422_141206/*.DOS': No such file or directory
cp: cannot stat `/scratch/works/class/siesta_0422_141206/*.PDOS': No such file or directory
cp: cannot stat `/scratch/works/class/siesta_0422_141206/*.LDOS': No such file or directory
cp: cannot stat `/scratch/works/class/siesta_0422_141206/*.XV': No such file or directory
cp: cannot stat `/scratch/works/class/siesta_0422_141206/*.RHO': No such file or directory
cp: cannot stat `/scratch/works/class/siesta_0422_141206/*.VH': No such file or directory
cp: cannot stat `/scratch/works/class/siesta_0422_141206/*.bands': No such file or directory
cp: cannot stat `/scratch/works/class/siesta_0422_141206/*.WFSX': No such file or directory
cp: cannot stat `/scratch/works/class/siesta_0422_141206/*.HSX': No such file or directory
cp: cannot stat `/scratch/works/class/siesta_0422_141206/*.TSHS': No such file or directory
cp: cannot stat `/scratch/works/class/siesta_0422_141206/*.AVTRANS': No such file or directory
cp: cannot stat `/scratch/works/class/siesta_0422_141206/*.ANI': No such file or directory
