mkdir: cannot create directory `/scratch/works/class': Permission denied
cp: target `/scratch/works/class/siesta_0418_185124/' is not a directory
cp: target `/scratch/works/class/siesta_0418_185124/' is not a directory
cp: cannot stat `/home/class/GB/160413_graphene_6X6_doping/B/B_doped_26_e/*.DM': No such file or directory
/PBS/mom_priv/jobs/98186.master.hpc.SC: line 74: cd: /scratch/works/class/siesta_0418_185124: No such file or directory
cp: cannot stat `/scratch/works/class/siesta_0418_185124/stdout.txt': No such file or directory
cp: cannot stat `/scratch/works/class/siesta_0418_185124/*.xyz': No such file or directory
cp: cannot stat `/scratch/works/class/siesta_0418_185124/*.EIG': No such file or directory
cp: cannot stat `/scratch/works/class/siesta_0418_185124/*.DM': No such file or directory
cp: cannot stat `/scratch/works/class/siesta_0418_185124/*.DOS': No such file or directory
cp: cannot stat `/scratch/works/class/siesta_0418_185124/*.PDOS': No such file or directory
cp: cannot stat `/scratch/works/class/siesta_0418_185124/*.LDOS': No such file or directory
cp: cannot stat `/scratch/works/class/siesta_0418_185124/*.XV': No such file or directory
cp: cannot stat `/scratch/works/class/siesta_0418_185124/*.RHO': No such file or directory
cp: cannot stat `/scratch/works/class/siesta_0418_185124/*.VH': No such file or directory
cp: cannot stat `/scratch/works/class/siesta_0418_185124/*.bands': No such file or directory
cp: cannot stat `/scratch/works/class/siesta_0418_185124/*.WFSX': No such file or directory
cp: cannot stat `/scratch/works/class/siesta_0418_185124/*.HSX': No such file or directory
cp: cannot stat `/scratch/works/class/siesta_0418_185124/*.TSHS': No such file or directory
cp: cannot stat `/scratch/works/class/siesta_0418_185124/*.AVTRANS': No such file or directory
cp: cannot stat `/scratch/works/class/siesta_0418_185124/*.ANI': No such file or directory
