mkdir: cannot create directory `/scratch/works/class': Permission denied
cp: target `/scratch/works/class/siesta_0507_033301/' is not a directory
cp: target `/scratch/works/class/siesta_0507_033301/' is not a directory
cp: cannot stat `/home/class/GB/160413_graphene_6X6_doping/N/12/N_doped_12_a/*.DM': No such file or directory
/PBS/mom_priv/jobs/101070.master.hpc.SC: line 74: cd: /scratch/works/class/siesta_0507_033301: No such file or directory
cp: cannot stat `/scratch/works/class/siesta_0507_033301/stdout.txt': No such file or directory
cp: cannot stat `/scratch/works/class/siesta_0507_033301/*.xyz': No such file or directory
cp: cannot stat `/scratch/works/class/siesta_0507_033301/*.EIG': No such file or directory
cp: cannot stat `/scratch/works/class/siesta_0507_033301/*.DM': No such file or directory
cp: cannot stat `/scratch/works/class/siesta_0507_033301/*.DOS': No such file or directory
cp: cannot stat `/scratch/works/class/siesta_0507_033301/*.PDOS': No such file or directory
cp: cannot stat `/scratch/works/class/siesta_0507_033301/*.LDOS': No such file or directory
cp: cannot stat `/scratch/works/class/siesta_0507_033301/*.XV': No such file or directory
cp: cannot stat `/scratch/works/class/siesta_0507_033301/*.RHO': No such file or directory
cp: cannot stat `/scratch/works/class/siesta_0507_033301/*.VH': No such file or directory
cp: cannot stat `/scratch/works/class/siesta_0507_033301/*.bands': No such file or directory
cp: cannot stat `/scratch/works/class/siesta_0507_033301/*.WFSX': No such file or directory
cp: cannot stat `/scratch/works/class/siesta_0507_033301/*.HSX': No such file or directory
cp: cannot stat `/scratch/works/class/siesta_0507_033301/*.TSHS': No such file or directory
cp: cannot stat `/scratch/works/class/siesta_0507_033301/*.AVTRANS': No such file or directory
cp: cannot stat `/scratch/works/class/siesta_0507_033301/*.ANI': No such file or directory
