mkdir: cannot create directory `/scratch/works/class': Permission denied
cp: target `/scratch/works/class/siesta_0426_015405/' is not a directory
cp: target `/scratch/works/class/siesta_0426_015405/' is not a directory
cp: cannot stat `/home/class/GB/160413_graphene_6X6_doping/N/23/N_doped_23_n/*.DM': No such file or directory
/PBS/mom_priv/jobs/99297.master.hpc.SC: line 74: cd: /scratch/works/class/siesta_0426_015405: No such file or directory
cp: cannot stat `/scratch/works/class/siesta_0426_015405/stdout.txt': No such file or directory
cp: cannot stat `/scratch/works/class/siesta_0426_015405/*.xyz': No such file or directory
cp: cannot stat `/scratch/works/class/siesta_0426_015405/*.EIG': No such file or directory
cp: cannot stat `/scratch/works/class/siesta_0426_015405/*.DM': No such file or directory
cp: cannot stat `/scratch/works/class/siesta_0426_015405/*.DOS': No such file or directory
cp: cannot stat `/scratch/works/class/siesta_0426_015405/*.PDOS': No such file or directory
cp: cannot stat `/scratch/works/class/siesta_0426_015405/*.LDOS': No such file or directory
cp: cannot stat `/scratch/works/class/siesta_0426_015405/*.XV': No such file or directory
cp: cannot stat `/scratch/works/class/siesta_0426_015405/*.RHO': No such file or directory
cp: cannot stat `/scratch/works/class/siesta_0426_015405/*.VH': No such file or directory
cp: cannot stat `/scratch/works/class/siesta_0426_015405/*.bands': No such file or directory
cp: cannot stat `/scratch/works/class/siesta_0426_015405/*.WFSX': No such file or directory
cp: cannot stat `/scratch/works/class/siesta_0426_015405/*.HSX': No such file or directory
cp: cannot stat `/scratch/works/class/siesta_0426_015405/*.TSHS': No such file or directory
cp: cannot stat `/scratch/works/class/siesta_0426_015405/*.AVTRANS': No such file or directory
cp: cannot stat `/scratch/works/class/siesta_0426_015405/*.ANI': No such file or directory
