mkdir: cannot create directory `/scratch/works/class': Permission denied
cp: target `/scratch/works/class/siesta_0421_022917/' is not a directory
cp: target `/scratch/works/class/siesta_0421_022917/' is not a directory
cp: cannot stat `/home/class/GB/160413_graphene_6X6_doping/B/25/B_doped_25_h/*.DM': No such file or directory
/PBS/mom_priv/jobs/98506.master.hpc.SC: line 74: cd: /scratch/works/class/siesta_0421_022917: No such file or directory
cp: cannot stat `/scratch/works/class/siesta_0421_022917/stdout.txt': No such file or directory
cp: cannot stat `/scratch/works/class/siesta_0421_022917/*.xyz': No such file or directory
cp: cannot stat `/scratch/works/class/siesta_0421_022917/*.EIG': No such file or directory
cp: cannot stat `/scratch/works/class/siesta_0421_022917/*.DM': No such file or directory
cp: cannot stat `/scratch/works/class/siesta_0421_022917/*.DOS': No such file or directory
cp: cannot stat `/scratch/works/class/siesta_0421_022917/*.PDOS': No such file or directory
cp: cannot stat `/scratch/works/class/siesta_0421_022917/*.LDOS': No such file or directory
cp: cannot stat `/scratch/works/class/siesta_0421_022917/*.XV': No such file or directory
cp: cannot stat `/scratch/works/class/siesta_0421_022917/*.RHO': No such file or directory
cp: cannot stat `/scratch/works/class/siesta_0421_022917/*.VH': No such file or directory
cp: cannot stat `/scratch/works/class/siesta_0421_022917/*.bands': No such file or directory
cp: cannot stat `/scratch/works/class/siesta_0421_022917/*.WFSX': No such file or directory
cp: cannot stat `/scratch/works/class/siesta_0421_022917/*.HSX': No such file or directory
cp: cannot stat `/scratch/works/class/siesta_0421_022917/*.TSHS': No such file or directory
cp: cannot stat `/scratch/works/class/siesta_0421_022917/*.AVTRANS': No such file or directory
cp: cannot stat `/scratch/works/class/siesta_0421_022917/*.ANI': No such file or directory
