mkdir: cannot create directory `/scratch/works/class': Permission denied
cp: target `/scratch/works/class/siesta_0424_183837/' is not a directory
cp: target `/scratch/works/class/siesta_0424_183837/' is not a directory
cp: cannot stat `/home/class/GB/160413_graphene_6X6_doping/B/23/B_doped_23_z/*.DM': No such file or directory
/PBS/mom_priv/jobs/99108.master.hpc.SC: line 74: cd: /scratch/works/class/siesta_0424_183837: No such file or directory
cp: cannot stat `/scratch/works/class/siesta_0424_183837/stdout.txt': No such file or directory
cp: cannot stat `/scratch/works/class/siesta_0424_183837/*.xyz': No such file or directory
cp: cannot stat `/scratch/works/class/siesta_0424_183837/*.EIG': No such file or directory
cp: cannot stat `/scratch/works/class/siesta_0424_183837/*.DM': No such file or directory
cp: cannot stat `/scratch/works/class/siesta_0424_183837/*.DOS': No such file or directory
cp: cannot stat `/scratch/works/class/siesta_0424_183837/*.PDOS': No such file or directory
cp: cannot stat `/scratch/works/class/siesta_0424_183837/*.LDOS': No such file or directory
cp: cannot stat `/scratch/works/class/siesta_0424_183837/*.XV': No such file or directory
cp: cannot stat `/scratch/works/class/siesta_0424_183837/*.RHO': No such file or directory
cp: cannot stat `/scratch/works/class/siesta_0424_183837/*.VH': No such file or directory
cp: cannot stat `/scratch/works/class/siesta_0424_183837/*.bands': No such file or directory
cp: cannot stat `/scratch/works/class/siesta_0424_183837/*.WFSX': No such file or directory
cp: cannot stat `/scratch/works/class/siesta_0424_183837/*.HSX': No such file or directory
cp: cannot stat `/scratch/works/class/siesta_0424_183837/*.TSHS': No such file or directory
cp: cannot stat `/scratch/works/class/siesta_0424_183837/*.AVTRANS': No such file or directory
cp: cannot stat `/scratch/works/class/siesta_0424_183837/*.ANI': No such file or directory
