mkdir: cannot create directory `/scratch/works/class': Permission denied
cp: target `/scratch/works/class/siesta_0414_150029/' is not a directory
cp: target `/scratch/works/class/siesta_0414_150029/' is not a directory
cp: cannot create regular file `/scratch/works/class/siesta_0414_150029/': No such file or directory
/PBS/mom_priv/jobs/97372.master.hpc.SC: line 74: cd: /scratch/works/class/siesta_0414_150029: No such file or directory
cp: cannot stat `/scratch/works/class/siesta_0414_150029/stdout.txt': No such file or directory
cp: cannot stat `/scratch/works/class/siesta_0414_150029/*.xyz': No such file or directory
cp: cannot stat `/scratch/works/class/siesta_0414_150029/*.EIG': No such file or directory
cp: cannot stat `/scratch/works/class/siesta_0414_150029/*.DM': No such file or directory
cp: cannot stat `/scratch/works/class/siesta_0414_150029/*.DOS': No such file or directory
cp: cannot stat `/scratch/works/class/siesta_0414_150029/*.PDOS': No such file or directory
cp: cannot stat `/scratch/works/class/siesta_0414_150029/*.LDOS': No such file or directory
cp: cannot stat `/scratch/works/class/siesta_0414_150029/*.XV': No such file or directory
cp: cannot stat `/scratch/works/class/siesta_0414_150029/*.RHO': No such file or directory
cp: cannot stat `/scratch/works/class/siesta_0414_150029/*.VH': No such file or directory
cp: cannot stat `/scratch/works/class/siesta_0414_150029/*.bands': No such file or directory
cp: cannot stat `/scratch/works/class/siesta_0414_150029/*.WFSX': No such file or directory
cp: cannot stat `/scratch/works/class/siesta_0414_150029/*.HSX': No such file or directory
cp: cannot stat `/scratch/works/class/siesta_0414_150029/*.TSHS': No such file or directory
cp: cannot stat `/scratch/works/class/siesta_0414_150029/*.AVTRANS': No such file or directory
cp: cannot stat `/scratch/works/class/siesta_0414_150029/*.ANI': No such file or directory
