mkdir: cannot create directory `/scratch/works/class': Permission denied
cp: target `/scratch/works/class/siesta_0427_031434/' is not a directory
cp: target `/scratch/works/class/siesta_0427_031434/' is not a directory
cp: cannot stat `/home/class/GB/160413_graphene_6X6_doping/B/20/B_doped_20_g/*.DM': No such file or directory
/PBS/mom_priv/jobs/99480.master.hpc.SC: line 74: cd: /scratch/works/class/siesta_0427_031434: No such file or directory
cp: cannot stat `/scratch/works/class/siesta_0427_031434/stdout.txt': No such file or directory
cp: cannot stat `/scratch/works/class/siesta_0427_031434/*.xyz': No such file or directory
cp: cannot stat `/scratch/works/class/siesta_0427_031434/*.EIG': No such file or directory
cp: cannot stat `/scratch/works/class/siesta_0427_031434/*.DM': No such file or directory
cp: cannot stat `/scratch/works/class/siesta_0427_031434/*.DOS': No such file or directory
cp: cannot stat `/scratch/works/class/siesta_0427_031434/*.PDOS': No such file or directory
cp: cannot stat `/scratch/works/class/siesta_0427_031434/*.LDOS': No such file or directory
cp: cannot stat `/scratch/works/class/siesta_0427_031434/*.XV': No such file or directory
cp: cannot stat `/scratch/works/class/siesta_0427_031434/*.RHO': No such file or directory
cp: cannot stat `/scratch/works/class/siesta_0427_031434/*.VH': No such file or directory
cp: cannot stat `/scratch/works/class/siesta_0427_031434/*.bands': No such file or directory
cp: cannot stat `/scratch/works/class/siesta_0427_031434/*.WFSX': No such file or directory
cp: cannot stat `/scratch/works/class/siesta_0427_031434/*.HSX': No such file or directory
cp: cannot stat `/scratch/works/class/siesta_0427_031434/*.TSHS': No such file or directory
cp: cannot stat `/scratch/works/class/siesta_0427_031434/*.AVTRANS': No such file or directory
cp: cannot stat `/scratch/works/class/siesta_0427_031434/*.ANI': No such file or directory
