mkdir: cannot create directory `/scratch/works/class': Permission denied
cp: target `/scratch/works/class/siesta_0424_021911/' is not a directory
cp: target `/scratch/works/class/siesta_0424_021911/' is not a directory
cp: cannot stat `/home/class/GB/160413_graphene_6X6_doping/N/24/N_doped_24_w/*.DM': No such file or directory
/PBS/mom_priv/jobs/99060.master.hpc.SC: line 74: cd: /scratch/works/class/siesta_0424_021911: No such file or directory
cp: cannot stat `/scratch/works/class/siesta_0424_021911/stdout.txt': No such file or directory
cp: cannot stat `/scratch/works/class/siesta_0424_021911/*.xyz': No such file or directory
cp: cannot stat `/scratch/works/class/siesta_0424_021911/*.EIG': No such file or directory
cp: cannot stat `/scratch/works/class/siesta_0424_021911/*.DM': No such file or directory
cp: cannot stat `/scratch/works/class/siesta_0424_021911/*.DOS': No such file or directory
cp: cannot stat `/scratch/works/class/siesta_0424_021911/*.PDOS': No such file or directory
cp: cannot stat `/scratch/works/class/siesta_0424_021911/*.LDOS': No such file or directory
cp: cannot stat `/scratch/works/class/siesta_0424_021911/*.XV': No such file or directory
cp: cannot stat `/scratch/works/class/siesta_0424_021911/*.RHO': No such file or directory
cp: cannot stat `/scratch/works/class/siesta_0424_021911/*.VH': No such file or directory
cp: cannot stat `/scratch/works/class/siesta_0424_021911/*.bands': No such file or directory
cp: cannot stat `/scratch/works/class/siesta_0424_021911/*.WFSX': No such file or directory
cp: cannot stat `/scratch/works/class/siesta_0424_021911/*.HSX': No such file or directory
cp: cannot stat `/scratch/works/class/siesta_0424_021911/*.TSHS': No such file or directory
cp: cannot stat `/scratch/works/class/siesta_0424_021911/*.AVTRANS': No such file or directory
cp: cannot stat `/scratch/works/class/siesta_0424_021911/*.ANI': No such file or directory
