mkdir: cannot create directory `/scratch/works/class': Permission denied
cp: target `/scratch/works/class/siesta_0422_092622/' is not a directory
cp: target `/scratch/works/class/siesta_0422_092622/' is not a directory
cp: cannot stat `/home/class/GB/160413_graphene_6X6_doping/N/25/N_doped_25_p/*.DM': No such file or directory
/PBS/mom_priv/jobs/98719.master.hpc.SC: line 74: cd: /scratch/works/class/siesta_0422_092622: No such file or directory
cp: cannot stat `/scratch/works/class/siesta_0422_092622/stdout.txt': No such file or directory
cp: cannot stat `/scratch/works/class/siesta_0422_092622/*.xyz': No such file or directory
cp: cannot stat `/scratch/works/class/siesta_0422_092622/*.EIG': No such file or directory
cp: cannot stat `/scratch/works/class/siesta_0422_092622/*.DM': No such file or directory
cp: cannot stat `/scratch/works/class/siesta_0422_092622/*.DOS': No such file or directory
cp: cannot stat `/scratch/works/class/siesta_0422_092622/*.PDOS': No such file or directory
cp: cannot stat `/scratch/works/class/siesta_0422_092622/*.LDOS': No such file or directory
cp: cannot stat `/scratch/works/class/siesta_0422_092622/*.XV': No such file or directory
cp: cannot stat `/scratch/works/class/siesta_0422_092622/*.RHO': No such file or directory
cp: cannot stat `/scratch/works/class/siesta_0422_092622/*.VH': No such file or directory
cp: cannot stat `/scratch/works/class/siesta_0422_092622/*.bands': No such file or directory
cp: cannot stat `/scratch/works/class/siesta_0422_092622/*.WFSX': No such file or directory
cp: cannot stat `/scratch/works/class/siesta_0422_092622/*.HSX': No such file or directory
cp: cannot stat `/scratch/works/class/siesta_0422_092622/*.TSHS': No such file or directory
cp: cannot stat `/scratch/works/class/siesta_0422_092622/*.AVTRANS': No such file or directory
cp: cannot stat `/scratch/works/class/siesta_0422_092622/*.ANI': No such file or directory
