mkdir: cannot create directory `/scratch/works/class': Permission denied
cp: target `/scratch/works/class/siesta_0419_200139/' is not a directory
cp: target `/scratch/works/class/siesta_0419_200139/' is not a directory
cp: cannot stat `/home/class/GB/160413_graphene_6X6_doping/N/N_doped_26_g/*.DM': No such file or directory
/PBS/mom_priv/jobs/98414.master.hpc.SC: line 74: cd: /scratch/works/class/siesta_0419_200139: No such file or directory
cp: cannot stat `/scratch/works/class/siesta_0419_200139/stdout.txt': No such file or directory
cp: cannot stat `/scratch/works/class/siesta_0419_200139/*.xyz': No such file or directory
cp: cannot stat `/scratch/works/class/siesta_0419_200139/*.EIG': No such file or directory
cp: cannot stat `/scratch/works/class/siesta_0419_200139/*.DM': No such file or directory
cp: cannot stat `/scratch/works/class/siesta_0419_200139/*.DOS': No such file or directory
cp: cannot stat `/scratch/works/class/siesta_0419_200139/*.PDOS': No such file or directory
cp: cannot stat `/scratch/works/class/siesta_0419_200139/*.LDOS': No such file or directory
cp: cannot stat `/scratch/works/class/siesta_0419_200139/*.XV': No such file or directory
cp: cannot stat `/scratch/works/class/siesta_0419_200139/*.RHO': No such file or directory
cp: cannot stat `/scratch/works/class/siesta_0419_200139/*.VH': No such file or directory
cp: cannot stat `/scratch/works/class/siesta_0419_200139/*.bands': No such file or directory
cp: cannot stat `/scratch/works/class/siesta_0419_200139/*.WFSX': No such file or directory
cp: cannot stat `/scratch/works/class/siesta_0419_200139/*.HSX': No such file or directory
cp: cannot stat `/scratch/works/class/siesta_0419_200139/*.TSHS': No such file or directory
cp: cannot stat `/scratch/works/class/siesta_0419_200139/*.AVTRANS': No such file or directory
cp: cannot stat `/scratch/works/class/siesta_0419_200139/*.ANI': No such file or directory
