mkdir: cannot create directory `/scratch/works/class': Permission denied
cp: target `/scratch/works/class/siesta_0425_000612/' is not a directory
cp: target `/scratch/works/class/siesta_0425_000612/' is not a directory
cp: cannot stat `/home/class/GB/160413_graphene_6X6_doping/B/22/B_doped_22_a/*.DM': No such file or directory
/PBS/mom_priv/jobs/99122.master.hpc.SC: line 74: cd: /scratch/works/class/siesta_0425_000612: No such file or directory
FDF: Cannot open STRUCT.fdf                                                  
cp: cannot stat `/scratch/works/class/siesta_0425_000612/stdout.txt': No such file or directory
cp: cannot stat `/scratch/works/class/siesta_0425_000612/*.xyz': No such file or directory
cp: cannot stat `/scratch/works/class/siesta_0425_000612/*.EIG': No such file or directory
cp: cannot stat `/scratch/works/class/siesta_0425_000612/*.DM': No such file or directory
cp: cannot stat `/scratch/works/class/siesta_0425_000612/*.DOS': No such file or directory
cp: cannot stat `/scratch/works/class/siesta_0425_000612/*.PDOS': No such file or directory
cp: cannot stat `/scratch/works/class/siesta_0425_000612/*.LDOS': No such file or directory
cp: cannot stat `/scratch/works/class/siesta_0425_000612/*.XV': No such file or directory
cp: cannot stat `/scratch/works/class/siesta_0425_000612/*.RHO': No such file or directory
cp: cannot stat `/scratch/works/class/siesta_0425_000612/*.VH': No such file or directory
cp: cannot stat `/scratch/works/class/siesta_0425_000612/*.bands': No such file or directory
cp: cannot stat `/scratch/works/class/siesta_0425_000612/*.WFSX': No such file or directory
cp: cannot stat `/scratch/works/class/siesta_0425_000612/*.HSX': No such file or directory
cp: cannot stat `/scratch/works/class/siesta_0425_000612/*.TSHS': No such file or directory
cp: cannot stat `/scratch/works/class/siesta_0425_000612/*.AVTRANS': No such file or directory
cp: cannot stat `/scratch/works/class/siesta_0425_000612/*.ANI': No such file or directory
