mkdir: cannot create directory `/scratch/works/class': Permission denied
cp: target `/scratch/works/class/siesta_0425_202318/' is not a directory
cp: target `/scratch/works/class/siesta_0425_202318/' is not a directory
cp: cannot stat `/home/class/GB/160413_graphene_6X6_doping/N/23/N_doped_23_e/*.DM': No such file or directory
/PBS/mom_priv/jobs/99245.master.hpc.SC: line 74: cd: /scratch/works/class/siesta_0425_202318: No such file or directory
cp: cannot stat `/scratch/works/class/siesta_0425_202318/stdout.txt': No such file or directory
cp: cannot stat `/scratch/works/class/siesta_0425_202318/*.xyz': No such file or directory
cp: cannot stat `/scratch/works/class/siesta_0425_202318/*.EIG': No such file or directory
cp: cannot stat `/scratch/works/class/siesta_0425_202318/*.DM': No such file or directory
cp: cannot stat `/scratch/works/class/siesta_0425_202318/*.DOS': No such file or directory
cp: cannot stat `/scratch/works/class/siesta_0425_202318/*.PDOS': No such file or directory
cp: cannot stat `/scratch/works/class/siesta_0425_202318/*.LDOS': No such file or directory
cp: cannot stat `/scratch/works/class/siesta_0425_202318/*.XV': No such file or directory
cp: cannot stat `/scratch/works/class/siesta_0425_202318/*.RHO': No such file or directory
cp: cannot stat `/scratch/works/class/siesta_0425_202318/*.VH': No such file or directory
cp: cannot stat `/scratch/works/class/siesta_0425_202318/*.bands': No such file or directory
cp: cannot stat `/scratch/works/class/siesta_0425_202318/*.WFSX': No such file or directory
cp: cannot stat `/scratch/works/class/siesta_0425_202318/*.HSX': No such file or directory
cp: cannot stat `/scratch/works/class/siesta_0425_202318/*.TSHS': No such file or directory
cp: cannot stat `/scratch/works/class/siesta_0425_202318/*.AVTRANS': No such file or directory
cp: cannot stat `/scratch/works/class/siesta_0425_202318/*.ANI': No such file or directory
