mkdir: cannot create directory `/scratch/works/class': Permission denied
cp: target `/scratch/works/class/siesta_0424_031408/' is not a directory
cp: target `/scratch/works/class/siesta_0424_031408/' is not a directory
cp: cannot stat `/home/class/GB/160413_graphene_6X6_doping/N/24/N_doped_24_s/*.DM': No such file or directory
/PBS/mom_priv/jobs/99051.master.hpc.SC: line 74: cd: /scratch/works/class/siesta_0424_031408: No such file or directory
cp: cannot stat `/scratch/works/class/siesta_0424_031408/stdout.txt': No such file or directory
cp: cannot stat `/scratch/works/class/siesta_0424_031408/*.xyz': No such file or directory
cp: cannot stat `/scratch/works/class/siesta_0424_031408/*.EIG': No such file or directory
cp: cannot stat `/scratch/works/class/siesta_0424_031408/*.DM': No such file or directory
cp: cannot stat `/scratch/works/class/siesta_0424_031408/*.DOS': No such file or directory
cp: cannot stat `/scratch/works/class/siesta_0424_031408/*.PDOS': No such file or directory
cp: cannot stat `/scratch/works/class/siesta_0424_031408/*.LDOS': No such file or directory
cp: cannot stat `/scratch/works/class/siesta_0424_031408/*.XV': No such file or directory
cp: cannot stat `/scratch/works/class/siesta_0424_031408/*.RHO': No such file or directory
cp: cannot stat `/scratch/works/class/siesta_0424_031408/*.VH': No such file or directory
cp: cannot stat `/scratch/works/class/siesta_0424_031408/*.bands': No such file or directory
cp: cannot stat `/scratch/works/class/siesta_0424_031408/*.WFSX': No such file or directory
cp: cannot stat `/scratch/works/class/siesta_0424_031408/*.HSX': No such file or directory
cp: cannot stat `/scratch/works/class/siesta_0424_031408/*.TSHS': No such file or directory
cp: cannot stat `/scratch/works/class/siesta_0424_031408/*.AVTRANS': No such file or directory
cp: cannot stat `/scratch/works/class/siesta_0424_031408/*.ANI': No such file or directory
