mkdir: cannot create directory `/scratch/works/class': Permission denied
cp: target `/scratch/works/class/siesta_0430_135437/' is not a directory
cp: target `/scratch/works/class/siesta_0430_135437/' is not a directory
cp: cannot stat `/home/class/GB/160413_graphene_6X6_doping/B/17/B_doped_17_g/*.DM': No such file or directory
/PBS/mom_priv/jobs/100100.master.hpc.SC: line 74: cd: /scratch/works/class/siesta_0430_135437: No such file or directory
cp: cannot stat `/scratch/works/class/siesta_0430_135437/stdout.txt': No such file or directory
cp: cannot stat `/scratch/works/class/siesta_0430_135437/*.xyz': No such file or directory
cp: cannot stat `/scratch/works/class/siesta_0430_135437/*.EIG': No such file or directory
cp: cannot stat `/scratch/works/class/siesta_0430_135437/*.DM': No such file or directory
cp: cannot stat `/scratch/works/class/siesta_0430_135437/*.DOS': No such file or directory
cp: cannot stat `/scratch/works/class/siesta_0430_135437/*.PDOS': No such file or directory
cp: cannot stat `/scratch/works/class/siesta_0430_135437/*.LDOS': No such file or directory
cp: cannot stat `/scratch/works/class/siesta_0430_135437/*.XV': No such file or directory
cp: cannot stat `/scratch/works/class/siesta_0430_135437/*.RHO': No such file or directory
cp: cannot stat `/scratch/works/class/siesta_0430_135437/*.VH': No such file or directory
cp: cannot stat `/scratch/works/class/siesta_0430_135437/*.bands': No such file or directory
cp: cannot stat `/scratch/works/class/siesta_0430_135437/*.WFSX': No such file or directory
cp: cannot stat `/scratch/works/class/siesta_0430_135437/*.HSX': No such file or directory
cp: cannot stat `/scratch/works/class/siesta_0430_135437/*.TSHS': No such file or directory
cp: cannot stat `/scratch/works/class/siesta_0430_135437/*.AVTRANS': No such file or directory
cp: cannot stat `/scratch/works/class/siesta_0430_135437/*.ANI': No such file or directory
