mkdir: cannot create directory `/scratch/works/class': Permission denied
cp: target `/scratch/works/class/siesta_0430_144009/' is not a directory
cp: target `/scratch/works/class/siesta_0430_144009/' is not a directory
cp: cannot stat `/home/class/GB/160413_graphene_6X6_doping/B/17/B_doped_17_a/*.DM': No such file or directory
/PBS/mom_priv/jobs/100094.master.hpc.SC: line 74: cd: /scratch/works/class/siesta_0430_144009: No such file or directory
cp: cannot stat `/scratch/works/class/siesta_0430_144009/stdout.txt': No such file or directory
cp: cannot stat `/scratch/works/class/siesta_0430_144009/*.xyz': No such file or directory
cp: cannot stat `/scratch/works/class/siesta_0430_144009/*.EIG': No such file or directory
cp: cannot stat `/scratch/works/class/siesta_0430_144009/*.DM': No such file or directory
cp: cannot stat `/scratch/works/class/siesta_0430_144009/*.DOS': No such file or directory
cp: cannot stat `/scratch/works/class/siesta_0430_144009/*.PDOS': No such file or directory
cp: cannot stat `/scratch/works/class/siesta_0430_144009/*.LDOS': No such file or directory
cp: cannot stat `/scratch/works/class/siesta_0430_144009/*.XV': No such file or directory
cp: cannot stat `/scratch/works/class/siesta_0430_144009/*.RHO': No such file or directory
cp: cannot stat `/scratch/works/class/siesta_0430_144009/*.VH': No such file or directory
cp: cannot stat `/scratch/works/class/siesta_0430_144009/*.bands': No such file or directory
cp: cannot stat `/scratch/works/class/siesta_0430_144009/*.WFSX': No such file or directory
cp: cannot stat `/scratch/works/class/siesta_0430_144009/*.HSX': No such file or directory
cp: cannot stat `/scratch/works/class/siesta_0430_144009/*.TSHS': No such file or directory
cp: cannot stat `/scratch/works/class/siesta_0430_144009/*.AVTRANS': No such file or directory
cp: cannot stat `/scratch/works/class/siesta_0430_144009/*.ANI': No such file or directory
