mkdir: cannot create directory `/scratch/works/class': Permission denied
cp: target `/scratch/works/class/siesta_0424_073335/' is not a directory
cp: target `/scratch/works/class/siesta_0424_073335/' is not a directory
cp: cannot stat `/home/class/GB/160413_graphene_6X6_doping/B/23/B_doped_23_l/*.DM': No such file or directory
/PBS/mom_priv/jobs/99091.master.hpc.SC: line 74: cd: /scratch/works/class/siesta_0424_073335: No such file or directory
cp: cannot stat `/scratch/works/class/siesta_0424_073335/stdout.txt': No such file or directory
cp: cannot stat `/scratch/works/class/siesta_0424_073335/*.xyz': No such file or directory
cp: cannot stat `/scratch/works/class/siesta_0424_073335/*.EIG': No such file or directory
cp: cannot stat `/scratch/works/class/siesta_0424_073335/*.DM': No such file or directory
cp: cannot stat `/scratch/works/class/siesta_0424_073335/*.DOS': No such file or directory
cp: cannot stat `/scratch/works/class/siesta_0424_073335/*.PDOS': No such file or directory
cp: cannot stat `/scratch/works/class/siesta_0424_073335/*.LDOS': No such file or directory
cp: cannot stat `/scratch/works/class/siesta_0424_073335/*.XV': No such file or directory
cp: cannot stat `/scratch/works/class/siesta_0424_073335/*.RHO': No such file or directory
cp: cannot stat `/scratch/works/class/siesta_0424_073335/*.VH': No such file or directory
cp: cannot stat `/scratch/works/class/siesta_0424_073335/*.bands': No such file or directory
cp: cannot stat `/scratch/works/class/siesta_0424_073335/*.WFSX': No such file or directory
cp: cannot stat `/scratch/works/class/siesta_0424_073335/*.HSX': No such file or directory
cp: cannot stat `/scratch/works/class/siesta_0424_073335/*.TSHS': No such file or directory
cp: cannot stat `/scratch/works/class/siesta_0424_073335/*.AVTRANS': No such file or directory
cp: cannot stat `/scratch/works/class/siesta_0424_073335/*.ANI': No such file or directory
