mkdir: cannot create directory `/scratch/works/class': Permission denied
cp: target `/scratch/works/class/siesta_0420_034302/' is not a directory
cp: target `/scratch/works/class/siesta_0420_034302/' is not a directory
cp: cannot stat `/home/class/GB/160413_graphene_6X6_doping/B/B_doped_26_o/*.DM': No such file or directory
/PBS/mom_priv/jobs/98430.master.hpc.SC: line 74: cd: /scratch/works/class/siesta_0420_034302: No such file or directory
cp: cannot stat `/scratch/works/class/siesta_0420_034302/stdout.txt': No such file or directory
cp: cannot stat `/scratch/works/class/siesta_0420_034302/*.xyz': No such file or directory
cp: cannot stat `/scratch/works/class/siesta_0420_034302/*.EIG': No such file or directory
cp: cannot stat `/scratch/works/class/siesta_0420_034302/*.DM': No such file or directory
cp: cannot stat `/scratch/works/class/siesta_0420_034302/*.DOS': No such file or directory
cp: cannot stat `/scratch/works/class/siesta_0420_034302/*.PDOS': No such file or directory
cp: cannot stat `/scratch/works/class/siesta_0420_034302/*.LDOS': No such file or directory
cp: cannot stat `/scratch/works/class/siesta_0420_034302/*.XV': No such file or directory
cp: cannot stat `/scratch/works/class/siesta_0420_034302/*.RHO': No such file or directory
cp: cannot stat `/scratch/works/class/siesta_0420_034302/*.VH': No such file or directory
cp: cannot stat `/scratch/works/class/siesta_0420_034302/*.bands': No such file or directory
cp: cannot stat `/scratch/works/class/siesta_0420_034302/*.WFSX': No such file or directory
cp: cannot stat `/scratch/works/class/siesta_0420_034302/*.HSX': No such file or directory
cp: cannot stat `/scratch/works/class/siesta_0420_034302/*.TSHS': No such file or directory
cp: cannot stat `/scratch/works/class/siesta_0420_034302/*.AVTRANS': No such file or directory
cp: cannot stat `/scratch/works/class/siesta_0420_034302/*.ANI': No such file or directory
