mkdir: cannot create directory `/scratch/works/class': Permission denied
cp: target `/scratch/works/class/siesta_0428_055044/' is not a directory
cp: target `/scratch/works/class/siesta_0428_055044/' is not a directory
cp: cannot stat `/home/class/GB/160413_graphene_6X6_doping/B/21/B_doped_21_w/*.DM': No such file or directory
/PBS/mom_priv/jobs/99692.master.hpc.SC: line 74: cd: /scratch/works/class/siesta_0428_055044: No such file or directory
cp: cannot stat `/scratch/works/class/siesta_0428_055044/stdout.txt': No such file or directory
cp: cannot stat `/scratch/works/class/siesta_0428_055044/*.xyz': No such file or directory
cp: cannot stat `/scratch/works/class/siesta_0428_055044/*.EIG': No such file or directory
cp: cannot stat `/scratch/works/class/siesta_0428_055044/*.DM': No such file or directory
cp: cannot stat `/scratch/works/class/siesta_0428_055044/*.DOS': No such file or directory
cp: cannot stat `/scratch/works/class/siesta_0428_055044/*.PDOS': No such file or directory
cp: cannot stat `/scratch/works/class/siesta_0428_055044/*.LDOS': No such file or directory
cp: cannot stat `/scratch/works/class/siesta_0428_055044/*.XV': No such file or directory
cp: cannot stat `/scratch/works/class/siesta_0428_055044/*.RHO': No such file or directory
cp: cannot stat `/scratch/works/class/siesta_0428_055044/*.VH': No such file or directory
cp: cannot stat `/scratch/works/class/siesta_0428_055044/*.bands': No such file or directory
cp: cannot stat `/scratch/works/class/siesta_0428_055044/*.WFSX': No such file or directory
cp: cannot stat `/scratch/works/class/siesta_0428_055044/*.HSX': No such file or directory
cp: cannot stat `/scratch/works/class/siesta_0428_055044/*.TSHS': No such file or directory
cp: cannot stat `/scratch/works/class/siesta_0428_055044/*.AVTRANS': No such file or directory
cp: cannot stat `/scratch/works/class/siesta_0428_055044/*.ANI': No such file or directory
