mkdir: cannot create directory `/scratch/works/class': Permission denied
cp: target `/scratch/works/class/siesta_0428_034130/' is not a directory
cp: target `/scratch/works/class/siesta_0428_034130/' is not a directory
cp: cannot stat `/home/class/GB/160413_graphene_6X6_doping/B/21/B_doped_21_y/*.DM': No such file or directory
/PBS/mom_priv/jobs/99694.master.hpc.SC: line 74: cd: /scratch/works/class/siesta_0428_034130: No such file or directory
cp: cannot stat `/scratch/works/class/siesta_0428_034130/stdout.txt': No such file or directory
cp: cannot stat `/scratch/works/class/siesta_0428_034130/*.xyz': No such file or directory
cp: cannot stat `/scratch/works/class/siesta_0428_034130/*.EIG': No such file or directory
cp: cannot stat `/scratch/works/class/siesta_0428_034130/*.DM': No such file or directory
cp: cannot stat `/scratch/works/class/siesta_0428_034130/*.DOS': No such file or directory
cp: cannot stat `/scratch/works/class/siesta_0428_034130/*.PDOS': No such file or directory
cp: cannot stat `/scratch/works/class/siesta_0428_034130/*.LDOS': No such file or directory
cp: cannot stat `/scratch/works/class/siesta_0428_034130/*.XV': No such file or directory
cp: cannot stat `/scratch/works/class/siesta_0428_034130/*.RHO': No such file or directory
cp: cannot stat `/scratch/works/class/siesta_0428_034130/*.VH': No such file or directory
cp: cannot stat `/scratch/works/class/siesta_0428_034130/*.bands': No such file or directory
cp: cannot stat `/scratch/works/class/siesta_0428_034130/*.WFSX': No such file or directory
cp: cannot stat `/scratch/works/class/siesta_0428_034130/*.HSX': No such file or directory
cp: cannot stat `/scratch/works/class/siesta_0428_034130/*.TSHS': No such file or directory
cp: cannot stat `/scratch/works/class/siesta_0428_034130/*.AVTRANS': No such file or directory
cp: cannot stat `/scratch/works/class/siesta_0428_034130/*.ANI': No such file or directory
