mkdir: cannot create directory `/scratch/works/class': Permission denied
cp: target `/scratch/works/class/siesta_0425_172443/' is not a directory
cp: target `/scratch/works/class/siesta_0425_172443/' is not a directory
cp: cannot stat `/home/class/GB/160413_graphene_6X6_doping/B/23/B_doped_23_m/*.DM': No such file or directory
/PBS/mom_priv/jobs/99229.master.hpc.SC: line 74: cd: /scratch/works/class/siesta_0425_172443: No such file or directory
cp: cannot stat `/scratch/works/class/siesta_0425_172443/stdout.txt': No such file or directory
cp: cannot stat `/scratch/works/class/siesta_0425_172443/*.xyz': No such file or directory
cp: cannot stat `/scratch/works/class/siesta_0425_172443/*.EIG': No such file or directory
cp: cannot stat `/scratch/works/class/siesta_0425_172443/*.DM': No such file or directory
cp: cannot stat `/scratch/works/class/siesta_0425_172443/*.DOS': No such file or directory
cp: cannot stat `/scratch/works/class/siesta_0425_172443/*.PDOS': No such file or directory
cp: cannot stat `/scratch/works/class/siesta_0425_172443/*.LDOS': No such file or directory
cp: cannot stat `/scratch/works/class/siesta_0425_172443/*.XV': No such file or directory
cp: cannot stat `/scratch/works/class/siesta_0425_172443/*.RHO': No such file or directory
cp: cannot stat `/scratch/works/class/siesta_0425_172443/*.VH': No such file or directory
cp: cannot stat `/scratch/works/class/siesta_0425_172443/*.bands': No such file or directory
cp: cannot stat `/scratch/works/class/siesta_0425_172443/*.WFSX': No such file or directory
cp: cannot stat `/scratch/works/class/siesta_0425_172443/*.HSX': No such file or directory
cp: cannot stat `/scratch/works/class/siesta_0425_172443/*.TSHS': No such file or directory
cp: cannot stat `/scratch/works/class/siesta_0425_172443/*.AVTRANS': No such file or directory
cp: cannot stat `/scratch/works/class/siesta_0425_172443/*.ANI': No such file or directory
