mkdir: cannot create directory `/scratch/works/class': Permission denied
cp: target `/scratch/works/class/siesta_0419_212458/' is not a directory
cp: target `/scratch/works/class/siesta_0419_212458/' is not a directory
cp: cannot stat `/home/class/GB/160413_graphene_6X6_doping/N/N_doped_26_i/*.DM': No such file or directory
/PBS/mom_priv/jobs/98417.master.hpc.SC: line 74: cd: /scratch/works/class/siesta_0419_212458: No such file or directory
cp: cannot stat `/scratch/works/class/siesta_0419_212458/stdout.txt': No such file or directory
cp: cannot stat `/scratch/works/class/siesta_0419_212458/*.xyz': No such file or directory
cp: cannot stat `/scratch/works/class/siesta_0419_212458/*.EIG': No such file or directory
cp: cannot stat `/scratch/works/class/siesta_0419_212458/*.DM': No such file or directory
cp: cannot stat `/scratch/works/class/siesta_0419_212458/*.DOS': No such file or directory
cp: cannot stat `/scratch/works/class/siesta_0419_212458/*.PDOS': No such file or directory
cp: cannot stat `/scratch/works/class/siesta_0419_212458/*.LDOS': No such file or directory
cp: cannot stat `/scratch/works/class/siesta_0419_212458/*.XV': No such file or directory
cp: cannot stat `/scratch/works/class/siesta_0419_212458/*.RHO': No such file or directory
cp: cannot stat `/scratch/works/class/siesta_0419_212458/*.VH': No such file or directory
cp: cannot stat `/scratch/works/class/siesta_0419_212458/*.bands': No such file or directory
cp: cannot stat `/scratch/works/class/siesta_0419_212458/*.WFSX': No such file or directory
cp: cannot stat `/scratch/works/class/siesta_0419_212458/*.HSX': No such file or directory
cp: cannot stat `/scratch/works/class/siesta_0419_212458/*.TSHS': No such file or directory
cp: cannot stat `/scratch/works/class/siesta_0419_212458/*.AVTRANS': No such file or directory
cp: cannot stat `/scratch/works/class/siesta_0419_212458/*.ANI': No such file or directory
