mkdir: cannot create directory `/scratch/works/class': Permission denied
cp: target `/scratch/works/class/siesta_0501_105557/' is not a directory
cp: target `/scratch/works/class/siesta_0501_105557/' is not a directory
cp: cannot stat `/home/class/GB/160413_graphene_6X6_doping/N/19/N_doped_19_m/*.DM': No such file or directory
/PBS/mom_priv/jobs/100182.master.hpc.SC: line 74: cd: /scratch/works/class/siesta_0501_105557: No such file or directory
cp: cannot stat `/scratch/works/class/siesta_0501_105557/stdout.txt': No such file or directory
cp: cannot stat `/scratch/works/class/siesta_0501_105557/*.xyz': No such file or directory
cp: cannot stat `/scratch/works/class/siesta_0501_105557/*.EIG': No such file or directory
cp: cannot stat `/scratch/works/class/siesta_0501_105557/*.DM': No such file or directory
cp: cannot stat `/scratch/works/class/siesta_0501_105557/*.DOS': No such file or directory
cp: cannot stat `/scratch/works/class/siesta_0501_105557/*.PDOS': No such file or directory
cp: cannot stat `/scratch/works/class/siesta_0501_105557/*.LDOS': No such file or directory
cp: cannot stat `/scratch/works/class/siesta_0501_105557/*.XV': No such file or directory
cp: cannot stat `/scratch/works/class/siesta_0501_105557/*.RHO': No such file or directory
cp: cannot stat `/scratch/works/class/siesta_0501_105557/*.VH': No such file or directory
cp: cannot stat `/scratch/works/class/siesta_0501_105557/*.bands': No such file or directory
cp: cannot stat `/scratch/works/class/siesta_0501_105557/*.WFSX': No such file or directory
cp: cannot stat `/scratch/works/class/siesta_0501_105557/*.HSX': No such file or directory
cp: cannot stat `/scratch/works/class/siesta_0501_105557/*.TSHS': No such file or directory
cp: cannot stat `/scratch/works/class/siesta_0501_105557/*.AVTRANS': No such file or directory
cp: cannot stat `/scratch/works/class/siesta_0501_105557/*.ANI': No such file or directory
