mkdir: cannot create directory `/scratch/works/class': Permission denied
cp: target `/scratch/works/class/siesta_0425_001001/' is not a directory
cp: target `/scratch/works/class/siesta_0425_001001/' is not a directory
cp: cannot stat `/home/class/GB/160413_graphene_6X6_doping/B/22/B_doped_22_h/*.DM': No such file or directory
/PBS/mom_priv/jobs/99129.master.hpc.SC: line 74: cd: /scratch/works/class/siesta_0425_001001: No such file or directory
cp: cannot stat `/scratch/works/class/siesta_0425_001001/stdout.txt': No such file or directory
cp: cannot stat `/scratch/works/class/siesta_0425_001001/*.xyz': No such file or directory
cp: cannot stat `/scratch/works/class/siesta_0425_001001/*.EIG': No such file or directory
cp: cannot stat `/scratch/works/class/siesta_0425_001001/*.DM': No such file or directory
cp: cannot stat `/scratch/works/class/siesta_0425_001001/*.DOS': No such file or directory
cp: cannot stat `/scratch/works/class/siesta_0425_001001/*.PDOS': No such file or directory
cp: cannot stat `/scratch/works/class/siesta_0425_001001/*.LDOS': No such file or directory
cp: cannot stat `/scratch/works/class/siesta_0425_001001/*.XV': No such file or directory
cp: cannot stat `/scratch/works/class/siesta_0425_001001/*.RHO': No such file or directory
cp: cannot stat `/scratch/works/class/siesta_0425_001001/*.VH': No such file or directory
cp: cannot stat `/scratch/works/class/siesta_0425_001001/*.bands': No such file or directory
cp: cannot stat `/scratch/works/class/siesta_0425_001001/*.WFSX': No such file or directory
cp: cannot stat `/scratch/works/class/siesta_0425_001001/*.HSX': No such file or directory
cp: cannot stat `/scratch/works/class/siesta_0425_001001/*.TSHS': No such file or directory
cp: cannot stat `/scratch/works/class/siesta_0425_001001/*.AVTRANS': No such file or directory
cp: cannot stat `/scratch/works/class/siesta_0425_001001/*.ANI': No such file or directory
