mkdir: cannot create directory `/scratch/works/class': Permission denied
cp: target `/scratch/works/class/siesta_0424_181514/' is not a directory
cp: target `/scratch/works/class/siesta_0424_181514/' is not a directory
cp: cannot stat `/home/class/GB/160413_graphene_6X6_doping/B/23/B_doped_23_c/*.DM': No such file or directory
/PBS/mom_priv/jobs/99082.master.hpc.SC: line 74: cd: /scratch/works/class/siesta_0424_181514: No such file or directory
cp: cannot stat `/scratch/works/class/siesta_0424_181514/stdout.txt': No such file or directory
cp: cannot stat `/scratch/works/class/siesta_0424_181514/*.xyz': No such file or directory
cp: cannot stat `/scratch/works/class/siesta_0424_181514/*.EIG': No such file or directory
cp: cannot stat `/scratch/works/class/siesta_0424_181514/*.DM': No such file or directory
cp: cannot stat `/scratch/works/class/siesta_0424_181514/*.DOS': No such file or directory
cp: cannot stat `/scratch/works/class/siesta_0424_181514/*.PDOS': No such file or directory
cp: cannot stat `/scratch/works/class/siesta_0424_181514/*.LDOS': No such file or directory
cp: cannot stat `/scratch/works/class/siesta_0424_181514/*.XV': No such file or directory
cp: cannot stat `/scratch/works/class/siesta_0424_181514/*.RHO': No such file or directory
cp: cannot stat `/scratch/works/class/siesta_0424_181514/*.VH': No such file or directory
cp: cannot stat `/scratch/works/class/siesta_0424_181514/*.bands': No such file or directory
cp: cannot stat `/scratch/works/class/siesta_0424_181514/*.WFSX': No such file or directory
cp: cannot stat `/scratch/works/class/siesta_0424_181514/*.HSX': No such file or directory
cp: cannot stat `/scratch/works/class/siesta_0424_181514/*.TSHS': No such file or directory
cp: cannot stat `/scratch/works/class/siesta_0424_181514/*.AVTRANS': No such file or directory
cp: cannot stat `/scratch/works/class/siesta_0424_181514/*.ANI': No such file or directory
