mkdir: cannot create directory `/scratch/works/class': Permission denied
cp: target `/scratch/works/class/siesta_0429_215951/' is not a directory
cp: target `/scratch/works/class/siesta_0429_215951/' is not a directory
cp: cannot stat `/home/class/GB/160413_graphene_6X6_doping/B/19/B_doped_19_c/*.DM': No such file or directory
/PBS/mom_priv/jobs/100026.master.hpc.SC: line 74: cd: /scratch/works/class/siesta_0429_215951: No such file or directory
cp: cannot stat `/scratch/works/class/siesta_0429_215951/stdout.txt': No such file or directory
cp: cannot stat `/scratch/works/class/siesta_0429_215951/*.xyz': No such file or directory
cp: cannot stat `/scratch/works/class/siesta_0429_215951/*.EIG': No such file or directory
cp: cannot stat `/scratch/works/class/siesta_0429_215951/*.DM': No such file or directory
cp: cannot stat `/scratch/works/class/siesta_0429_215951/*.DOS': No such file or directory
cp: cannot stat `/scratch/works/class/siesta_0429_215951/*.PDOS': No such file or directory
cp: cannot stat `/scratch/works/class/siesta_0429_215951/*.LDOS': No such file or directory
cp: cannot stat `/scratch/works/class/siesta_0429_215951/*.XV': No such file or directory
cp: cannot stat `/scratch/works/class/siesta_0429_215951/*.RHO': No such file or directory
cp: cannot stat `/scratch/works/class/siesta_0429_215951/*.VH': No such file or directory
cp: cannot stat `/scratch/works/class/siesta_0429_215951/*.bands': No such file or directory
cp: cannot stat `/scratch/works/class/siesta_0429_215951/*.WFSX': No such file or directory
cp: cannot stat `/scratch/works/class/siesta_0429_215951/*.HSX': No such file or directory
cp: cannot stat `/scratch/works/class/siesta_0429_215951/*.TSHS': No such file or directory
cp: cannot stat `/scratch/works/class/siesta_0429_215951/*.AVTRANS': No such file or directory
cp: cannot stat `/scratch/works/class/siesta_0429_215951/*.ANI': No such file or directory
