mkdir: cannot create directory `/scratch/works/class': Permission denied
cp: target `/scratch/works/class/siesta_0421_091614/' is not a directory
cp: target `/scratch/works/class/siesta_0421_091614/' is not a directory
cp: cannot stat `/home/class/GB/160413_graphene_6X6_doping/B/25/B_doped_25_a/*.DM': No such file or directory
/PBS/mom_priv/jobs/98489.master.hpc.SC: line 74: cd: /scratch/works/class/siesta_0421_091614: No such file or directory
cp: cannot stat `/scratch/works/class/siesta_0421_091614/stdout.txt': No such file or directory
cp: cannot stat `/scratch/works/class/siesta_0421_091614/*.xyz': No such file or directory
cp: cannot stat `/scratch/works/class/siesta_0421_091614/*.EIG': No such file or directory
cp: cannot stat `/scratch/works/class/siesta_0421_091614/*.DM': No such file or directory
cp: cannot stat `/scratch/works/class/siesta_0421_091614/*.DOS': No such file or directory
cp: cannot stat `/scratch/works/class/siesta_0421_091614/*.PDOS': No such file or directory
cp: cannot stat `/scratch/works/class/siesta_0421_091614/*.LDOS': No such file or directory
cp: cannot stat `/scratch/works/class/siesta_0421_091614/*.XV': No such file or directory
cp: cannot stat `/scratch/works/class/siesta_0421_091614/*.RHO': No such file or directory
cp: cannot stat `/scratch/works/class/siesta_0421_091614/*.VH': No such file or directory
cp: cannot stat `/scratch/works/class/siesta_0421_091614/*.bands': No such file or directory
cp: cannot stat `/scratch/works/class/siesta_0421_091614/*.WFSX': No such file or directory
cp: cannot stat `/scratch/works/class/siesta_0421_091614/*.HSX': No such file or directory
cp: cannot stat `/scratch/works/class/siesta_0421_091614/*.TSHS': No such file or directory
cp: cannot stat `/scratch/works/class/siesta_0421_091614/*.AVTRANS': No such file or directory
cp: cannot stat `/scratch/works/class/siesta_0421_091614/*.ANI': No such file or directory
