mkdir: cannot create directory `/scratch/works/class': Permission denied
cp: target `/scratch/works/class/siesta_0419_013210/' is not a directory
cp: target `/scratch/works/class/siesta_0419_013210/' is not a directory
cp: cannot stat `/home/class/GB/160413_graphene_6X6_doping/B/B_doped_26_f/*.DM': No such file or directory
/PBS/mom_priv/jobs/98187.master.hpc.SC: line 74: cd: /scratch/works/class/siesta_0419_013210: No such file or directory
cp: cannot stat `/scratch/works/class/siesta_0419_013210/stdout.txt': No such file or directory
cp: cannot stat `/scratch/works/class/siesta_0419_013210/*.xyz': No such file or directory
cp: cannot stat `/scratch/works/class/siesta_0419_013210/*.EIG': No such file or directory
cp: cannot stat `/scratch/works/class/siesta_0419_013210/*.DM': No such file or directory
cp: cannot stat `/scratch/works/class/siesta_0419_013210/*.DOS': No such file or directory
cp: cannot stat `/scratch/works/class/siesta_0419_013210/*.PDOS': No such file or directory
cp: cannot stat `/scratch/works/class/siesta_0419_013210/*.LDOS': No such file or directory
cp: cannot stat `/scratch/works/class/siesta_0419_013210/*.XV': No such file or directory
cp: cannot stat `/scratch/works/class/siesta_0419_013210/*.RHO': No such file or directory
cp: cannot stat `/scratch/works/class/siesta_0419_013210/*.VH': No such file or directory
cp: cannot stat `/scratch/works/class/siesta_0419_013210/*.bands': No such file or directory
cp: cannot stat `/scratch/works/class/siesta_0419_013210/*.WFSX': No such file or directory
cp: cannot stat `/scratch/works/class/siesta_0419_013210/*.HSX': No such file or directory
cp: cannot stat `/scratch/works/class/siesta_0419_013210/*.TSHS': No such file or directory
cp: cannot stat `/scratch/works/class/siesta_0419_013210/*.AVTRANS': No such file or directory
cp: cannot stat `/scratch/works/class/siesta_0419_013210/*.ANI': No such file or directory
