mkdir: cannot create directory `/scratch/works/class': Permission denied
cp: target `/scratch/works/class/siesta_0423_141244/' is not a directory
cp: target `/scratch/works/class/siesta_0423_141244/' is not a directory
cp: cannot stat `/home/class/GB/160413_graphene_6X6_doping/B/24/B_doped_24_v/*.DM': No such file or directory
/PBS/mom_priv/jobs/99008.master.hpc.SC: line 74: cd: /scratch/works/class/siesta_0423_141244: No such file or directory
cp: cannot stat `/scratch/works/class/siesta_0423_141244/stdout.txt': No such file or directory
cp: cannot stat `/scratch/works/class/siesta_0423_141244/*.xyz': No such file or directory
cp: cannot stat `/scratch/works/class/siesta_0423_141244/*.EIG': No such file or directory
cp: cannot stat `/scratch/works/class/siesta_0423_141244/*.DM': No such file or directory
cp: cannot stat `/scratch/works/class/siesta_0423_141244/*.DOS': No such file or directory
cp: cannot stat `/scratch/works/class/siesta_0423_141244/*.PDOS': No such file or directory
cp: cannot stat `/scratch/works/class/siesta_0423_141244/*.LDOS': No such file or directory
cp: cannot stat `/scratch/works/class/siesta_0423_141244/*.XV': No such file or directory
cp: cannot stat `/scratch/works/class/siesta_0423_141244/*.RHO': No such file or directory
cp: cannot stat `/scratch/works/class/siesta_0423_141244/*.VH': No such file or directory
cp: cannot stat `/scratch/works/class/siesta_0423_141244/*.bands': No such file or directory
cp: cannot stat `/scratch/works/class/siesta_0423_141244/*.WFSX': No such file or directory
cp: cannot stat `/scratch/works/class/siesta_0423_141244/*.HSX': No such file or directory
cp: cannot stat `/scratch/works/class/siesta_0423_141244/*.TSHS': No such file or directory
cp: cannot stat `/scratch/works/class/siesta_0423_141244/*.AVTRANS': No such file or directory
cp: cannot stat `/scratch/works/class/siesta_0423_141244/*.ANI': No such file or directory
