mkdir: cannot create directory `/scratch/works/class': Permission denied
cp: target `/scratch/works/class/siesta_0430_204729/' is not a directory
cp: target `/scratch/works/class/siesta_0430_204729/' is not a directory
cp: cannot stat `/home/class/GB/160413_graphene_6X6_doping/B/17/B_doped_17_q/*.DM': No such file or directory
/PBS/mom_priv/jobs/100113.master.hpc.SC: line 74: cd: /scratch/works/class/siesta_0430_204729: No such file or directory
cp: cannot stat `/scratch/works/class/siesta_0430_204729/stdout.txt': No such file or directory
cp: cannot stat `/scratch/works/class/siesta_0430_204729/*.xyz': No such file or directory
cp: cannot stat `/scratch/works/class/siesta_0430_204729/*.EIG': No such file or directory
cp: cannot stat `/scratch/works/class/siesta_0430_204729/*.DM': No such file or directory
cp: cannot stat `/scratch/works/class/siesta_0430_204729/*.DOS': No such file or directory
cp: cannot stat `/scratch/works/class/siesta_0430_204729/*.PDOS': No such file or directory
cp: cannot stat `/scratch/works/class/siesta_0430_204729/*.LDOS': No such file or directory
cp: cannot stat `/scratch/works/class/siesta_0430_204729/*.XV': No such file or directory
cp: cannot stat `/scratch/works/class/siesta_0430_204729/*.RHO': No such file or directory
cp: cannot stat `/scratch/works/class/siesta_0430_204729/*.VH': No such file or directory
cp: cannot stat `/scratch/works/class/siesta_0430_204729/*.bands': No such file or directory
cp: cannot stat `/scratch/works/class/siesta_0430_204729/*.WFSX': No such file or directory
cp: cannot stat `/scratch/works/class/siesta_0430_204729/*.HSX': No such file or directory
cp: cannot stat `/scratch/works/class/siesta_0430_204729/*.TSHS': No such file or directory
cp: cannot stat `/scratch/works/class/siesta_0430_204729/*.AVTRANS': No such file or directory
cp: cannot stat `/scratch/works/class/siesta_0430_204729/*.ANI': No such file or directory
