mkdir: cannot create directory `/scratch': Permission denied
cp: accessing `/scratch/works/class/siesta_0507_033302/': Permission denied
cp: accessing `/scratch/works/class/siesta_0507_033302/': Permission denied
cp: accessing `/scratch/works/class/siesta_0507_033302/': Permission denied
/PBS/mom_priv/jobs/101072.master.hpc.SC: line 74: cd: /scratch/works/class/siesta_0507_033302: Not a directory
cp: cannot stat `/scratch/works/class/siesta_0507_033302/stdout.txt': Permission denied
cp: cannot stat `/scratch/works/class/siesta_0507_033302/*.xyz': Permission denied
cp: cannot stat `/scratch/works/class/siesta_0507_033302/*.EIG': Permission denied
cp: cannot stat `/scratch/works/class/siesta_0507_033302/*.DM': Permission denied
cp: cannot stat `/scratch/works/class/siesta_0507_033302/*.DOS': Permission denied
cp: cannot stat `/scratch/works/class/siesta_0507_033302/*.PDOS': Permission denied
cp: cannot stat `/scratch/works/class/siesta_0507_033302/*.LDOS': Permission denied
cp: cannot stat `/scratch/works/class/siesta_0507_033302/*.XV': Permission denied
cp: cannot stat `/scratch/works/class/siesta_0507_033302/*.RHO': Permission denied
cp: cannot stat `/scratch/works/class/siesta_0507_033302/*.VH': Permission denied
cp: cannot stat `/scratch/works/class/siesta_0507_033302/*.bands': Permission denied
cp: cannot stat `/scratch/works/class/siesta_0507_033302/*.WFSX': Permission denied
cp: cannot stat `/scratch/works/class/siesta_0507_033302/*.HSX': Permission denied
cp: cannot stat `/scratch/works/class/siesta_0507_033302/*.TSHS': Permission denied
cp: cannot stat `/scratch/works/class/siesta_0507_033302/*.AVTRANS': Permission denied
cp: cannot stat `/scratch/works/class/siesta_0507_033302/*.ANI': Permission denied
rm: cannot remove `/scratch/works/class/siesta_0507_033302': Permission denied
