mkdir: cannot create directory `/scratch/works/class': Permission denied
cp: target `/scratch/works/class/siesta_0421_220006/' is not a directory
cp: target `/scratch/works/class/siesta_0421_220006/' is not a directory
cp: cannot stat `/home/class/GB/160413_graphene_6X6_doping/B/25/B_doped_25_x/*.DM': No such file or directory
/PBS/mom_priv/jobs/98599.master.hpc.SC: line 74: cd: /scratch/works/class/siesta_0421_220006: No such file or directory
cp: cannot stat `/scratch/works/class/siesta_0421_220006/stdout.txt': No such file or directory
cp: cannot stat `/scratch/works/class/siesta_0421_220006/*.xyz': No such file or directory
cp: cannot stat `/scratch/works/class/siesta_0421_220006/*.EIG': No such file or directory
cp: cannot stat `/scratch/works/class/siesta_0421_220006/*.DM': No such file or directory
cp: cannot stat `/scratch/works/class/siesta_0421_220006/*.DOS': No such file or directory
cp: cannot stat `/scratch/works/class/siesta_0421_220006/*.PDOS': No such file or directory
cp: cannot stat `/scratch/works/class/siesta_0421_220006/*.LDOS': No such file or directory
cp: cannot stat `/scratch/works/class/siesta_0421_220006/*.XV': No such file or directory
cp: cannot stat `/scratch/works/class/siesta_0421_220006/*.RHO': No such file or directory
cp: cannot stat `/scratch/works/class/siesta_0421_220006/*.VH': No such file or directory
cp: cannot stat `/scratch/works/class/siesta_0421_220006/*.bands': No such file or directory
cp: cannot stat `/scratch/works/class/siesta_0421_220006/*.WFSX': No such file or directory
cp: cannot stat `/scratch/works/class/siesta_0421_220006/*.HSX': No such file or directory
cp: cannot stat `/scratch/works/class/siesta_0421_220006/*.TSHS': No such file or directory
cp: cannot stat `/scratch/works/class/siesta_0421_220006/*.AVTRANS': No such file or directory
cp: cannot stat `/scratch/works/class/siesta_0421_220006/*.ANI': No such file or directory
