mkdir: cannot create directory `/scratch/works/class': Permission denied
cp: target `/scratch/works/class/siesta_0427_091244/' is not a directory
cp: target `/scratch/works/class/siesta_0427_091244/' is not a directory
cp: cannot stat `/home/class/GB/160413_graphene_6X6_doping/B/20/B_doped_20_j/*.DM': No such file or directory
/PBS/mom_priv/jobs/99544.master.hpc.SC: line 74: cd: /scratch/works/class/siesta_0427_091244: No such file or directory
cp: cannot stat `/scratch/works/class/siesta_0427_091244/stdout.txt': No such file or directory
cp: cannot stat `/scratch/works/class/siesta_0427_091244/*.xyz': No such file or directory
cp: cannot stat `/scratch/works/class/siesta_0427_091244/*.EIG': No such file or directory
cp: cannot stat `/scratch/works/class/siesta_0427_091244/*.DM': No such file or directory
cp: cannot stat `/scratch/works/class/siesta_0427_091244/*.DOS': No such file or directory
cp: cannot stat `/scratch/works/class/siesta_0427_091244/*.PDOS': No such file or directory
cp: cannot stat `/scratch/works/class/siesta_0427_091244/*.LDOS': No such file or directory
cp: cannot stat `/scratch/works/class/siesta_0427_091244/*.XV': No such file or directory
cp: cannot stat `/scratch/works/class/siesta_0427_091244/*.RHO': No such file or directory
cp: cannot stat `/scratch/works/class/siesta_0427_091244/*.VH': No such file or directory
cp: cannot stat `/scratch/works/class/siesta_0427_091244/*.bands': No such file or directory
cp: cannot stat `/scratch/works/class/siesta_0427_091244/*.WFSX': No such file or directory
cp: cannot stat `/scratch/works/class/siesta_0427_091244/*.HSX': No such file or directory
cp: cannot stat `/scratch/works/class/siesta_0427_091244/*.TSHS': No such file or directory
cp: cannot stat `/scratch/works/class/siesta_0427_091244/*.AVTRANS': No such file or directory
cp: cannot stat `/scratch/works/class/siesta_0427_091244/*.ANI': No such file or directory
