mkdir: cannot create directory `/scratch/works/class': Permission denied
cp: target `/scratch/works/class/siesta_0508_215241/' is not a directory
cp: target `/scratch/works/class/siesta_0508_215241/' is not a directory
cp: cannot stat `/home/class/GB/160413_graphene_6X6_doping/N/13/N_doped_13_d/*.DM': No such file or directory
/PBS/mom_priv/jobs/101144.master.hpc.SC: line 74: cd: /scratch/works/class/siesta_0508_215241: No such file or directory
cp: cannot stat `/scratch/works/class/siesta_0508_215241/stdout.txt': No such file or directory
cp: cannot stat `/scratch/works/class/siesta_0508_215241/*.xyz': No such file or directory
cp: cannot stat `/scratch/works/class/siesta_0508_215241/*.EIG': No such file or directory
cp: cannot stat `/scratch/works/class/siesta_0508_215241/*.DM': No such file or directory
cp: cannot stat `/scratch/works/class/siesta_0508_215241/*.DOS': No such file or directory
cp: cannot stat `/scratch/works/class/siesta_0508_215241/*.PDOS': No such file or directory
cp: cannot stat `/scratch/works/class/siesta_0508_215241/*.LDOS': No such file or directory
cp: cannot stat `/scratch/works/class/siesta_0508_215241/*.XV': No such file or directory
cp: cannot stat `/scratch/works/class/siesta_0508_215241/*.RHO': No such file or directory
cp: cannot stat `/scratch/works/class/siesta_0508_215241/*.VH': No such file or directory
cp: cannot stat `/scratch/works/class/siesta_0508_215241/*.bands': No such file or directory
cp: cannot stat `/scratch/works/class/siesta_0508_215241/*.WFSX': No such file or directory
cp: cannot stat `/scratch/works/class/siesta_0508_215241/*.HSX': No such file or directory
cp: cannot stat `/scratch/works/class/siesta_0508_215241/*.TSHS': No such file or directory
cp: cannot stat `/scratch/works/class/siesta_0508_215241/*.AVTRANS': No such file or directory
cp: cannot stat `/scratch/works/class/siesta_0508_215241/*.ANI': No such file or directory
