mkdir: cannot create directory `/scratch/works/class': Permission denied
cp: target `/scratch/works/class/siesta_0425_083217/' is not a directory
cp: target `/scratch/works/class/siesta_0425_083217/' is not a directory
cp: cannot stat `/home/class/GB/160413_graphene_6X6_doping/B/22/B_doped_22_q/*.DM': No such file or directory
/PBS/mom_priv/jobs/99138.master.hpc.SC: line 74: cd: /scratch/works/class/siesta_0425_083217: No such file or directory
cp: cannot stat `/scratch/works/class/siesta_0425_083217/stdout.txt': No such file or directory
cp: cannot stat `/scratch/works/class/siesta_0425_083217/*.xyz': No such file or directory
cp: cannot stat `/scratch/works/class/siesta_0425_083217/*.EIG': No such file or directory
cp: cannot stat `/scratch/works/class/siesta_0425_083217/*.DM': No such file or directory
cp: cannot stat `/scratch/works/class/siesta_0425_083217/*.DOS': No such file or directory
cp: cannot stat `/scratch/works/class/siesta_0425_083217/*.PDOS': No such file or directory
cp: cannot stat `/scratch/works/class/siesta_0425_083217/*.LDOS': No such file or directory
cp: cannot stat `/scratch/works/class/siesta_0425_083217/*.XV': No such file or directory
cp: cannot stat `/scratch/works/class/siesta_0425_083217/*.RHO': No such file or directory
cp: cannot stat `/scratch/works/class/siesta_0425_083217/*.VH': No such file or directory
cp: cannot stat `/scratch/works/class/siesta_0425_083217/*.bands': No such file or directory
cp: cannot stat `/scratch/works/class/siesta_0425_083217/*.WFSX': No such file or directory
cp: cannot stat `/scratch/works/class/siesta_0425_083217/*.HSX': No such file or directory
cp: cannot stat `/scratch/works/class/siesta_0425_083217/*.TSHS': No such file or directory
cp: cannot stat `/scratch/works/class/siesta_0425_083217/*.AVTRANS': No such file or directory
cp: cannot stat `/scratch/works/class/siesta_0425_083217/*.ANI': No such file or directory
