mkdir: cannot create directory `/scratch/works/class': Permission denied
cp: target `/scratch/works/class/siesta_0508_020753/' is not a directory
cp: target `/scratch/works/class/siesta_0508_020753/' is not a directory
cp: cannot stat `/home/class/GB/160413_graphene_6X6_doping/N/13/N_doped_13_a/*.DM': No such file or directory
/PBS/mom_priv/jobs/101108.master.hpc.SC: line 74: cd: /scratch/works/class/siesta_0508_020753: No such file or directory
cp: cannot stat `/scratch/works/class/siesta_0508_020753/stdout.txt': No such file or directory
cp: cannot stat `/scratch/works/class/siesta_0508_020753/*.xyz': No such file or directory
cp: cannot stat `/scratch/works/class/siesta_0508_020753/*.EIG': No such file or directory
cp: cannot stat `/scratch/works/class/siesta_0508_020753/*.DM': No such file or directory
cp: cannot stat `/scratch/works/class/siesta_0508_020753/*.DOS': No such file or directory
cp: cannot stat `/scratch/works/class/siesta_0508_020753/*.PDOS': No such file or directory
cp: cannot stat `/scratch/works/class/siesta_0508_020753/*.LDOS': No such file or directory
cp: cannot stat `/scratch/works/class/siesta_0508_020753/*.XV': No such file or directory
cp: cannot stat `/scratch/works/class/siesta_0508_020753/*.RHO': No such file or directory
cp: cannot stat `/scratch/works/class/siesta_0508_020753/*.VH': No such file or directory
cp: cannot stat `/scratch/works/class/siesta_0508_020753/*.bands': No such file or directory
cp: cannot stat `/scratch/works/class/siesta_0508_020753/*.WFSX': No such file or directory
cp: cannot stat `/scratch/works/class/siesta_0508_020753/*.HSX': No such file or directory
cp: cannot stat `/scratch/works/class/siesta_0508_020753/*.TSHS': No such file or directory
cp: cannot stat `/scratch/works/class/siesta_0508_020753/*.AVTRANS': No such file or directory
cp: cannot stat `/scratch/works/class/siesta_0508_020753/*.ANI': No such file or directory
