mkdir: cannot create directory `/scratch/works/class': Permission denied
cp: target `/scratch/works/class/siesta_0423_204251/' is not a directory
cp: target `/scratch/works/class/siesta_0423_204251/' is not a directory
cp: cannot stat `/home/class/GB/160413_graphene_6X6_doping/N/24/N_doped_24_k/*.DM': No such file or directory
/PBS/mom_priv/jobs/99028.master.hpc.SC: line 74: cd: /scratch/works/class/siesta_0423_204251: No such file or directory
cp: cannot stat `/scratch/works/class/siesta_0423_204251/stdout.txt': No such file or directory
cp: cannot stat `/scratch/works/class/siesta_0423_204251/*.xyz': No such file or directory
cp: cannot stat `/scratch/works/class/siesta_0423_204251/*.EIG': No such file or directory
cp: cannot stat `/scratch/works/class/siesta_0423_204251/*.DM': No such file or directory
cp: cannot stat `/scratch/works/class/siesta_0423_204251/*.DOS': No such file or directory
cp: cannot stat `/scratch/works/class/siesta_0423_204251/*.PDOS': No such file or directory
cp: cannot stat `/scratch/works/class/siesta_0423_204251/*.LDOS': No such file or directory
cp: cannot stat `/scratch/works/class/siesta_0423_204251/*.XV': No such file or directory
cp: cannot stat `/scratch/works/class/siesta_0423_204251/*.RHO': No such file or directory
cp: cannot stat `/scratch/works/class/siesta_0423_204251/*.VH': No such file or directory
cp: cannot stat `/scratch/works/class/siesta_0423_204251/*.bands': No such file or directory
cp: cannot stat `/scratch/works/class/siesta_0423_204251/*.WFSX': No such file or directory
cp: cannot stat `/scratch/works/class/siesta_0423_204251/*.HSX': No such file or directory
cp: cannot stat `/scratch/works/class/siesta_0423_204251/*.TSHS': No such file or directory
cp: cannot stat `/scratch/works/class/siesta_0423_204251/*.AVTRANS': No such file or directory
cp: cannot stat `/scratch/works/class/siesta_0423_204251/*.ANI': No such file or directory
