mkdir: cannot create directory `/scratch/works/class': Permission denied
cp: target `/scratch/works/class/siesta_0428_170622/' is not a directory
cp: target `/scratch/works/class/siesta_0428_170622/' is not a directory
cp: cannot stat `/home/class/GB/160413_graphene_6X6_doping/B/21/B_doped_21_p/*.DM': No such file or directory
/PBS/mom_priv/jobs/99772.master.hpc.SC: line 74: cd: /scratch/works/class/siesta_0428_170622: No such file or directory
cp: cannot stat `/scratch/works/class/siesta_0428_170622/stdout.txt': No such file or directory
cp: cannot stat `/scratch/works/class/siesta_0428_170622/*.xyz': No such file or directory
cp: cannot stat `/scratch/works/class/siesta_0428_170622/*.EIG': No such file or directory
cp: cannot stat `/scratch/works/class/siesta_0428_170622/*.DM': No such file or directory
cp: cannot stat `/scratch/works/class/siesta_0428_170622/*.DOS': No such file or directory
cp: cannot stat `/scratch/works/class/siesta_0428_170622/*.PDOS': No such file or directory
cp: cannot stat `/scratch/works/class/siesta_0428_170622/*.LDOS': No such file or directory
cp: cannot stat `/scratch/works/class/siesta_0428_170622/*.XV': No such file or directory
cp: cannot stat `/scratch/works/class/siesta_0428_170622/*.RHO': No such file or directory
cp: cannot stat `/scratch/works/class/siesta_0428_170622/*.VH': No such file or directory
cp: cannot stat `/scratch/works/class/siesta_0428_170622/*.bands': No such file or directory
cp: cannot stat `/scratch/works/class/siesta_0428_170622/*.WFSX': No such file or directory
cp: cannot stat `/scratch/works/class/siesta_0428_170622/*.HSX': No such file or directory
cp: cannot stat `/scratch/works/class/siesta_0428_170622/*.TSHS': No such file or directory
cp: cannot stat `/scratch/works/class/siesta_0428_170622/*.AVTRANS': No such file or directory
cp: cannot stat `/scratch/works/class/siesta_0428_170622/*.ANI': No such file or directory
