mkdir: cannot create directory `/scratch/works/class': Permission denied
cp: target `/scratch/works/class/siesta_0425_131542/' is not a directory
cp: target `/scratch/works/class/siesta_0425_131542/' is not a directory
cp: cannot stat `/home/class/GB/160413_graphene_6X6_doping/B/22/B_doped_22_z/*.DM': No such file or directory
/PBS/mom_priv/jobs/99199.master.hpc.SC: line 74: cd: /scratch/works/class/siesta_0425_131542: No such file or directory
cp: cannot stat `/scratch/works/class/siesta_0425_131542/stdout.txt': No such file or directory
cp: cannot stat `/scratch/works/class/siesta_0425_131542/*.xyz': No such file or directory
cp: cannot stat `/scratch/works/class/siesta_0425_131542/*.EIG': No such file or directory
cp: cannot stat `/scratch/works/class/siesta_0425_131542/*.DM': No such file or directory
cp: cannot stat `/scratch/works/class/siesta_0425_131542/*.DOS': No such file or directory
cp: cannot stat `/scratch/works/class/siesta_0425_131542/*.PDOS': No such file or directory
cp: cannot stat `/scratch/works/class/siesta_0425_131542/*.LDOS': No such file or directory
cp: cannot stat `/scratch/works/class/siesta_0425_131542/*.XV': No such file or directory
cp: cannot stat `/scratch/works/class/siesta_0425_131542/*.RHO': No such file or directory
cp: cannot stat `/scratch/works/class/siesta_0425_131542/*.VH': No such file or directory
cp: cannot stat `/scratch/works/class/siesta_0425_131542/*.bands': No such file or directory
cp: cannot stat `/scratch/works/class/siesta_0425_131542/*.WFSX': No such file or directory
cp: cannot stat `/scratch/works/class/siesta_0425_131542/*.HSX': No such file or directory
cp: cannot stat `/scratch/works/class/siesta_0425_131542/*.TSHS': No such file or directory
cp: cannot stat `/scratch/works/class/siesta_0425_131542/*.AVTRANS': No such file or directory
cp: cannot stat `/scratch/works/class/siesta_0425_131542/*.ANI': No such file or directory
