mkdir: cannot create directory `/scratch/works/class': Permission denied
cp: target `/scratch/works/class/siesta_0420_161205/' is not a directory
cp: target `/scratch/works/class/siesta_0420_161205/' is not a directory
cp: cannot stat `/home/class/GB/160413_graphene_6X6_doping/N/N_doped_26_t/*.DM': No such file or directory
/PBS/mom_priv/jobs/98465.master.hpc.SC: line 74: cd: /scratch/works/class/siesta_0420_161205: No such file or directory
cp: cannot stat `/scratch/works/class/siesta_0420_161205/stdout.txt': No such file or directory
cp: cannot stat `/scratch/works/class/siesta_0420_161205/*.xyz': No such file or directory
cp: cannot stat `/scratch/works/class/siesta_0420_161205/*.EIG': No such file or directory
cp: cannot stat `/scratch/works/class/siesta_0420_161205/*.DM': No such file or directory
cp: cannot stat `/scratch/works/class/siesta_0420_161205/*.DOS': No such file or directory
cp: cannot stat `/scratch/works/class/siesta_0420_161205/*.PDOS': No such file or directory
cp: cannot stat `/scratch/works/class/siesta_0420_161205/*.LDOS': No such file or directory
cp: cannot stat `/scratch/works/class/siesta_0420_161205/*.XV': No such file or directory
cp: cannot stat `/scratch/works/class/siesta_0420_161205/*.RHO': No such file or directory
cp: cannot stat `/scratch/works/class/siesta_0420_161205/*.VH': No such file or directory
cp: cannot stat `/scratch/works/class/siesta_0420_161205/*.bands': No such file or directory
cp: cannot stat `/scratch/works/class/siesta_0420_161205/*.WFSX': No such file or directory
cp: cannot stat `/scratch/works/class/siesta_0420_161205/*.HSX': No such file or directory
cp: cannot stat `/scratch/works/class/siesta_0420_161205/*.TSHS': No such file or directory
cp: cannot stat `/scratch/works/class/siesta_0420_161205/*.AVTRANS': No such file or directory
cp: cannot stat `/scratch/works/class/siesta_0420_161205/*.ANI': No such file or directory
