mkdir: cannot create directory `/scratch/works/class': Permission denied
cp: target `/scratch/works/class/siesta_0426_162500/' is not a directory
cp: target `/scratch/works/class/siesta_0426_162500/' is not a directory
cp: cannot stat `/home/class/GB/160413_graphene_6X6_doping/N/22/N_doped_22_o/*.DM': No such file or directory
/PBS/mom_priv/jobs/99394.master.hpc.SC: line 74: cd: /scratch/works/class/siesta_0426_162500: No such file or directory
cp: cannot stat `/scratch/works/class/siesta_0426_162500/stdout.txt': No such file or directory
cp: cannot stat `/scratch/works/class/siesta_0426_162500/*.xyz': No such file or directory
cp: cannot stat `/scratch/works/class/siesta_0426_162500/*.EIG': No such file or directory
cp: cannot stat `/scratch/works/class/siesta_0426_162500/*.DM': No such file or directory
cp: cannot stat `/scratch/works/class/siesta_0426_162500/*.DOS': No such file or directory
cp: cannot stat `/scratch/works/class/siesta_0426_162500/*.PDOS': No such file or directory
cp: cannot stat `/scratch/works/class/siesta_0426_162500/*.LDOS': No such file or directory
cp: cannot stat `/scratch/works/class/siesta_0426_162500/*.XV': No such file or directory
cp: cannot stat `/scratch/works/class/siesta_0426_162500/*.RHO': No such file or directory
cp: cannot stat `/scratch/works/class/siesta_0426_162500/*.VH': No such file or directory
cp: cannot stat `/scratch/works/class/siesta_0426_162500/*.bands': No such file or directory
cp: cannot stat `/scratch/works/class/siesta_0426_162500/*.WFSX': No such file or directory
cp: cannot stat `/scratch/works/class/siesta_0426_162500/*.HSX': No such file or directory
cp: cannot stat `/scratch/works/class/siesta_0426_162500/*.TSHS': No such file or directory
cp: cannot stat `/scratch/works/class/siesta_0426_162500/*.AVTRANS': No such file or directory
cp: cannot stat `/scratch/works/class/siesta_0426_162500/*.ANI': No such file or directory
