mkdir: cannot create directory `/scratch/works/class': Permission denied
cp: target `/scratch/works/class/siesta_0429_042320/' is not a directory
cp: target `/scratch/works/class/siesta_0429_042320/' is not a directory
cp: cannot stat `/home/class/GB/160413_graphene_6X6_doping/N/21/N_doped_21_h/*.DM': No such file or directory
/PBS/mom_priv/jobs/99939.master.hpc.SC: line 74: cd: /scratch/works/class/siesta_0429_042320: No such file or directory
cp: cannot stat `/scratch/works/class/siesta_0429_042320/stdout.txt': No such file or directory
cp: cannot stat `/scratch/works/class/siesta_0429_042320/*.xyz': No such file or directory
cp: cannot stat `/scratch/works/class/siesta_0429_042320/*.EIG': No such file or directory
cp: cannot stat `/scratch/works/class/siesta_0429_042320/*.DM': No such file or directory
cp: cannot stat `/scratch/works/class/siesta_0429_042320/*.DOS': No such file or directory
cp: cannot stat `/scratch/works/class/siesta_0429_042320/*.PDOS': No such file or directory
cp: cannot stat `/scratch/works/class/siesta_0429_042320/*.LDOS': No such file or directory
cp: cannot stat `/scratch/works/class/siesta_0429_042320/*.XV': No such file or directory
cp: cannot stat `/scratch/works/class/siesta_0429_042320/*.RHO': No such file or directory
cp: cannot stat `/scratch/works/class/siesta_0429_042320/*.VH': No such file or directory
cp: cannot stat `/scratch/works/class/siesta_0429_042320/*.bands': No such file or directory
cp: cannot stat `/scratch/works/class/siesta_0429_042320/*.WFSX': No such file or directory
cp: cannot stat `/scratch/works/class/siesta_0429_042320/*.HSX': No such file or directory
cp: cannot stat `/scratch/works/class/siesta_0429_042320/*.TSHS': No such file or directory
cp: cannot stat `/scratch/works/class/siesta_0429_042320/*.AVTRANS': No such file or directory
cp: cannot stat `/scratch/works/class/siesta_0429_042320/*.ANI': No such file or directory
