mkdir: cannot create directory `/scratch/works/class': Permission denied
cp: target `/scratch/works/class/siesta_0501_010401/' is not a directory
cp: target `/scratch/works/class/siesta_0501_010401/' is not a directory
cp: cannot stat `/home/class/GB/160413_graphene_6X6_doping/B/17/B_doped_17_x/*.DM': No such file or directory
/PBS/mom_priv/jobs/100124.master.hpc.SC: line 74: cd: /scratch/works/class/siesta_0501_010401: No such file or directory
cp: cannot stat `/scratch/works/class/siesta_0501_010401/stdout.txt': No such file or directory
cp: cannot stat `/scratch/works/class/siesta_0501_010401/*.xyz': No such file or directory
cp: cannot stat `/scratch/works/class/siesta_0501_010401/*.EIG': No such file or directory
cp: cannot stat `/scratch/works/class/siesta_0501_010401/*.DM': No such file or directory
cp: cannot stat `/scratch/works/class/siesta_0501_010401/*.DOS': No such file or directory
cp: cannot stat `/scratch/works/class/siesta_0501_010401/*.PDOS': No such file or directory
cp: cannot stat `/scratch/works/class/siesta_0501_010401/*.LDOS': No such file or directory
cp: cannot stat `/scratch/works/class/siesta_0501_010401/*.XV': No such file or directory
cp: cannot stat `/scratch/works/class/siesta_0501_010401/*.RHO': No such file or directory
cp: cannot stat `/scratch/works/class/siesta_0501_010401/*.VH': No such file or directory
cp: cannot stat `/scratch/works/class/siesta_0501_010401/*.bands': No such file or directory
cp: cannot stat `/scratch/works/class/siesta_0501_010401/*.WFSX': No such file or directory
cp: cannot stat `/scratch/works/class/siesta_0501_010401/*.HSX': No such file or directory
cp: cannot stat `/scratch/works/class/siesta_0501_010401/*.TSHS': No such file or directory
cp: cannot stat `/scratch/works/class/siesta_0501_010401/*.AVTRANS': No such file or directory
cp: cannot stat `/scratch/works/class/siesta_0501_010401/*.ANI': No such file or directory
