mkdir: cannot create directory `/scratch/works/class': Permission denied
cp: target `/scratch/works/class/siesta_0502_082947/' is not a directory
cp: target `/scratch/works/class/siesta_0502_082947/' is not a directory
cp: cannot stat `/home/class/GB/160413_graphene_6X6_doping/N/19/N_doped_19_z/*.DM': No such file or directory
/PBS/mom_priv/jobs/100391.master.hpc.SC: line 74: cd: /scratch/works/class/siesta_0502_082947: No such file or directory
cp: cannot stat `/scratch/works/class/siesta_0502_082947/stdout.txt': No such file or directory
cp: cannot stat `/scratch/works/class/siesta_0502_082947/*.xyz': No such file or directory
cp: cannot stat `/scratch/works/class/siesta_0502_082947/*.EIG': No such file or directory
cp: cannot stat `/scratch/works/class/siesta_0502_082947/*.DM': No such file or directory
cp: cannot stat `/scratch/works/class/siesta_0502_082947/*.DOS': No such file or directory
cp: cannot stat `/scratch/works/class/siesta_0502_082947/*.PDOS': No such file or directory
cp: cannot stat `/scratch/works/class/siesta_0502_082947/*.LDOS': No such file or directory
cp: cannot stat `/scratch/works/class/siesta_0502_082947/*.XV': No such file or directory
cp: cannot stat `/scratch/works/class/siesta_0502_082947/*.RHO': No such file or directory
cp: cannot stat `/scratch/works/class/siesta_0502_082947/*.VH': No such file or directory
cp: cannot stat `/scratch/works/class/siesta_0502_082947/*.bands': No such file or directory
cp: cannot stat `/scratch/works/class/siesta_0502_082947/*.WFSX': No such file or directory
cp: cannot stat `/scratch/works/class/siesta_0502_082947/*.HSX': No such file or directory
cp: cannot stat `/scratch/works/class/siesta_0502_082947/*.TSHS': No such file or directory
cp: cannot stat `/scratch/works/class/siesta_0502_082947/*.AVTRANS': No such file or directory
cp: cannot stat `/scratch/works/class/siesta_0502_082947/*.ANI': No such file or directory
