mkdir: cannot create directory `/scratch/works/class': Permission denied
cp: target `/scratch/works/class/siesta_0421_140544/' is not a directory
cp: target `/scratch/works/class/siesta_0421_140544/' is not a directory
cp: cannot stat `/home/class/GB/160413_graphene_6X6_doping/B/25/B_doped_25_t/*.DM': No such file or directory
/PBS/mom_priv/jobs/98540.master.hpc.SC: line 74: cd: /scratch/works/class/siesta_0421_140544: No such file or directory
cp: cannot stat `/scratch/works/class/siesta_0421_140544/stdout.txt': No such file or directory
cp: cannot stat `/scratch/works/class/siesta_0421_140544/*.xyz': No such file or directory
cp: cannot stat `/scratch/works/class/siesta_0421_140544/*.EIG': No such file or directory
cp: cannot stat `/scratch/works/class/siesta_0421_140544/*.DM': No such file or directory
cp: cannot stat `/scratch/works/class/siesta_0421_140544/*.DOS': No such file or directory
cp: cannot stat `/scratch/works/class/siesta_0421_140544/*.PDOS': No such file or directory
cp: cannot stat `/scratch/works/class/siesta_0421_140544/*.LDOS': No such file or directory
cp: cannot stat `/scratch/works/class/siesta_0421_140544/*.XV': No such file or directory
cp: cannot stat `/scratch/works/class/siesta_0421_140544/*.RHO': No such file or directory
cp: cannot stat `/scratch/works/class/siesta_0421_140544/*.VH': No such file or directory
cp: cannot stat `/scratch/works/class/siesta_0421_140544/*.bands': No such file or directory
cp: cannot stat `/scratch/works/class/siesta_0421_140544/*.WFSX': No such file or directory
cp: cannot stat `/scratch/works/class/siesta_0421_140544/*.HSX': No such file or directory
cp: cannot stat `/scratch/works/class/siesta_0421_140544/*.TSHS': No such file or directory
cp: cannot stat `/scratch/works/class/siesta_0421_140544/*.AVTRANS': No such file or directory
cp: cannot stat `/scratch/works/class/siesta_0421_140544/*.ANI': No such file or directory
