mkdir: cannot create directory `/scratch/works/class': Permission denied
cp: target `/scratch/works/class/siesta_0420_132517/' is not a directory
cp: target `/scratch/works/class/siesta_0420_132517/' is not a directory
cp: cannot stat `/home/class/GB/160413_graphene_6X6_doping/N/N_doped_26_q/*.DM': No such file or directory
/PBS/mom_priv/jobs/98459.master.hpc.SC: line 74: cd: /scratch/works/class/siesta_0420_132517: No such file or directory
cp: cannot stat `/scratch/works/class/siesta_0420_132517/stdout.txt': No such file or directory
cp: cannot stat `/scratch/works/class/siesta_0420_132517/*.xyz': No such file or directory
cp: cannot stat `/scratch/works/class/siesta_0420_132517/*.EIG': No such file or directory
cp: cannot stat `/scratch/works/class/siesta_0420_132517/*.DM': No such file or directory
cp: cannot stat `/scratch/works/class/siesta_0420_132517/*.DOS': No such file or directory
cp: cannot stat `/scratch/works/class/siesta_0420_132517/*.PDOS': No such file or directory
cp: cannot stat `/scratch/works/class/siesta_0420_132517/*.LDOS': No such file or directory
cp: cannot stat `/scratch/works/class/siesta_0420_132517/*.XV': No such file or directory
cp: cannot stat `/scratch/works/class/siesta_0420_132517/*.RHO': No such file or directory
cp: cannot stat `/scratch/works/class/siesta_0420_132517/*.VH': No such file or directory
cp: cannot stat `/scratch/works/class/siesta_0420_132517/*.bands': No such file or directory
cp: cannot stat `/scratch/works/class/siesta_0420_132517/*.WFSX': No such file or directory
cp: cannot stat `/scratch/works/class/siesta_0420_132517/*.HSX': No such file or directory
cp: cannot stat `/scratch/works/class/siesta_0420_132517/*.TSHS': No such file or directory
cp: cannot stat `/scratch/works/class/siesta_0420_132517/*.AVTRANS': No such file or directory
cp: cannot stat `/scratch/works/class/siesta_0420_132517/*.ANI': No such file or directory
