mkdir: cannot create directory `/scratch/works/class': Permission denied
cp: target `/scratch/works/class/siesta_0502_040527/' is not a directory
cp: target `/scratch/works/class/siesta_0502_040527/' is not a directory
cp: cannot stat `/home/class/GB/160413_graphene_6X6_doping/N/17/N_doped_17_v/*.DM': No such file or directory
/PBS/mom_priv/jobs/100352.master.hpc.SC: line 74: cd: /scratch/works/class/siesta_0502_040527: No such file or directory
cp: cannot stat `/scratch/works/class/siesta_0502_040527/stdout.txt': No such file or directory
cp: cannot stat `/scratch/works/class/siesta_0502_040527/*.xyz': No such file or directory
cp: cannot stat `/scratch/works/class/siesta_0502_040527/*.EIG': No such file or directory
cp: cannot stat `/scratch/works/class/siesta_0502_040527/*.DM': No such file or directory
cp: cannot stat `/scratch/works/class/siesta_0502_040527/*.DOS': No such file or directory
cp: cannot stat `/scratch/works/class/siesta_0502_040527/*.PDOS': No such file or directory
cp: cannot stat `/scratch/works/class/siesta_0502_040527/*.LDOS': No such file or directory
cp: cannot stat `/scratch/works/class/siesta_0502_040527/*.XV': No such file or directory
cp: cannot stat `/scratch/works/class/siesta_0502_040527/*.RHO': No such file or directory
cp: cannot stat `/scratch/works/class/siesta_0502_040527/*.VH': No such file or directory
cp: cannot stat `/scratch/works/class/siesta_0502_040527/*.bands': No such file or directory
cp: cannot stat `/scratch/works/class/siesta_0502_040527/*.WFSX': No such file or directory
cp: cannot stat `/scratch/works/class/siesta_0502_040527/*.HSX': No such file or directory
cp: cannot stat `/scratch/works/class/siesta_0502_040527/*.TSHS': No such file or directory
cp: cannot stat `/scratch/works/class/siesta_0502_040527/*.AVTRANS': No such file or directory
cp: cannot stat `/scratch/works/class/siesta_0502_040527/*.ANI': No such file or directory
