mkdir: cannot create directory `/scratch/works/class': Permission denied
cp: target `/scratch/works/class/siesta_0426_170354/' is not a directory
cp: target `/scratch/works/class/siesta_0426_170354/' is not a directory
cp: cannot stat `/home/class/GB/160413_graphene_6X6_doping/N/22/N_doped_22_p/*.DM': No such file or directory
/PBS/mom_priv/jobs/99398.master.hpc.SC: line 74: cd: /scratch/works/class/siesta_0426_170354: No such file or directory
cp: cannot stat `/scratch/works/class/siesta_0426_170354/stdout.txt': No such file or directory
cp: cannot stat `/scratch/works/class/siesta_0426_170354/*.xyz': No such file or directory
cp: cannot stat `/scratch/works/class/siesta_0426_170354/*.EIG': No such file or directory
cp: cannot stat `/scratch/works/class/siesta_0426_170354/*.DM': No such file or directory
cp: cannot stat `/scratch/works/class/siesta_0426_170354/*.DOS': No such file or directory
cp: cannot stat `/scratch/works/class/siesta_0426_170354/*.PDOS': No such file or directory
cp: cannot stat `/scratch/works/class/siesta_0426_170354/*.LDOS': No such file or directory
cp: cannot stat `/scratch/works/class/siesta_0426_170354/*.XV': No such file or directory
cp: cannot stat `/scratch/works/class/siesta_0426_170354/*.RHO': No such file or directory
cp: cannot stat `/scratch/works/class/siesta_0426_170354/*.VH': No such file or directory
cp: cannot stat `/scratch/works/class/siesta_0426_170354/*.bands': No such file or directory
cp: cannot stat `/scratch/works/class/siesta_0426_170354/*.WFSX': No such file or directory
cp: cannot stat `/scratch/works/class/siesta_0426_170354/*.HSX': No such file or directory
cp: cannot stat `/scratch/works/class/siesta_0426_170354/*.TSHS': No such file or directory
cp: cannot stat `/scratch/works/class/siesta_0426_170354/*.AVTRANS': No such file or directory
cp: cannot stat `/scratch/works/class/siesta_0426_170354/*.ANI': No such file or directory
