mkdir: cannot create directory `/scratch/works/class': Permission denied
cp: target `/scratch/works/class/siesta_0430_192338/' is not a directory
cp: target `/scratch/works/class/siesta_0430_192338/' is not a directory
cp: cannot stat `/home/class/GB/160413_graphene_6X6_doping/B/17/B_doped_17_l/*.DM': No such file or directory
/PBS/mom_priv/jobs/100109.master.hpc.SC: line 74: cd: /scratch/works/class/siesta_0430_192338: No such file or directory
cp: cannot stat `/scratch/works/class/siesta_0430_192338/stdout.txt': No such file or directory
cp: cannot stat `/scratch/works/class/siesta_0430_192338/*.xyz': No such file or directory
cp: cannot stat `/scratch/works/class/siesta_0430_192338/*.EIG': No such file or directory
cp: cannot stat `/scratch/works/class/siesta_0430_192338/*.DM': No such file or directory
cp: cannot stat `/scratch/works/class/siesta_0430_192338/*.DOS': No such file or directory
cp: cannot stat `/scratch/works/class/siesta_0430_192338/*.PDOS': No such file or directory
cp: cannot stat `/scratch/works/class/siesta_0430_192338/*.LDOS': No such file or directory
cp: cannot stat `/scratch/works/class/siesta_0430_192338/*.XV': No such file or directory
cp: cannot stat `/scratch/works/class/siesta_0430_192338/*.RHO': No such file or directory
cp: cannot stat `/scratch/works/class/siesta_0430_192338/*.VH': No such file or directory
cp: cannot stat `/scratch/works/class/siesta_0430_192338/*.bands': No such file or directory
cp: cannot stat `/scratch/works/class/siesta_0430_192338/*.WFSX': No such file or directory
cp: cannot stat `/scratch/works/class/siesta_0430_192338/*.HSX': No such file or directory
cp: cannot stat `/scratch/works/class/siesta_0430_192338/*.TSHS': No such file or directory
cp: cannot stat `/scratch/works/class/siesta_0430_192338/*.AVTRANS': No such file or directory
cp: cannot stat `/scratch/works/class/siesta_0430_192338/*.ANI': No such file or directory
