mkdir: cannot create directory `/scratch/works/class': Permission denied
cp: target `/scratch/works/class/siesta_0423_171644/' is not a directory
cp: target `/scratch/works/class/siesta_0423_171644/' is not a directory
cp: cannot stat `/home/class/GB/160413_graphene_6X6_doping/B/24/B_doped_24_r/*.DM': No such file or directory
/PBS/mom_priv/jobs/99004.master.hpc.SC: line 74: cd: /scratch/works/class/siesta_0423_171644: No such file or directory
cp: cannot stat `/scratch/works/class/siesta_0423_171644/stdout.txt': No such file or directory
cp: cannot stat `/scratch/works/class/siesta_0423_171644/*.xyz': No such file or directory
cp: cannot stat `/scratch/works/class/siesta_0423_171644/*.EIG': No such file or directory
cp: cannot stat `/scratch/works/class/siesta_0423_171644/*.DM': No such file or directory
cp: cannot stat `/scratch/works/class/siesta_0423_171644/*.DOS': No such file or directory
cp: cannot stat `/scratch/works/class/siesta_0423_171644/*.PDOS': No such file or directory
cp: cannot stat `/scratch/works/class/siesta_0423_171644/*.LDOS': No such file or directory
cp: cannot stat `/scratch/works/class/siesta_0423_171644/*.XV': No such file or directory
cp: cannot stat `/scratch/works/class/siesta_0423_171644/*.RHO': No such file or directory
cp: cannot stat `/scratch/works/class/siesta_0423_171644/*.VH': No such file or directory
cp: cannot stat `/scratch/works/class/siesta_0423_171644/*.bands': No such file or directory
cp: cannot stat `/scratch/works/class/siesta_0423_171644/*.WFSX': No such file or directory
cp: cannot stat `/scratch/works/class/siesta_0423_171644/*.HSX': No such file or directory
cp: cannot stat `/scratch/works/class/siesta_0423_171644/*.TSHS': No such file or directory
cp: cannot stat `/scratch/works/class/siesta_0423_171644/*.AVTRANS': No such file or directory
cp: cannot stat `/scratch/works/class/siesta_0423_171644/*.ANI': No such file or directory
