mkdir: cannot create directory `/scratch/works/class': Permission denied
cp: target `/scratch/works/class/siesta_0415_093602/' is not a directory
cp: target `/scratch/works/class/siesta_0415_093602/' is not a directory
cp: cannot create regular file `/scratch/works/class/siesta_0415_093602/': No such file or directory
/PBS/mom_priv/jobs/97592.master.hpc.SC: line 74: cd: /scratch/works/class/siesta_0415_093602: No such file or directory
cp: cannot stat `/scratch/works/class/siesta_0415_093602/stdout.txt': No such file or directory
cp: cannot stat `/scratch/works/class/siesta_0415_093602/*.xyz': No such file or directory
cp: cannot stat `/scratch/works/class/siesta_0415_093602/*.EIG': No such file or directory
cp: cannot stat `/scratch/works/class/siesta_0415_093602/*.DM': No such file or directory
cp: cannot stat `/scratch/works/class/siesta_0415_093602/*.DOS': No such file or directory
cp: cannot stat `/scratch/works/class/siesta_0415_093602/*.PDOS': No such file or directory
cp: cannot stat `/scratch/works/class/siesta_0415_093602/*.LDOS': No such file or directory
cp: cannot stat `/scratch/works/class/siesta_0415_093602/*.XV': No such file or directory
cp: cannot stat `/scratch/works/class/siesta_0415_093602/*.RHO': No such file or directory
cp: cannot stat `/scratch/works/class/siesta_0415_093602/*.VH': No such file or directory
cp: cannot stat `/scratch/works/class/siesta_0415_093602/*.bands': No such file or directory
cp: cannot stat `/scratch/works/class/siesta_0415_093602/*.WFSX': No such file or directory
cp: cannot stat `/scratch/works/class/siesta_0415_093602/*.HSX': No such file or directory
cp: cannot stat `/scratch/works/class/siesta_0415_093602/*.TSHS': No such file or directory
cp: cannot stat `/scratch/works/class/siesta_0415_093602/*.AVTRANS': No such file or directory
cp: cannot stat `/scratch/works/class/siesta_0415_093602/*.ANI': No such file or directory
