mkdir: cannot create directory `/scratch/works/class': Permission denied
cp: target `/scratch/works/class/siesta_0414_215242/' is not a directory
cp: target `/scratch/works/class/siesta_0414_215242/' is not a directory
cp: cannot stat `/home/class/GB/160413_graphene_6X6_doping/B/B_doped_07_c/*.DM': No such file or directory
/PBS/mom_priv/jobs/97547.master.hpc.SC: line 74: cd: /scratch/works/class/siesta_0414_215242: No such file or directory
cp: cannot stat `/scratch/works/class/siesta_0414_215242/stdout.txt': No such file or directory
cp: cannot stat `/scratch/works/class/siesta_0414_215242/*.xyz': No such file or directory
cp: cannot stat `/scratch/works/class/siesta_0414_215242/*.EIG': No such file or directory
cp: cannot stat `/scratch/works/class/siesta_0414_215242/*.DM': No such file or directory
cp: cannot stat `/scratch/works/class/siesta_0414_215242/*.DOS': No such file or directory
cp: cannot stat `/scratch/works/class/siesta_0414_215242/*.PDOS': No such file or directory
cp: cannot stat `/scratch/works/class/siesta_0414_215242/*.LDOS': No such file or directory
cp: cannot stat `/scratch/works/class/siesta_0414_215242/*.XV': No such file or directory
cp: cannot stat `/scratch/works/class/siesta_0414_215242/*.RHO': No such file or directory
cp: cannot stat `/scratch/works/class/siesta_0414_215242/*.VH': No such file or directory
cp: cannot stat `/scratch/works/class/siesta_0414_215242/*.bands': No such file or directory
cp: cannot stat `/scratch/works/class/siesta_0414_215242/*.WFSX': No such file or directory
cp: cannot stat `/scratch/works/class/siesta_0414_215242/*.HSX': No such file or directory
cp: cannot stat `/scratch/works/class/siesta_0414_215242/*.TSHS': No such file or directory
cp: cannot stat `/scratch/works/class/siesta_0414_215242/*.AVTRANS': No such file or directory
cp: cannot stat `/scratch/works/class/siesta_0414_215242/*.ANI': No such file or directory
