mkdir: cannot create directory `/scratch/works/class': Permission denied
cp: target `/scratch/works/class/siesta_0425_042043/' is not a directory
cp: target `/scratch/works/class/siesta_0425_042043/' is not a directory
cp: cannot stat `/home/class/GB/160413_graphene_6X6_doping/B/22/B_doped_22_r/*.DM': No such file or directory
/PBS/mom_priv/jobs/99139.master.hpc.SC: line 74: cd: /scratch/works/class/siesta_0425_042043: No such file or directory
cp: cannot stat `/scratch/works/class/siesta_0425_042043/stdout.txt': No such file or directory
cp: cannot stat `/scratch/works/class/siesta_0425_042043/*.xyz': No such file or directory
cp: cannot stat `/scratch/works/class/siesta_0425_042043/*.EIG': No such file or directory
cp: cannot stat `/scratch/works/class/siesta_0425_042043/*.DM': No such file or directory
cp: cannot stat `/scratch/works/class/siesta_0425_042043/*.DOS': No such file or directory
cp: cannot stat `/scratch/works/class/siesta_0425_042043/*.PDOS': No such file or directory
cp: cannot stat `/scratch/works/class/siesta_0425_042043/*.LDOS': No such file or directory
cp: cannot stat `/scratch/works/class/siesta_0425_042043/*.XV': No such file or directory
cp: cannot stat `/scratch/works/class/siesta_0425_042043/*.RHO': No such file or directory
cp: cannot stat `/scratch/works/class/siesta_0425_042043/*.VH': No such file or directory
cp: cannot stat `/scratch/works/class/siesta_0425_042043/*.bands': No such file or directory
cp: cannot stat `/scratch/works/class/siesta_0425_042043/*.WFSX': No such file or directory
cp: cannot stat `/scratch/works/class/siesta_0425_042043/*.HSX': No such file or directory
cp: cannot stat `/scratch/works/class/siesta_0425_042043/*.TSHS': No such file or directory
cp: cannot stat `/scratch/works/class/siesta_0425_042043/*.AVTRANS': No such file or directory
cp: cannot stat `/scratch/works/class/siesta_0425_042043/*.ANI': No such file or directory
