cp: cannot stat `/home/jhiskard/151127_Graphene_doping_database/SIESTA/B/B_doped_09_311141111/*.psf': No such file or directory
cp: cannot stat `/home/jhiskard/151127_Graphene_doping_database/SIESTA/B/B_doped_09_311141111/*.DM': No such file or directory
FDF: Cannot open STRUCT.fdf                                                  
FDF: Cannot open BASIS.fdf                                                   
FDF: Cannot open STRUCT.fdf                                                  
FDF: Cannot open BASIS.fdf                                                   
FDF: Cannot open STRUCT.fdf                                                  
FDF: Cannot open BASIS.fdf                                                   
FDF: Cannot open STRUCT.fdf                                                  
FDF: Cannot open BASIS.fdf                                                   
FDF: Cannot open STRUCT.fdf                                                  
FDF: Cannot open BASIS.fdf                                                   
FDF: Cannot open STRUCT.fdf                                                  
FDF: Cannot open BASIS.fdf                                                   
FDF: Cannot open STRUCT.fdf                                                  
FDF: Cannot open BASIS.fdf                                                   
FDF: Cannot open STRUCT.fdf                                                  
FDF: Cannot open BASIS.fdf                                                   
FDF: Cannot open STRUCT.fdf                                                  
FDF: Cannot open BASIS.fdf                                                   
FDF: Cannot open STRUCT.fdf                                                  
FDF: Cannot open BASIS.fdf                                                   
FDF: Cannot open STRUCT.fdf                                                  
FDF: Cannot open BASIS.fdf                                                   
FDF: Cannot open STRUCT.fdf                                                  
FDF: Cannot open BASIS.fdf                                                   
FDF: Cannot open STRUCT.fdf                                                  
FDF: Cannot open BASIS.fdf                                                   
FDF: Cannot open STRUCT.fdf                                                  
FDF: Cannot open BASIS.fdf                                                   
FDF: Cannot open STRUCT.fdf                                                  
FDF: Cannot open BASIS.fdf                                                   
FDF: Cannot open STRUCT.fdf                                                  
FDF: Cannot open BASIS.fdf                                                   
FDF: Cannot open STRUCT.fdf                                                  
FDF: Cannot open BASIS.fdf                                                   
FDF: Cannot open STRUCT.fdf                                                  
FDF: Cannot open BASIS.fdf                                                   
FDF: Cannot open STRUCT.fdf                                                  
FDF: Cannot open BASIS.fdf                                                   
FDF: Cannot open STRUCT.fdf                                                  
FDF: Cannot open BASIS.fdf                                                   
FDF: Cannot open STRUCT.fdf                                                  
FDF: Cannot open BASIS.fdf                                                   
FDF: Cannot open STRUCT.fdf                                                  
FDF: Cannot open BASIS.fdf                                                   
FDF: Cannot open STRUCT.fdf                                                  
FDF: Cannot open BASIS.fdf                                                   
FDF: Cannot open STRUCT.fdf                                                  
FDF: Cannot open BASIS.fdf                                                   
FDF: Cannot open STRUCT.fdf                                                  
FDF: Cannot open BASIS.fdf                                                   
FDF: Cannot open STRUCT.fdf                                                  
FDF: Cannot open BASIS.fdf                                                   
FDF: Cannot open STRUCT.fdf                                                  
FDF: Cannot open BASIS.fdf                                                   
FDF: Cannot open STRUCT.fdf                                                  
FDF: Cannot open BASIS.fdf                                                   
No species found!!!
ERROR STOP from Node:    0
application called MPI_Abort(MPI_COMM_WORLD, 1) - process 0
cp: cannot stat `/scratch/works/jhiskard/siesta_0406_134540/*.xyz': No such file or directory
cp: cannot stat `/scratch/works/jhiskard/siesta_0406_134540/*.EIG': No such file or directory
cp: cannot stat `/scratch/works/jhiskard/siesta_0406_134540/*.DM': No such file or directory
cp: cannot stat `/scratch/works/jhiskard/siesta_0406_134540/*.DOS': No such file or directory
cp: cannot stat `/scratch/works/jhiskard/siesta_0406_134540/*.PDOS': No such file or directory
cp: cannot stat `/scratch/works/jhiskard/siesta_0406_134540/*.LDOS': No such file or directory
cp: cannot stat `/scratch/works/jhiskard/siesta_0406_134540/*.XV': No such file or directory
cp: cannot stat `/scratch/works/jhiskard/siesta_0406_134540/*.RHO': No such file or directory
cp: cannot stat `/scratch/works/jhiskard/siesta_0406_134540/*.VH': No such file or directory
cp: cannot stat `/scratch/works/jhiskard/siesta_0406_134540/*.bands': No such file or directory
cp: cannot stat `/scratch/works/jhiskard/siesta_0406_134540/*.WFSX': No such file or directory
cp: cannot stat `/scratch/works/jhiskard/siesta_0406_134540/*.HSX': No such file or directory
cp: cannot stat `/scratch/works/jhiskard/siesta_0406_134540/*.TSHS': No such file or directory
cp: cannot stat `/scratch/works/jhiskard/siesta_0406_134540/*.AVTRANS': No such file or directory
cp: cannot stat `/scratch/works/jhiskard/siesta_0406_134540/*.ANI': No such file or directory
