mkdir: cannot create directory `/scratch/works/class': Permission denied
cp: target `/scratch/works/class/siesta_0423_205235/' is not a directory
cp: target `/scratch/works/class/siesta_0423_205235/' is not a directory
cp: cannot stat `/home/class/GB/160413_graphene_6X6_doping/N/24/N_doped_24_h/*.DM': No such file or directory
/PBS/mom_priv/jobs/99025.master.hpc.SC: line 74: cd: /scratch/works/class/siesta_0423_205235: No such file or directory
cp: cannot stat `/scratch/works/class/siesta_0423_205235/stdout.txt': No such file or directory
cp: cannot stat `/scratch/works/class/siesta_0423_205235/*.xyz': No such file or directory
cp: cannot stat `/scratch/works/class/siesta_0423_205235/*.EIG': No such file or directory
cp: cannot stat `/scratch/works/class/siesta_0423_205235/*.DM': No such file or directory
cp: cannot stat `/scratch/works/class/siesta_0423_205235/*.DOS': No such file or directory
cp: cannot stat `/scratch/works/class/siesta_0423_205235/*.PDOS': No such file or directory
cp: cannot stat `/scratch/works/class/siesta_0423_205235/*.LDOS': No such file or directory
cp: cannot stat `/scratch/works/class/siesta_0423_205235/*.XV': No such file or directory
cp: cannot stat `/scratch/works/class/siesta_0423_205235/*.RHO': No such file or directory
cp: cannot stat `/scratch/works/class/siesta_0423_205235/*.VH': No such file or directory
cp: cannot stat `/scratch/works/class/siesta_0423_205235/*.bands': No such file or directory
cp: cannot stat `/scratch/works/class/siesta_0423_205235/*.WFSX': No such file or directory
cp: cannot stat `/scratch/works/class/siesta_0423_205235/*.HSX': No such file or directory
cp: cannot stat `/scratch/works/class/siesta_0423_205235/*.TSHS': No such file or directory
cp: cannot stat `/scratch/works/class/siesta_0423_205235/*.AVTRANS': No such file or directory
cp: cannot stat `/scratch/works/class/siesta_0423_205235/*.ANI': No such file or directory
