mkdir: cannot create directory `/scratch/works/class': Permission denied
cp: target `/scratch/works/class/siesta_0424_032621/' is not a directory
cp: target `/scratch/works/class/siesta_0424_032621/' is not a directory
cp: cannot stat `/home/class/GB/160413_graphene_6X6_doping/B/23/B_doped_23_e/*.DM': No such file or directory
/PBS/mom_priv/jobs/99084.master.hpc.SC: line 74: cd: /scratch/works/class/siesta_0424_032621: No such file or directory
cp: cannot stat `/scratch/works/class/siesta_0424_032621/stdout.txt': No such file or directory
cp: cannot stat `/scratch/works/class/siesta_0424_032621/*.xyz': No such file or directory
cp: cannot stat `/scratch/works/class/siesta_0424_032621/*.EIG': No such file or directory
cp: cannot stat `/scratch/works/class/siesta_0424_032621/*.DM': No such file or directory
cp: cannot stat `/scratch/works/class/siesta_0424_032621/*.DOS': No such file or directory
cp: cannot stat `/scratch/works/class/siesta_0424_032621/*.PDOS': No such file or directory
cp: cannot stat `/scratch/works/class/siesta_0424_032621/*.LDOS': No such file or directory
cp: cannot stat `/scratch/works/class/siesta_0424_032621/*.XV': No such file or directory
cp: cannot stat `/scratch/works/class/siesta_0424_032621/*.RHO': No such file or directory
cp: cannot stat `/scratch/works/class/siesta_0424_032621/*.VH': No such file or directory
cp: cannot stat `/scratch/works/class/siesta_0424_032621/*.bands': No such file or directory
cp: cannot stat `/scratch/works/class/siesta_0424_032621/*.WFSX': No such file or directory
cp: cannot stat `/scratch/works/class/siesta_0424_032621/*.HSX': No such file or directory
cp: cannot stat `/scratch/works/class/siesta_0424_032621/*.TSHS': No such file or directory
cp: cannot stat `/scratch/works/class/siesta_0424_032621/*.AVTRANS': No such file or directory
cp: cannot stat `/scratch/works/class/siesta_0424_032621/*.ANI': No such file or directory
