mkdir: cannot create directory `/scratch/works/class': Permission denied
cp: target `/scratch/works/class/siesta_0428_233012/' is not a directory
cp: target `/scratch/works/class/siesta_0428_233012/' is not a directory
cp: cannot stat `/home/class/GB/160413_graphene_6X6_doping/N/20/N_doped_20_w/*.DM': No such file or directory
/PBS/mom_priv/jobs/99920.master.hpc.SC: line 74: cd: /scratch/works/class/siesta_0428_233012: No such file or directory
xb052.hpc.22198PSM Could not find an InfiniPath Unit on device /dev/ipath (30s elapsed) (err=21)
xb052.hpc.22199PSM Could not find an InfiniPath Unit on device /dev/ipath (30s elapsed) (err=21)
xb052.hpc.22203PSM Could not find an InfiniPath Unit on device /dev/ipath (30s elapsed) (err=21)
xb052.hpc.22204PSM Could not find an InfiniPath Unit on device /dev/ipath (30s elapsed) (err=21)
xb052.hpc.22197PSM Could not find an InfiniPath Unit on device /dev/ipath (30s elapsed) (err=21)
xb052.hpc.22200PSM Could not find an InfiniPath Unit on device /dev/ipath (30s elapsed) (err=21)xb052.hpc.22202PSM Could not find an InfiniPath Unit on device /dev/ipath (30s elapsed) (err=21)

xb052.hpc.22201PSM Could not find an InfiniPath Unit on device /dev/ipath (30s elapsed) (err=21)
[1] MPI startup(): tmi fabric is not available and fallback fabric is not enabled
[2] MPI startup(): tmi fabric is not available and fallback fabric is not enabled
[3] MPI startup(): tmi fabric is not available and fallback fabric is not enabled
[6] MPI startup(): tmi fabric is not available and fallback fabric is not enabled
[7] MPI startup(): tmi fabric is not available and fallback fabric is not enabled
[proxy:0:0@xb052.hpc] HYDT_dmxu_poll_wait_for_event (./tools/demux/demux_poll.c:70): assert (!(pollfds[i].revents & ~POLLIN & ~POLLOUT & ~POLLHUP)) failed
[proxy:0:0@xb052.hpc] main (./pm/pmiserv/pmip.c:387): demux engine error waiting for event
[mpiexec@xb052.hpc] HYDT_bscu_wait_for_completion (./tools/bootstrap/utils/bscu_wait.c:101): one of the processes terminated badly; aborting
[mpiexec@xb052.hpc] HYDT_bsci_wait_for_completion (./tools/bootstrap/src/bsci_wait.c:18): bootstrap device returned error waiting for completion
[mpiexec@xb052.hpc] HYD_pmci_wait_for_completion (./pm/pmiserv/pmiserv_pmci.c:521): bootstrap server returned error waiting for completion
[mpiexec@xb052.hpc] main (./ui/mpich/mpiexec.c:548): process manager error waiting for completion
cp: cannot stat `/scratch/works/class/siesta_0428_233012/stdout.txt': No such file or directory
cp: cannot stat `/scratch/works/class/siesta_0428_233012/*.xyz': No such file or directory
cp: cannot stat `/scratch/works/class/siesta_0428_233012/*.EIG': No such file or directory
cp: cannot stat `/scratch/works/class/siesta_0428_233012/*.DM': No such file or directory
cp: cannot stat `/scratch/works/class/siesta_0428_233012/*.DOS': No such file or directory
cp: cannot stat `/scratch/works/class/siesta_0428_233012/*.PDOS': No such file or directory
cp: cannot stat `/scratch/works/class/siesta_0428_233012/*.LDOS': No such file or directory
cp: cannot stat `/scratch/works/class/siesta_0428_233012/*.XV': No such file or directory
cp: cannot stat `/scratch/works/class/siesta_0428_233012/*.RHO': No such file or directory
cp: cannot stat `/scratch/works/class/siesta_0428_233012/*.VH': No such file or directory
cp: cannot stat `/scratch/works/class/siesta_0428_233012/*.bands': No such file or directory
cp: cannot stat `/scratch/works/class/siesta_0428_233012/*.WFSX': No such file or directory
cp: cannot stat `/scratch/works/class/siesta_0428_233012/*.HSX': No such file or directory
cp: cannot stat `/scratch/works/class/siesta_0428_233012/*.TSHS': No such file or directory
cp: cannot stat `/scratch/works/class/siesta_0428_233012/*.AVTRANS': No such file or directory
cp: cannot stat `/scratch/works/class/siesta_0428_233012/*.ANI': No such file or directory
